04/21/2021 02:43:12 - WARNING - __main__ -   Process rank: -1, device: cuda:0, n_gpu: 2distributed training: False, 16-bits training: False
04/21/2021 02:43:12 - INFO - __main__ -   Training/evaluation parameters TrainingArguments(output_dir=/scratch/as11919/Domain-Adaptation/models/movieR_15April2021_on_squadv1, overwrite_output_dir=True, do_train=True, do_eval=True, do_predict=False, evaluation_strategy=IntervalStrategy.STEPS, prediction_loss_only=False, per_device_train_batch_size=32, per_device_eval_batch_size=20, gradient_accumulation_steps=1, eval_accumulation_steps=None, learning_rate=5e-05, weight_decay=0.0, adam_beta1=0.9, adam_beta2=0.999, adam_epsilon=1e-08, max_grad_norm=1.0, num_train_epochs=10.0, max_steps=-1, lr_scheduler_type=SchedulerType.LINEAR, warmup_ratio=0.0, warmup_steps=0, logging_dir=runs/Apr21_02-43-11_gr049.nyu.cluster, logging_strategy=IntervalStrategy.STEPS, logging_first_step=True, logging_steps=500, save_strategy=IntervalStrategy.STEPS, save_steps=7500, save_total_limit=None, no_cuda=False, seed=42, fp16=False, fp16_opt_level=O1, fp16_backend=auto, fp16_full_eval=False, local_rank=-1, tpu_num_cores=None, tpu_metrics_debug=False, debug=False, dataloader_drop_last=False, eval_steps=7500, dataloader_num_workers=0, past_index=-1, run_name=MovieR-15Apr21, disable_tqdm=False, remove_unused_columns=True, label_names=None, load_best_model_at_end=False, metric_for_best_model=None, greater_is_better=None, ignore_data_skip=False, sharded_ddp=[], deepspeed=None, label_smoothing_factor=0.0, adafactor=False, group_by_length=False, length_column_name=length, report_to=['tensorboard', 'wandb'], ddp_find_unused_parameters=None, dataloader_pin_memory=True, skip_memory_metrics=False, _n_gpu=2, mp_parameters=)
huggingface/tokenizers: The current process just got forked, after parallelism has already been used. Disabling parallelism to avoid deadlocks...
To disable this warning, you can either:
	- Avoid using `tokenizers` before the fork if possible
	- Explicitly set the environment variable TOKENIZERS_PARALLELISM=(true | false)
huggingface/tokenizers: The current process just got forked, after parallelism has already been used. Disabling parallelism to avoid deadlocks...
To disable this warning, you can either:
	- Avoid using `tokenizers` before the fork if possible
	- Explicitly set the environment variable TOKENIZERS_PARALLELISM=(true | false)
huggingface/tokenizers: The current process just got forked, after parallelism has already been used. Disabling parallelism to avoid deadlocks...
To disable this warning, you can either:
	- Avoid using `tokenizers` before the fork if possible
	- Explicitly set the environment variable TOKENIZERS_PARALLELISM=(true | false)
huggingface/tokenizers: The current process just got forked, after parallelism has already been used. Disabling parallelism to avoid deadlocks...
To disable this warning, you can either:
	- Avoid using `tokenizers` before the fork if possible
	- Explicitly set the environment variable TOKENIZERS_PARALLELISM=(true | false)
huggingface/tokenizers: The current process just got forked, after parallelism has already been used. Disabling parallelism to avoid deadlocks...
To disable this warning, you can either:
	- Avoid using `tokenizers` before the fork if possible
	- Explicitly set the environment variable TOKENIZERS_PARALLELISM=(true | false)
Problem at: /ext3/miniconda3/lib/python3.8/site-packages/transformers/integrations.py 603 setup
