04/26/2021 01:01:23 - WARNING - __main__ -   Process rank: -1, device: cuda:0, n_gpu: 2distributed training: False, 16-bits training: False
04/26/2021 01:01:23 - INFO - __main__ -   Training/evaluation parameters TrainingArguments(output_dir=/scratch/as11919/Domain-Adaptation/models/roberta_NER_squad, overwrite_output_dir=True, do_train=True, do_eval=True, do_predict=False, evaluation_strategy=IntervalStrategy.STEPS, prediction_loss_only=False, per_device_train_batch_size=32, per_device_eval_batch_size=20, gradient_accumulation_steps=1, eval_accumulation_steps=None, learning_rate=5e-05, weight_decay=0.0, adam_beta1=0.9, adam_beta2=0.999, adam_epsilon=1e-08, max_grad_norm=1.0, num_train_epochs=10.0, max_steps=-1, lr_scheduler_type=SchedulerType.LINEAR, warmup_ratio=0.0, warmup_steps=0, logging_dir=runs/Apr26_01-01-23_gr002.nyu.cluster, logging_strategy=IntervalStrategy.STEPS, logging_first_step=True, logging_steps=500, save_strategy=IntervalStrategy.STEPS, save_steps=7500, save_total_limit=None, no_cuda=False, seed=42, fp16=False, fp16_opt_level=O1, fp16_backend=auto, fp16_full_eval=False, local_rank=-1, tpu_num_cores=None, tpu_metrics_debug=False, debug=False, dataloader_drop_last=False, eval_steps=500, dataloader_num_workers=0, past_index=-1, run_name=Roberta, disable_tqdm=False, remove_unused_columns=True, label_names=None, load_best_model_at_end=False, metric_for_best_model=None, greater_is_better=None, ignore_data_skip=False, sharded_ddp=[], deepspeed=None, label_smoothing_factor=0.0, adafactor=False, group_by_length=False, length_column_name=length, report_to=['tensorboard', 'wandb'], ddp_find_unused_parameters=None, dataloader_pin_memory=True, skip_memory_metrics=False, _n_gpu=2, mp_parameters=)
huggingface/tokenizers: The current process just got forked, after parallelism has already been used. Disabling parallelism to avoid deadlocks...
To disable this warning, you can either:
	- Avoid using `tokenizers` before the fork if possible
	- Explicitly set the environment variable TOKENIZERS_PARALLELISM=(true | false)
huggingface/tokenizers: The current process just got forked, after parallelism has already been used. Disabling parallelism to avoid deadlocks...
To disable this warning, you can either:
	- Avoid using `tokenizers` before the fork if possible
	- Explicitly set the environment variable TOKENIZERS_PARALLELISM=(true | false)
huggingface/tokenizers: The current process just got forked, after parallelism has already been used. Disabling parallelism to avoid deadlocks...
To disable this warning, you can either:
	- Avoid using `tokenizers` before the fork if possible
	- Explicitly set the environment variable TOKENIZERS_PARALLELISM=(true | false)
huggingface/tokenizers: The current process just got forked, after parallelism has already been used. Disabling parallelism to avoid deadlocks...
To disable this warning, you can either:
	- Avoid using `tokenizers` before the fork if possible
	- Explicitly set the environment variable TOKENIZERS_PARALLELISM=(true | false)
huggingface/tokenizers: The current process just got forked, after parallelism has already been used. Disabling parallelism to avoid deadlocks...
To disable this warning, you can either:
	- Avoid using `tokenizers` before the fork if possible
	- Explicitly set the environment variable TOKENIZERS_PARALLELISM=(true | false)
{'loss': 5.9871, 'learning_rate': 4.9996387283236995e-05, 'epoch': 0.0}
{'loss': 1.3952, 'learning_rate': 4.8193641618497106e-05, 'epoch': 0.36}

04/26/2021 01:22:19 - INFO - utils_qa -   Post-processing 10570 example predictions split into 10790 features.
04/26/2021 01:22:38 - INFO - utils_qa -   Saving predictions to /scratch/as11919/Domain-Adaptation/models/roberta_NER_squad/eval_predictions.json.
04/26/2021 01:22:38 - INFO - utils_qa -   Saving nbest_preds to /scratch/as11919/Domain-Adaptation/models/roberta_NER_squad/eval_nbest_predictions.json.
{'exact_match': 81.22989593188268, 'f1': 88.9713378536882, 'epoch': 0.36}
{'loss': 0.9957, 'learning_rate': 4.6387283236994224e-05, 'epoch': 0.72}
04/26/2021 01:42:45 - INFO - utils_qa -   Post-processing 10570 example predictions split into 10790 features.
04/26/2021 01:43:04 - INFO - utils_qa -   Saving predictions to /scratch/as11919/Domain-Adaptation/models/roberta_NER_squad/eval_predictions.json.
04/26/2021 01:43:04 - INFO - utils_qa -   Saving nbest_preds to /scratch/as11919/Domain-Adaptation/models/roberta_NER_squad/eval_nbest_predictions.json.
{'exact_match': 83.1693472090823, 'f1': 89.90775601474597, 'epoch': 0.72}
{'loss': 0.8862, 'learning_rate': 4.458092485549133e-05, 'epoch': 1.08}
04/26/2021 02:03:11 - INFO - utils_qa -   Post-processing 10570 example predictions split into 10790 features.
04/26/2021 02:03:30 - INFO - utils_qa -   Saving predictions to /scratch/as11919/Domain-Adaptation/models/roberta_NER_squad/eval_predictions.json.
04/26/2021 02:03:30 - INFO - utils_qa -   Saving nbest_preds to /scratch/as11919/Domain-Adaptation/models/roberta_NER_squad/eval_nbest_predictions.json.
{'exact_match': 84.48438978240303, 'f1': 90.93529043844545, 'epoch': 1.08}
{'loss': 0.7314, 'learning_rate': 4.2774566473988445e-05, 'epoch': 1.45}
04/26/2021 02:23:36 - INFO - utils_qa -   Post-processing 10570 example predictions split into 10790 features.
04/26/2021 02:23:55 - INFO - utils_qa -   Saving predictions to /scratch/as11919/Domain-Adaptation/models/roberta_NER_squad/eval_predictions.json.
04/26/2021 02:23:55 - INFO - utils_qa -   Saving nbest_preds to /scratch/as11919/Domain-Adaptation/models/roberta_NER_squad/eval_nbest_predictions.json.
{'exact_match': 84.19110690633869, 'f1': 90.81264904762862, 'epoch': 1.45}
{'loss': 0.7285, 'learning_rate': 4.096820809248555e-05, 'epoch': 1.81}
04/26/2021 02:44:01 - INFO - utils_qa -   Post-processing 10570 example predictions split into 10790 features.
04/26/2021 02:44:20 - INFO - utils_qa -   Saving predictions to /scratch/as11919/Domain-Adaptation/models/roberta_NER_squad/eval_predictions.json.
04/26/2021 02:44:20 - INFO - utils_qa -   Saving nbest_preds to /scratch/as11919/Domain-Adaptation/models/roberta_NER_squad/eval_nbest_predictions.json.
{'exact_match': 84.25733207190162, 'f1': 90.96497746318956, 'epoch': 1.81}
{'loss': 0.6331, 'learning_rate': 3.916184971098266e-05, 'epoch': 2.17}
04/26/2021 03:04:26 - INFO - utils_qa -   Post-processing 10570 example predictions split into 10790 features.
04/26/2021 03:04:46 - INFO - utils_qa -   Saving predictions to /scratch/as11919/Domain-Adaptation/models/roberta_NER_squad/eval_predictions.json.
04/26/2021 03:04:46 - INFO - utils_qa -   Saving nbest_preds to /scratch/as11919/Domain-Adaptation/models/roberta_NER_squad/eval_nbest_predictions.json.
{'exact_match': 84.8155156102176, 'f1': 91.17146372282396, 'epoch': 2.17}
{'loss': 0.5569, 'learning_rate': 3.735549132947977e-05, 'epoch': 2.53}
04/26/2021 03:24:52 - INFO - utils_qa -   Post-processing 10570 example predictions split into 10790 features.
04/26/2021 03:25:12 - INFO - utils_qa -   Saving predictions to /scratch/as11919/Domain-Adaptation/models/roberta_NER_squad/eval_predictions.json.
04/26/2021 03:25:12 - INFO - utils_qa -   Saving nbest_preds to /scratch/as11919/Domain-Adaptation/models/roberta_NER_squad/eval_nbest_predictions.json.
{'exact_match': 84.3519394512772, 'f1': 90.96760743624782, 'epoch': 2.53}
{'loss': 0.5547, 'learning_rate': 3.554913294797688e-05, 'epoch': 2.89}
04/26/2021 03:45:18 - INFO - utils_qa -   Post-processing 10570 example predictions split into 10790 features.
04/26/2021 03:45:37 - INFO - utils_qa -   Saving predictions to /scratch/as11919/Domain-Adaptation/models/roberta_NER_squad/eval_predictions.json.
04/26/2021 03:45:37 - INFO - utils_qa -   Saving nbest_preds to /scratch/as11919/Domain-Adaptation/models/roberta_NER_squad/eval_nbest_predictions.json.
{'exact_match': 84.47492904446547, 'f1': 91.0786140122661, 'epoch': 2.89}
{'loss': 0.4623, 'learning_rate': 3.374277456647399e-05, 'epoch': 3.25}
04/26/2021 04:05:43 - INFO - utils_qa -   Post-processing 10570 example predictions split into 10790 features.
04/26/2021 04:06:02 - INFO - utils_qa -   Saving predictions to /scratch/as11919/Domain-Adaptation/models/roberta_NER_squad/eval_predictions.json.
04/26/2021 04:06:02 - INFO - utils_qa -   Saving nbest_preds to /scratch/as11919/Domain-Adaptation/models/roberta_NER_squad/eval_nbest_predictions.json.
{'exact_match': 84.5600756859035, 'f1': 91.15490350928569, 'epoch': 3.25}
{'loss': 0.4329, 'learning_rate': 3.19364161849711e-05, 'epoch': 3.61}
04/26/2021 04:26:08 - INFO - utils_qa -   Post-processing 10570 example predictions split into 10790 features.
04/26/2021 04:26:27 - INFO - utils_qa -   Saving predictions to /scratch/as11919/Domain-Adaptation/models/roberta_NER_squad/eval_predictions.json.
04/26/2021 04:26:27 - INFO - utils_qa -   Saving nbest_preds to /scratch/as11919/Domain-Adaptation/models/roberta_NER_squad/eval_nbest_predictions.json.
{'exact_match': 84.1438032166509, 'f1': 90.79442798721527, 'epoch': 3.61}
{'loss': 0.4382, 'learning_rate': 3.013005780346821e-05, 'epoch': 3.97}
04/26/2021 04:46:33 - INFO - utils_qa -   Post-processing 10570 example predictions split into 10790 features.
04/26/2021 04:46:53 - INFO - utils_qa -   Saving predictions to /scratch/as11919/Domain-Adaptation/models/roberta_NER_squad/eval_predictions.json.
04/26/2021 04:46:53 - INFO - utils_qa -   Saving nbest_preds to /scratch/as11919/Domain-Adaptation/models/roberta_NER_squad/eval_nbest_predictions.json.
{'exact_match': 84.24787133396404, 'f1': 90.78655512104302, 'epoch': 3.97}
{'loss': 0.331, 'learning_rate': 2.832369942196532e-05, 'epoch': 4.34}
04/26/2021 05:06:59 - INFO - utils_qa -   Post-processing 10570 example predictions split into 10790 features.
04/26/2021 05:07:18 - INFO - utils_qa -   Saving predictions to /scratch/as11919/Domain-Adaptation/models/roberta_NER_squad/eval_predictions.json.
04/26/2021 05:07:18 - INFO - utils_qa -   Saving nbest_preds to /scratch/as11919/Domain-Adaptation/models/roberta_NER_squad/eval_nbest_predictions.json.
{'exact_match': 84.32355723746453, 'f1': 91.09464815694618, 'epoch': 4.34}
{'loss': 0.3411, 'learning_rate': 2.651734104046243e-05, 'epoch': 4.7}
04/26/2021 05:27:24 - INFO - utils_qa -   Post-processing 10570 example predictions split into 10790 features.
04/26/2021 05:27:43 - INFO - utils_qa -   Saving predictions to /scratch/as11919/Domain-Adaptation/models/roberta_NER_squad/eval_predictions.json.
04/26/2021 05:27:43 - INFO - utils_qa -   Saving nbest_preds to /scratch/as11919/Domain-Adaptation/models/roberta_NER_squad/eval_nbest_predictions.json.
{'exact_match': 83.96404919583728, 'f1': 91.14641107521253, 'epoch': 4.7}
{'loss': 0.3236, 'learning_rate': 2.471098265895954e-05, 'epoch': 5.06}
04/26/2021 05:47:49 - INFO - utils_qa -   Post-processing 10570 example predictions split into 10790 features.
04/26/2021 05:48:08 - INFO - utils_qa -   Saving predictions to /scratch/as11919/Domain-Adaptation/models/roberta_NER_squad/eval_predictions.json.
04/26/2021 05:48:08 - INFO - utils_qa -   Saving nbest_preds to /scratch/as11919/Domain-Adaptation/models/roberta_NER_squad/eval_nbest_predictions.json.
{'exact_match': 83.6329233680227, 'f1': 90.89482160194305, 'epoch': 5.06}
{'loss': 0.2518, 'learning_rate': 2.290462427745665e-05, 'epoch': 5.42}
04/26/2021 06:08:14 - INFO - utils_qa -   Post-processing 10570 example predictions split into 10790 features.
04/26/2021 06:08:33 - INFO - utils_qa -   Saving predictions to /scratch/as11919/Domain-Adaptation/models/roberta_NER_squad/eval_predictions.json.
04/26/2021 06:08:33 - INFO - utils_qa -   Saving nbest_preds to /scratch/as11919/Domain-Adaptation/models/roberta_NER_squad/eval_nbest_predictions.json.
{'exact_match': 83.89782403027436, 'f1': 90.90122004192747, 'epoch': 5.42}
{'loss': 0.2562, 'learning_rate': 2.1098265895953757e-05, 'epoch': 5.78}
04/26/2021 06:28:43 - INFO - utils_qa -   Post-processing 10570 example predictions split into 10790 features.
04/26/2021 06:29:02 - INFO - utils_qa -   Saving predictions to /scratch/as11919/Domain-Adaptation/models/roberta_NER_squad/eval_predictions.json.
04/26/2021 06:29:02 - INFO - utils_qa -   Saving nbest_preds to /scratch/as11919/Domain-Adaptation/models/roberta_NER_squad/eval_nbest_predictions.json.
{'exact_match': 83.99243140964995, 'f1': 90.98837847783481, 'epoch': 5.78}
{'loss': 0.2329, 'learning_rate': 1.9291907514450868e-05, 'epoch': 6.14}
04/26/2021 06:49:08 - INFO - utils_qa -   Post-processing 10570 example predictions split into 10790 features.
04/26/2021 06:49:27 - INFO - utils_qa -   Saving predictions to /scratch/as11919/Domain-Adaptation/models/roberta_NER_squad/eval_predictions.json.
04/26/2021 06:49:27 - INFO - utils_qa -   Saving nbest_preds to /scratch/as11919/Domain-Adaptation/models/roberta_NER_squad/eval_nbest_predictions.json.
{'exact_match': 83.62346263008514, 'f1': 90.89491939261984, 'epoch': 6.14}
{'loss': 0.1921, 'learning_rate': 1.748554913294798e-05, 'epoch': 6.5}
04/26/2021 07:09:33 - INFO - utils_qa -   Post-processing 10570 example predictions split into 10790 features.
04/26/2021 07:09:52 - INFO - utils_qa -   Saving predictions to /scratch/as11919/Domain-Adaptation/models/roberta_NER_squad/eval_predictions.json.
04/26/2021 07:09:52 - INFO - utils_qa -   Saving nbest_preds to /scratch/as11919/Domain-Adaptation/models/roberta_NER_squad/eval_nbest_predictions.json.
{'exact_match': 83.61400189214758, 'f1': 90.80373385957125, 'epoch': 6.5}
{'loss': 0.1952, 'learning_rate': 1.567919075144509e-05, 'epoch': 6.86}
04/26/2021 07:29:58 - INFO - utils_qa -   Post-processing 10570 example predictions split into 10790 features.
04/26/2021 07:30:17 - INFO - utils_qa -   Saving predictions to /scratch/as11919/Domain-Adaptation/models/roberta_NER_squad/eval_predictions.json.
04/26/2021 07:30:18 - INFO - utils_qa -   Saving nbest_preds to /scratch/as11919/Domain-Adaptation/models/roberta_NER_squad/eval_nbest_predictions.json.
{'exact_match': 83.61400189214758, 'f1': 90.91565539118805, 'epoch': 6.86}
{'loss': 0.1641, 'learning_rate': 1.3872832369942197e-05, 'epoch': 7.23}
04/26/2021 07:50:24 - INFO - utils_qa -   Post-processing 10570 example predictions split into 10790 features.
04/26/2021 07:50:43 - INFO - utils_qa -   Saving predictions to /scratch/as11919/Domain-Adaptation/models/roberta_NER_squad/eval_predictions.json.
04/26/2021 07:50:43 - INFO - utils_qa -   Saving nbest_preds to /scratch/as11919/Domain-Adaptation/models/roberta_NER_squad/eval_nbest_predictions.json.
{'exact_match': 83.64238410596026, 'f1': 91.0016372852515, 'epoch': 7.23}
{'loss': 0.1431, 'learning_rate': 1.2066473988439307e-05, 'epoch': 7.59}
04/26/2021 08:10:49 - INFO - utils_qa -   Post-processing 10570 example predictions split into 10790 features.
04/26/2021 08:11:08 - INFO - utils_qa -   Saving predictions to /scratch/as11919/Domain-Adaptation/models/roberta_NER_squad/eval_predictions.json.
04/26/2021 08:11:08 - INFO - utils_qa -   Saving nbest_preds to /scratch/as11919/Domain-Adaptation/models/roberta_NER_squad/eval_nbest_predictions.json.
{'exact_match': 83.61400189214758, 'f1': 90.93444448098485, 'epoch': 7.59}
{'loss': 0.1492, 'learning_rate': 1.0260115606936416e-05, 'epoch': 7.95}
04/26/2021 08:31:15 - INFO - utils_qa -   Post-processing 10570 example predictions split into 10790 features.
04/26/2021 08:31:33 - INFO - utils_qa -   Saving predictions to /scratch/as11919/Domain-Adaptation/models/roberta_NER_squad/eval_predictions.json.
04/26/2021 08:31:34 - INFO - utils_qa -   Saving nbest_preds to /scratch/as11919/Domain-Adaptation/models/roberta_NER_squad/eval_nbest_predictions.json.
{'exact_match': 83.81267738883633, 'f1': 90.93019863346531, 'epoch': 7.95}
{'loss': 0.1164, 'learning_rate': 8.453757225433527e-06, 'epoch': 8.31}
04/26/2021 08:51:40 - INFO - utils_qa -   Post-processing 10570 example predictions split into 10790 features.
04/26/2021 08:51:59 - INFO - utils_qa -   Saving predictions to /scratch/as11919/Domain-Adaptation/models/roberta_NER_squad/eval_predictions.json.
04/26/2021 08:51:59 - INFO - utils_qa -   Saving nbest_preds to /scratch/as11919/Domain-Adaptation/models/roberta_NER_squad/eval_nbest_predictions.json.
{'exact_match': 83.57615894039735, 'f1': 90.95121230469437, 'epoch': 8.31}
{'loss': 0.113, 'learning_rate': 6.647398843930635e-06, 'epoch': 8.67}
04/26/2021 09:12:05 - INFO - utils_qa -   Post-processing 10570 example predictions split into 10790 features.
04/26/2021 09:12:24 - INFO - utils_qa -   Saving predictions to /scratch/as11919/Domain-Adaptation/models/roberta_NER_squad/eval_predictions.json.
04/26/2021 09:12:24 - INFO - utils_qa -   Saving nbest_preds to /scratch/as11919/Domain-Adaptation/models/roberta_NER_squad/eval_nbest_predictions.json.
{'exact_match': 83.46263008514664, 'f1': 90.85453849607666, 'epoch': 8.67}
{'loss': 0.1088, 'learning_rate': 4.841040462427745e-06, 'epoch': 9.03}
04/26/2021 09:32:30 - INFO - utils_qa -   Post-processing 10570 example predictions split into 10790 features.
04/26/2021 09:32:49 - INFO - utils_qa -   Saving predictions to /scratch/as11919/Domain-Adaptation/models/roberta_NER_squad/eval_predictions.json.
04/26/2021 09:32:49 - INFO - utils_qa -   Saving nbest_preds to /scratch/as11919/Domain-Adaptation/models/roberta_NER_squad/eval_nbest_predictions.json.
{'exact_match': 83.60454115421003, 'f1': 90.99709168434644, 'epoch': 9.03}
{'loss': 0.0844, 'learning_rate': 3.0346820809248555e-06, 'epoch': 9.39}
04/26/2021 09:52:56 - INFO - utils_qa -   Post-processing 10570 example predictions split into 10790 features.
04/26/2021 09:53:14 - INFO - utils_qa -   Saving predictions to /scratch/as11919/Domain-Adaptation/models/roberta_NER_squad/eval_predictions.json.
04/26/2021 09:53:14 - INFO - utils_qa -   Saving nbest_preds to /scratch/as11919/Domain-Adaptation/models/roberta_NER_squad/eval_nbest_predictions.json.
{'exact_match': 83.81267738883633, 'f1': 91.1489579890137, 'epoch': 9.39}
{'loss': 0.0848, 'learning_rate': 1.2283236994219654e-06, 'epoch': 9.75}
04/26/2021 10:13:21 - INFO - utils_qa -   Post-processing 10570 example predictions split into 10790 features.
04/26/2021 10:13:40 - INFO - utils_qa -   Saving predictions to /scratch/as11919/Domain-Adaptation/models/roberta_NER_squad/eval_predictions.json.
04/26/2021 10:13:40 - INFO - utils_qa -   Saving nbest_preds to /scratch/as11919/Domain-Adaptation/models/roberta_NER_squad/eval_nbest_predictions.json.
{'exact_match': 83.58561967833491, 'f1': 91.02626509530074, 'epoch': 9.75}
{'train_runtime': 33769.2368, 'train_samples_per_second': 0.41, 'epoch': 10.0}
04/26/2021 10:25:02 - INFO - __main__ -   *** Evaluate ***
04/26/2021 10:28:30 - INFO - utils_qa -   Post-processing 10570 example predictions split into 10790 features.
04/26/2021 10:28:47 - INFO - utils_qa -   Saving predictions to /scratch/as11919/Domain-Adaptation/models/roberta_NER_squad/eval_predictions.json.
04/26/2021 10:28:47 - INFO - utils_qa -   Saving nbest_preds to /scratch/as11919/Domain-Adaptation/models/roberta_NER_squad/eval_nbest_predictions.json.

