04/26/2021 04:49:26 - WARNING - __main__ -   Process rank: -1, device: cuda:0, n_gpu: 2distributed training: False, 16-bits training: False
04/26/2021 04:49:26 - INFO - __main__ -   Training/evaluation parameters TrainingArguments(output_dir=/scratch/as11919/Domain-Adaptation/models/movieR_NER_squad, overwrite_output_dir=True, do_train=True, do_eval=True, do_predict=False, evaluation_strategy=IntervalStrategy.STEPS, prediction_loss_only=False, per_device_train_batch_size=32, per_device_eval_batch_size=20, gradient_accumulation_steps=1, eval_accumulation_steps=None, learning_rate=5e-05, weight_decay=0.0, adam_beta1=0.9, adam_beta2=0.999, adam_epsilon=1e-08, max_grad_norm=1.0, num_train_epochs=10.0, max_steps=-1, lr_scheduler_type=SchedulerType.LINEAR, warmup_ratio=0.0, warmup_steps=0, logging_dir=runs/Apr26_04-49-26_gr035.nyu.cluster, logging_strategy=IntervalStrategy.STEPS, logging_first_step=True, logging_steps=500, save_strategy=IntervalStrategy.STEPS, save_steps=7500, save_total_limit=None, no_cuda=False, seed=42, fp16=False, fp16_opt_level=O1, fp16_backend=auto, fp16_full_eval=False, local_rank=-1, tpu_num_cores=None, tpu_metrics_debug=False, debug=False, dataloader_drop_last=False, eval_steps=500, dataloader_num_workers=0, past_index=-1, run_name=MovieR, disable_tqdm=False, remove_unused_columns=True, label_names=None, load_best_model_at_end=False, metric_for_best_model=None, greater_is_better=None, ignore_data_skip=False, sharded_ddp=[], deepspeed=None, label_smoothing_factor=0.0, adafactor=False, group_by_length=False, length_column_name=length, report_to=['tensorboard', 'wandb'], ddp_find_unused_parameters=None, dataloader_pin_memory=True, skip_memory_metrics=False, _n_gpu=2, mp_parameters=)
huggingface/tokenizers: The current process just got forked, after parallelism has already been used. Disabling parallelism to avoid deadlocks...
To disable this warning, you can either:
	- Avoid using `tokenizers` before the fork if possible
	- Explicitly set the environment variable TOKENIZERS_PARALLELISM=(true | false)
huggingface/tokenizers: The current process just got forked, after parallelism has already been used. Disabling parallelism to avoid deadlocks...
To disable this warning, you can either:
	- Avoid using `tokenizers` before the fork if possible
	- Explicitly set the environment variable TOKENIZERS_PARALLELISM=(true | false)
huggingface/tokenizers: The current process just got forked, after parallelism has already been used. Disabling parallelism to avoid deadlocks...
To disable this warning, you can either:
	- Avoid using `tokenizers` before the fork if possible
	- Explicitly set the environment variable TOKENIZERS_PARALLELISM=(true | false)
huggingface/tokenizers: The current process just got forked, after parallelism has already been used. Disabling parallelism to avoid deadlocks...
To disable this warning, you can either:
	- Avoid using `tokenizers` before the fork if possible
	- Explicitly set the environment variable TOKENIZERS_PARALLELISM=(true | false)
huggingface/tokenizers: The current process just got forked, after parallelism has already been used. Disabling parallelism to avoid deadlocks...
To disable this warning, you can either:
	- Avoid using `tokenizers` before the fork if possible
	- Explicitly set the environment variable TOKENIZERS_PARALLELISM=(true | false)
{'loss': 6.0296, 'learning_rate': 4.9996387283236995e-05, 'epoch': 0.0}
{'loss': 1.6865, 'learning_rate': 4.8193641618497106e-05, 'epoch': 0.36}

04/26/2021 05:00:20 - INFO - utils_qa -   Post-processing 10570 example predictions split into 10790 features.
04/26/2021 05:00:40 - INFO - utils_qa -   Saving predictions to /scratch/as11919/Domain-Adaptation/models/movieR_NER_squad/eval_predictions.json.
04/26/2021 05:00:40 - INFO - utils_qa -   Saving nbest_preds to /scratch/as11919/Domain-Adaptation/models/movieR_NER_squad/eval_nbest_predictions.json.
{'exact_match': 77.66319772942289, 'f1': 85.94811947581233, 'epoch': 0.36}
{'loss': 1.1354, 'learning_rate': 4.6387283236994224e-05, 'epoch': 0.72}
04/26/2021 05:10:47 - INFO - utils_qa -   Post-processing 10570 example predictions split into 10790 features.
04/26/2021 05:11:08 - INFO - utils_qa -   Saving predictions to /scratch/as11919/Domain-Adaptation/models/movieR_NER_squad/eval_predictions.json.
04/26/2021 05:11:08 - INFO - utils_qa -   Saving nbest_preds to /scratch/as11919/Domain-Adaptation/models/movieR_NER_squad/eval_nbest_predictions.json.
{'exact_match': 79.77294228949859, 'f1': 87.40497131716322, 'epoch': 0.72}
{'loss': 1.0068, 'learning_rate': 4.458092485549133e-05, 'epoch': 1.08}
04/26/2021 05:21:17 - INFO - utils_qa -   Post-processing 10570 example predictions split into 10790 features.
04/26/2021 05:21:37 - INFO - utils_qa -   Saving predictions to /scratch/as11919/Domain-Adaptation/models/movieR_NER_squad/eval_predictions.json.
04/26/2021 05:21:37 - INFO - utils_qa -   Saving nbest_preds to /scratch/as11919/Domain-Adaptation/models/movieR_NER_squad/eval_nbest_predictions.json.
{'exact_match': 81.72185430463576, 'f1': 88.81178462472035, 'epoch': 1.08}
{'loss': 0.8267, 'learning_rate': 4.2774566473988445e-05, 'epoch': 1.45}
04/26/2021 05:31:41 - INFO - utils_qa -   Post-processing 10570 example predictions split into 10790 features.
04/26/2021 05:32:01 - INFO - utils_qa -   Saving predictions to /scratch/as11919/Domain-Adaptation/models/movieR_NER_squad/eval_predictions.json.
04/26/2021 05:32:01 - INFO - utils_qa -   Saving nbest_preds to /scratch/as11919/Domain-Adaptation/models/movieR_NER_squad/eval_nbest_predictions.json.
{'exact_match': 81.78807947019868, 'f1': 88.877487675366, 'epoch': 1.45}
{'loss': 0.8095, 'learning_rate': 4.096820809248555e-05, 'epoch': 1.81}
04/26/2021 05:42:05 - INFO - utils_qa -   Post-processing 10570 example predictions split into 10790 features.
04/26/2021 05:42:25 - INFO - utils_qa -   Saving predictions to /scratch/as11919/Domain-Adaptation/models/movieR_NER_squad/eval_predictions.json.
04/26/2021 05:42:25 - INFO - utils_qa -   Saving nbest_preds to /scratch/as11919/Domain-Adaptation/models/movieR_NER_squad/eval_nbest_predictions.json.
{'exact_match': 82.15704824976348, 'f1': 89.38338560931882, 'epoch': 1.81}
{'loss': 0.7011, 'learning_rate': 3.916184971098266e-05, 'epoch': 2.17}
04/26/2021 05:52:29 - INFO - utils_qa -   Post-processing 10570 example predictions split into 10790 features.
04/26/2021 05:52:49 - INFO - utils_qa -   Saving predictions to /scratch/as11919/Domain-Adaptation/models/movieR_NER_squad/eval_predictions.json.
04/26/2021 05:52:49 - INFO - utils_qa -   Saving nbest_preds to /scratch/as11919/Domain-Adaptation/models/movieR_NER_squad/eval_nbest_predictions.json.
{'exact_match': 82.65846736045411, 'f1': 89.56881493676555, 'epoch': 2.17}
{'loss': 0.602, 'learning_rate': 3.735549132947977e-05, 'epoch': 2.53}
04/26/2021 06:02:53 - INFO - utils_qa -   Post-processing 10570 example predictions split into 10790 features.
04/26/2021 06:03:13 - INFO - utils_qa -   Saving predictions to /scratch/as11919/Domain-Adaptation/models/movieR_NER_squad/eval_predictions.json.
04/26/2021 06:03:13 - INFO - utils_qa -   Saving nbest_preds to /scratch/as11919/Domain-Adaptation/models/movieR_NER_squad/eval_nbest_predictions.json.
{'exact_match': 82.53547776726585, 'f1': 89.45585867341093, 'epoch': 2.53}
{'loss': 0.609, 'learning_rate': 3.554913294797688e-05, 'epoch': 2.89}
04/26/2021 06:13:17 - INFO - utils_qa -   Post-processing 10570 example predictions split into 10790 features.
04/26/2021 06:13:37 - INFO - utils_qa -   Saving predictions to /scratch/as11919/Domain-Adaptation/models/movieR_NER_squad/eval_predictions.json.
04/26/2021 06:13:37 - INFO - utils_qa -   Saving nbest_preds to /scratch/as11919/Domain-Adaptation/models/movieR_NER_squad/eval_nbest_predictions.json.
{'exact_match': 82.11920529801324, 'f1': 89.40628295485291, 'epoch': 2.89}
{'loss': 0.508, 'learning_rate': 3.374277456647399e-05, 'epoch': 3.25}
04/26/2021 06:23:41 - INFO - utils_qa -   Post-processing 10570 example predictions split into 10790 features.
04/26/2021 06:24:01 - INFO - utils_qa -   Saving predictions to /scratch/as11919/Domain-Adaptation/models/movieR_NER_squad/eval_predictions.json.
04/26/2021 06:24:01 - INFO - utils_qa -   Saving nbest_preds to /scratch/as11919/Domain-Adaptation/models/movieR_NER_squad/eval_nbest_predictions.json.
{'exact_match': 82.1286660359508, 'f1': 89.51509965746058, 'epoch': 3.25}
{'loss': 0.4697, 'learning_rate': 3.19364161849711e-05, 'epoch': 3.61}
04/26/2021 06:34:05 - INFO - utils_qa -   Post-processing 10570 example predictions split into 10790 features.
04/26/2021 06:34:25 - INFO - utils_qa -   Saving predictions to /scratch/as11919/Domain-Adaptation/models/movieR_NER_squad/eval_predictions.json.
04/26/2021 06:34:25 - INFO - utils_qa -   Saving nbest_preds to /scratch/as11919/Domain-Adaptation/models/movieR_NER_squad/eval_nbest_predictions.json.
{'exact_match': 82.92336802270577, 'f1': 89.96679709062798, 'epoch': 3.61}
{'loss': 0.4753, 'learning_rate': 3.013005780346821e-05, 'epoch': 3.97}
04/26/2021 06:44:29 - INFO - utils_qa -   Post-processing 10570 example predictions split into 10790 features.
04/26/2021 06:44:49 - INFO - utils_qa -   Saving predictions to /scratch/as11919/Domain-Adaptation/models/movieR_NER_squad/eval_predictions.json.
04/26/2021 06:44:49 - INFO - utils_qa -   Saving nbest_preds to /scratch/as11919/Domain-Adaptation/models/movieR_NER_squad/eval_nbest_predictions.json.
{'exact_match': 82.53547776726585, 'f1': 89.51273024646507, 'epoch': 3.97}
{'loss': 0.3612, 'learning_rate': 2.832369942196532e-05, 'epoch': 4.34}
04/26/2021 06:54:53 - INFO - utils_qa -   Post-processing 10570 example predictions split into 10790 features.
04/26/2021 06:55:13 - INFO - utils_qa -   Saving predictions to /scratch/as11919/Domain-Adaptation/models/movieR_NER_squad/eval_predictions.json.
04/26/2021 06:55:13 - INFO - utils_qa -   Saving nbest_preds to /scratch/as11919/Domain-Adaptation/models/movieR_NER_squad/eval_nbest_predictions.json.
{'exact_match': 82.10974456007568, 'f1': 89.6167994467885, 'epoch': 4.34}
{'loss': 0.3637, 'learning_rate': 2.651734104046243e-05, 'epoch': 4.7}
04/26/2021 07:05:17 - INFO - utils_qa -   Post-processing 10570 example predictions split into 10790 features.
04/26/2021 07:05:37 - INFO - utils_qa -   Saving predictions to /scratch/as11919/Domain-Adaptation/models/movieR_NER_squad/eval_predictions.json.
04/26/2021 07:05:37 - INFO - utils_qa -   Saving nbest_preds to /scratch/as11919/Domain-Adaptation/models/movieR_NER_squad/eval_nbest_predictions.json.
{'exact_match': 82.1759697256386, 'f1': 89.58885113071833, 'epoch': 4.7}
{'loss': 0.3565, 'learning_rate': 2.471098265895954e-05, 'epoch': 5.06}
04/26/2021 07:15:41 - INFO - utils_qa -   Post-processing 10570 example predictions split into 10790 features.
04/26/2021 07:16:01 - INFO - utils_qa -   Saving predictions to /scratch/as11919/Domain-Adaptation/models/movieR_NER_squad/eval_predictions.json.
04/26/2021 07:16:01 - INFO - utils_qa -   Saving nbest_preds to /scratch/as11919/Domain-Adaptation/models/movieR_NER_squad/eval_nbest_predictions.json.
{'exact_match': 81.40018921475875, 'f1': 89.07885250541536, 'epoch': 5.06}
{'loss': 0.2831, 'learning_rate': 2.290462427745665e-05, 'epoch': 5.42}
04/26/2021 07:26:05 - INFO - utils_qa -   Post-processing 10570 example predictions split into 10790 features.
04/26/2021 07:26:25 - INFO - utils_qa -   Saving predictions to /scratch/as11919/Domain-Adaptation/models/movieR_NER_squad/eval_predictions.json.
04/26/2021 07:26:25 - INFO - utils_qa -   Saving nbest_preds to /scratch/as11919/Domain-Adaptation/models/movieR_NER_squad/eval_nbest_predictions.json.
{'exact_match': 81.70293282876064, 'f1': 89.24710579272364, 'epoch': 5.42}
{'loss': 0.284, 'learning_rate': 2.1098265895953757e-05, 'epoch': 5.78}
04/26/2021 07:36:32 - INFO - utils_qa -   Post-processing 10570 example predictions split into 10790 features.
04/26/2021 07:36:52 - INFO - utils_qa -   Saving predictions to /scratch/as11919/Domain-Adaptation/models/movieR_NER_squad/eval_predictions.json.
04/26/2021 07:36:52 - INFO - utils_qa -   Saving nbest_preds to /scratch/as11919/Domain-Adaptation/models/movieR_NER_squad/eval_nbest_predictions.json.
{'exact_match': 81.99621570482498, 'f1': 89.58883284819736, 'epoch': 5.78}
{'loss': 0.2587, 'learning_rate': 1.9291907514450868e-05, 'epoch': 6.14}
04/26/2021 07:46:56 - INFO - utils_qa -   Post-processing 10570 example predictions split into 10790 features.
04/26/2021 07:47:16 - INFO - utils_qa -   Saving predictions to /scratch/as11919/Domain-Adaptation/models/movieR_NER_squad/eval_predictions.json.
04/26/2021 07:47:16 - INFO - utils_qa -   Saving nbest_preds to /scratch/as11919/Domain-Adaptation/models/movieR_NER_squad/eval_nbest_predictions.json.
{'exact_match': 81.63670766319773, 'f1': 89.29296371865851, 'epoch': 6.14}
{'loss': 0.2143, 'learning_rate': 1.748554913294798e-05, 'epoch': 6.5}
04/26/2021 07:57:19 - INFO - utils_qa -   Post-processing 10570 example predictions split into 10790 features.
04/26/2021 07:57:40 - INFO - utils_qa -   Saving predictions to /scratch/as11919/Domain-Adaptation/models/movieR_NER_squad/eval_predictions.json.
04/26/2021 07:57:40 - INFO - utils_qa -   Saving nbest_preds to /scratch/as11919/Domain-Adaptation/models/movieR_NER_squad/eval_nbest_predictions.json.
{'exact_match': 81.40018921475875, 'f1': 89.17266769403834, 'epoch': 6.5}
{'loss': 0.2202, 'learning_rate': 1.567919075144509e-05, 'epoch': 6.86}
04/26/2021 08:07:43 - INFO - utils_qa -   Post-processing 10570 example predictions split into 10790 features.
04/26/2021 08:08:04 - INFO - utils_qa -   Saving predictions to /scratch/as11919/Domain-Adaptation/models/movieR_NER_squad/eval_predictions.json.
04/26/2021 08:08:04 - INFO - utils_qa -   Saving nbest_preds to /scratch/as11919/Domain-Adaptation/models/movieR_NER_squad/eval_nbest_predictions.json.
{'exact_match': 81.68401135288552, 'f1': 89.39304604436253, 'epoch': 6.86}
{'loss': 0.1865, 'learning_rate': 1.3872832369942197e-05, 'epoch': 7.23}
04/26/2021 08:18:07 - INFO - utils_qa -   Post-processing 10570 example predictions split into 10790 features.
04/26/2021 08:18:27 - INFO - utils_qa -   Saving predictions to /scratch/as11919/Domain-Adaptation/models/movieR_NER_squad/eval_predictions.json.
04/26/2021 08:18:27 - INFO - utils_qa -   Saving nbest_preds to /scratch/as11919/Domain-Adaptation/models/movieR_NER_squad/eval_nbest_predictions.json.
{'exact_match': 81.69347209082308, 'f1': 89.32273470822166, 'epoch': 7.23}
{'loss': 0.1687, 'learning_rate': 1.2066473988439307e-05, 'epoch': 7.59}
04/26/2021 08:28:31 - INFO - utils_qa -   Post-processing 10570 example predictions split into 10790 features.
04/26/2021 08:28:51 - INFO - utils_qa -   Saving predictions to /scratch/as11919/Domain-Adaptation/models/movieR_NER_squad/eval_predictions.json.
04/26/2021 08:28:51 - INFO - utils_qa -   Saving nbest_preds to /scratch/as11919/Domain-Adaptation/models/movieR_NER_squad/eval_nbest_predictions.json.
{'exact_match': 81.73131504257331, 'f1': 89.51090018535075, 'epoch': 7.59}
{'loss': 0.1743, 'learning_rate': 1.0260115606936416e-05, 'epoch': 7.95}
04/26/2021 08:38:55 - INFO - utils_qa -   Post-processing 10570 example predictions split into 10790 features.
04/26/2021 08:39:15 - INFO - utils_qa -   Saving predictions to /scratch/as11919/Domain-Adaptation/models/movieR_NER_squad/eval_predictions.json.
04/26/2021 08:39:15 - INFO - utils_qa -   Saving nbest_preds to /scratch/as11919/Domain-Adaptation/models/movieR_NER_squad/eval_nbest_predictions.json.
{'exact_match': 81.67455061494796, 'f1': 89.36111466062141, 'epoch': 7.95}
{'loss': 0.1349, 'learning_rate': 8.453757225433527e-06, 'epoch': 8.31}
04/26/2021 08:49:19 - INFO - utils_qa -   Post-processing 10570 example predictions split into 10790 features.
04/26/2021 08:49:39 - INFO - utils_qa -   Saving predictions to /scratch/as11919/Domain-Adaptation/models/movieR_NER_squad/eval_predictions.json.
04/26/2021 08:49:39 - INFO - utils_qa -   Saving nbest_preds to /scratch/as11919/Domain-Adaptation/models/movieR_NER_squad/eval_nbest_predictions.json.
{'exact_match': 81.63670766319773, 'f1': 89.38043309911964, 'epoch': 8.31}
{'loss': 0.1352, 'learning_rate': 6.647398843930635e-06, 'epoch': 8.67}
04/26/2021 08:59:43 - INFO - utils_qa -   Post-processing 10570 example predictions split into 10790 features.
04/26/2021 09:00:03 - INFO - utils_qa -   Saving predictions to /scratch/as11919/Domain-Adaptation/models/movieR_NER_squad/eval_predictions.json.
04/26/2021 09:00:04 - INFO - utils_qa -   Saving nbest_preds to /scratch/as11919/Domain-Adaptation/models/movieR_NER_squad/eval_nbest_predictions.json.
{'exact_match': 81.64616840113528, 'f1': 89.29324072897495, 'epoch': 8.67}
{'loss': 0.1284, 'learning_rate': 4.841040462427745e-06, 'epoch': 9.03}
04/26/2021 09:10:07 - INFO - utils_qa -   Post-processing 10570 example predictions split into 10790 features.
04/26/2021 09:10:27 - INFO - utils_qa -   Saving predictions to /scratch/as11919/Domain-Adaptation/models/movieR_NER_squad/eval_predictions.json.
04/26/2021 09:10:27 - INFO - utils_qa -   Saving nbest_preds to /scratch/as11919/Domain-Adaptation/models/movieR_NER_squad/eval_nbest_predictions.json.
{'exact_match': 81.44749290444655, 'f1': 89.23949643138172, 'epoch': 9.03}
{'loss': 0.1076, 'learning_rate': 3.0346820809248555e-06, 'epoch': 9.39}
04/26/2021 09:20:31 - INFO - utils_qa -   Post-processing 10570 example predictions split into 10790 features.
04/26/2021 09:20:51 - INFO - utils_qa -   Saving predictions to /scratch/as11919/Domain-Adaptation/models/movieR_NER_squad/eval_predictions.json.
04/26/2021 09:20:51 - INFO - utils_qa -   Saving nbest_preds to /scratch/as11919/Domain-Adaptation/models/movieR_NER_squad/eval_nbest_predictions.json.
{'exact_match': 81.73131504257331, 'f1': 89.44775574844178, 'epoch': 9.39}
{'loss': 0.111, 'learning_rate': 1.2283236994219654e-06, 'epoch': 9.75}
04/26/2021 09:30:55 - INFO - utils_qa -   Post-processing 10570 example predictions split into 10790 features.
04/26/2021 09:31:15 - INFO - utils_qa -   Saving predictions to /scratch/as11919/Domain-Adaptation/models/movieR_NER_squad/eval_predictions.json.
04/26/2021 09:31:15 - INFO - utils_qa -   Saving nbest_preds to /scratch/as11919/Domain-Adaptation/models/movieR_NER_squad/eval_nbest_predictions.json.
{'exact_match': 81.64616840113528, 'f1': 89.44854110442994, 'epoch': 9.75}
{'train_runtime': 17218.989, 'train_samples_per_second': 0.804, 'epoch': 10.0}
04/26/2021 09:37:16 - INFO - __main__ -   *** Evaluate ***
04/26/2021 09:38:34 - INFO - utils_qa -   Post-processing 10570 example predictions split into 10790 features.
04/26/2021 09:38:53 - INFO - utils_qa -   Saving predictions to /scratch/as11919/Domain-Adaptation/models/movieR_NER_squad/eval_predictions.json.
04/26/2021 09:38:53 - INFO - utils_qa -   Saving nbest_preds to /scratch/as11919/Domain-Adaptation/models/movieR_NER_squad/eval_nbest_predictions.json.

