03/31/2021 09:36:23 - WARNING - __main__ -   Process rank: -1, device: cuda:0, n_gpu: 2distributed training: False, 16-bits training: False
03/31/2021 09:36:23 - INFO - __main__ -   Training/evaluation parameters TrainingArguments(output_dir=/scratch/as11919/Domain-Adaptation/movie_roberta/roberta_DAPT_movies_model, overwrite_output_dir=True, do_train=True, do_eval=None, do_predict=False, evaluation_strategy=IntervalStrategy.NO, prediction_loss_only=False, per_device_train_batch_size=8, per_device_eval_batch_size=8, gradient_accumulation_steps=1, eval_accumulation_steps=None, learning_rate=5e-05, weight_decay=0.0, adam_beta1=0.9, adam_beta2=0.999, adam_epsilon=1e-08, max_grad_norm=1.0, num_train_epochs=3.0, max_steps=-1, lr_scheduler_type=SchedulerType.LINEAR, warmup_ratio=0.0, warmup_steps=0, logging_dir=runs/Mar31_09-36-23_gr026.nyu.cluster, logging_strategy=IntervalStrategy.STEPS, logging_first_step=False, logging_steps=500, save_strategy=IntervalStrategy.STEPS, save_steps=500, save_total_limit=None, no_cuda=False, seed=42, fp16=False, fp16_opt_level=O1, fp16_backend=auto, fp16_full_eval=False, local_rank=-1, tpu_num_cores=None, tpu_metrics_debug=False, debug=False, dataloader_drop_last=False, eval_steps=500, dataloader_num_workers=0, past_index=-1, run_name=/scratch/as11919/Domain-Adaptation/movie_roberta/roberta_DAPT_movies_model, disable_tqdm=False, remove_unused_columns=True, label_names=None, load_best_model_at_end=False, metric_for_best_model=None, greater_is_better=None, ignore_data_skip=False, sharded_ddp=[], deepspeed=None, label_smoothing_factor=0.0, adafactor=False, group_by_length=False, report_to=['tensorboard', 'wandb'], ddp_find_unused_parameters=None, dataloader_pin_memory=True, skip_memory_metrics=False, _n_gpu=2)
huggingface/tokenizers: The current process just got forked, after parallelism has already been used. Disabling parallelism to avoid deadlocks...
To disable this warning, you can either:
	- Avoid using `tokenizers` before the fork if possible
	- Explicitly set the environment variable TOKENIZERS_PARALLELISM=(true | false)
huggingface/tokenizers: The current process just got forked, after parallelism has already been used. Disabling parallelism to avoid deadlocks...
To disable this warning, you can either:
	- Avoid using `tokenizers` before the fork if possible
	- Explicitly set the environment variable TOKENIZERS_PARALLELISM=(true | false)
huggingface/tokenizers: The current process just got forked, after parallelism has already been used. Disabling parallelism to avoid deadlocks...
To disable this warning, you can either:
	- Avoid using `tokenizers` before the fork if possible
	- Explicitly set the environment variable TOKENIZERS_PARALLELISM=(true | false)
huggingface/tokenizers: The current process just got forked, after parallelism has already been used. Disabling parallelism to avoid deadlocks...
To disable this warning, you can either:
	- Avoid using `tokenizers` before the fork if possible
	- Explicitly set the environment variable TOKENIZERS_PARALLELISM=(true | false)
huggingface/tokenizers: The current process just got forked, after parallelism has already been used. Disabling parallelism to avoid deadlocks...
To disable this warning, you can either:
	- Avoid using `tokenizers` before the fork if possible
	- Explicitly set the environment variable TOKENIZERS_PARALLELISM=(true | false)
{'loss': 2.5372, 'learning_rate': 4.99443029739984e-05, 'epoch': 0.0}
{'loss': 2.4967, 'learning_rate': 4.9888605947996804e-05, 'epoch': 0.01}
{'loss': 2.4687, 'learning_rate': 4.9832908921995204e-05, 'epoch': 0.01}
{'loss': 2.4799, 'learning_rate': 4.9777211895993605e-05, 'epoch': 0.01}
{'loss': 2.4066, 'learning_rate': 4.9721514869992006e-05, 'epoch': 0.02}
{'loss': 2.4484, 'learning_rate': 4.9665817843990406e-05, 'epoch': 0.02}
{'loss': 2.444, 'learning_rate': 4.96101208179888e-05, 'epoch': 0.02}
{'loss': 2.4344, 'learning_rate': 4.95544237919872e-05, 'epoch': 0.03}
{'loss': 2.4191, 'learning_rate': 4.94987267659856e-05, 'epoch': 0.03}
{'loss': 2.3595, 'learning_rate': 4.9443029739984e-05, 'epoch': 0.03}
{'loss': 2.4159, 'learning_rate': 4.93873327139824e-05, 'epoch': 0.04}
{'loss': 2.4234, 'learning_rate': 4.933163568798081e-05, 'epoch': 0.04}
{'loss': 2.4196, 'learning_rate': 4.927593866197921e-05, 'epoch': 0.04}
{'loss': 2.419, 'learning_rate': 4.922024163597761e-05, 'epoch': 0.05}
{'loss': 2.4387, 'learning_rate': 4.916454460997601e-05, 'epoch': 0.05}
{'loss': 2.4041, 'learning_rate': 4.910884758397441e-05, 'epoch': 0.05}
{'loss': 2.3646, 'learning_rate': 4.905315055797281e-05, 'epoch': 0.06}
{'loss': 2.374, 'learning_rate': 4.899745353197121e-05, 'epoch': 0.06}
{'loss': 2.3952, 'learning_rate': 4.894175650596961e-05, 'epoch': 0.06}
{'loss': 2.3705, 'learning_rate': 4.888605947996801e-05, 'epoch': 0.07}
{'loss': 2.4006, 'learning_rate': 4.883036245396641e-05, 'epoch': 0.07}
{'loss': 2.3352, 'learning_rate': 4.877466542796481e-05, 'epoch': 0.07}
{'loss': 2.346, 'learning_rate': 4.871896840196321e-05, 'epoch': 0.08}
{'loss': 2.3856, 'learning_rate': 4.866327137596161e-05, 'epoch': 0.08}
{'loss': 2.3289, 'learning_rate': 4.860757434996001e-05, 'epoch': 0.08}
{'loss': 2.364, 'learning_rate': 4.855187732395841e-05, 'epoch': 0.09}
{'loss': 2.3239, 'learning_rate': 4.849618029795681e-05, 'epoch': 0.09}
{'loss': 2.3676, 'learning_rate': 4.844048327195521e-05, 'epoch': 0.09}
{'loss': 2.3958, 'learning_rate': 4.8384786245953614e-05, 'epoch': 0.1}
{'loss': 2.2986, 'learning_rate': 4.8329089219952014e-05, 'epoch': 0.1}
{'loss': 2.3205, 'learning_rate': 4.8273392193950415e-05, 'epoch': 0.1}
{'loss': 2.3495, 'learning_rate': 4.821769516794881e-05, 'epoch': 0.11}
{'loss': 2.3815, 'learning_rate': 4.816199814194721e-05, 'epoch': 0.11}
{'loss': 2.3655, 'learning_rate': 4.810630111594562e-05, 'epoch': 0.11}
{'loss': 2.3434, 'learning_rate': 4.805060408994402e-05, 'epoch': 0.12}
{'loss': 2.3723, 'learning_rate': 4.799490706394242e-05, 'epoch': 0.12}
{'loss': 2.3547, 'learning_rate': 4.793921003794082e-05, 'epoch': 0.12}
{'loss': 2.3308, 'learning_rate': 4.788351301193922e-05, 'epoch': 0.13}
{'loss': 2.3341, 'learning_rate': 4.782781598593762e-05, 'epoch': 0.13}
{'loss': 2.2949, 'learning_rate': 4.777211895993602e-05, 'epoch': 0.13}
{'loss': 2.3723, 'learning_rate': 4.771642193393442e-05, 'epoch': 0.14}
{'loss': 2.2996, 'learning_rate': 4.766072490793282e-05, 'epoch': 0.14}
{'loss': 2.336, 'learning_rate': 4.7605027881931216e-05, 'epoch': 0.14}
{'loss': 2.3163, 'learning_rate': 4.7549330855929617e-05, 'epoch': 0.15}
{'loss': 2.3043, 'learning_rate': 4.749363382992802e-05, 'epoch': 0.15}
{'loss': 2.3478, 'learning_rate': 4.743793680392642e-05, 'epoch': 0.15}
{'loss': 2.3572, 'learning_rate': 4.738223977792482e-05, 'epoch': 0.16}
{'loss': 2.3286, 'learning_rate': 4.732654275192322e-05, 'epoch': 0.16}
{'loss': 2.3899, 'learning_rate': 4.727084572592162e-05, 'epoch': 0.16}
{'loss': 2.3182, 'learning_rate': 4.721514869992002e-05, 'epoch': 0.17}
{'loss': 2.2932, 'learning_rate': 4.715945167391842e-05, 'epoch': 0.17}
{'loss': 2.3041, 'learning_rate': 4.710375464791682e-05, 'epoch': 0.17}
{'loss': 2.345, 'learning_rate': 4.704805762191522e-05, 'epoch': 0.18}
{'loss': 2.3678, 'learning_rate': 4.699236059591362e-05, 'epoch': 0.18}
{'loss': 2.2914, 'learning_rate': 4.6936663569912023e-05, 'epoch': 0.18}
{'loss': 2.3007, 'learning_rate': 4.6880966543910424e-05, 'epoch': 0.19}
{'loss': 2.3438, 'learning_rate': 4.6825269517908825e-05, 'epoch': 0.19}
{'loss': 2.3376, 'learning_rate': 4.6769572491907225e-05, 'epoch': 0.19}
{'loss': 2.304, 'learning_rate': 4.6713875465905626e-05, 'epoch': 0.2}
{'loss': 2.2584, 'learning_rate': 4.6658178439904027e-05, 'epoch': 0.2}
{'loss': 2.3249, 'learning_rate': 4.660248141390243e-05, 'epoch': 0.2}
{'loss': 2.3358, 'learning_rate': 4.654678438790083e-05, 'epoch': 0.21}
{'loss': 2.3586, 'learning_rate': 4.649108736189923e-05, 'epoch': 0.21}
{'loss': 2.3118, 'learning_rate': 4.643539033589763e-05, 'epoch': 0.21}
{'loss': 2.2958, 'learning_rate': 4.637969330989603e-05, 'epoch': 0.22}
{'loss': 2.3457, 'learning_rate': 4.632399628389443e-05, 'epoch': 0.22}
{'loss': 2.3274, 'learning_rate': 4.626829925789283e-05, 'epoch': 0.22}
{'loss': 2.2762, 'learning_rate': 4.6212602231891225e-05, 'epoch': 0.23}
{'loss': 2.2948, 'learning_rate': 4.6156905205889625e-05, 'epoch': 0.23}
{'loss': 2.2874, 'learning_rate': 4.6101208179888026e-05, 'epoch': 0.23}
{'loss': 2.2729, 'learning_rate': 4.604551115388643e-05, 'epoch': 0.24}
{'loss': 2.2358, 'learning_rate': 4.598981412788483e-05, 'epoch': 0.24}
{'loss': 2.3143, 'learning_rate': 4.593411710188323e-05, 'epoch': 0.24}
{'loss': 2.295, 'learning_rate': 4.587842007588163e-05, 'epoch': 0.25}
{'loss': 2.3132, 'learning_rate': 4.582272304988003e-05, 'epoch': 0.25}
{'loss': 2.2538, 'learning_rate': 4.576702602387843e-05, 'epoch': 0.25}
{'loss': 2.2864, 'learning_rate': 4.571132899787683e-05, 'epoch': 0.26}
{'loss': 2.2771, 'learning_rate': 4.565563197187524e-05, 'epoch': 0.26}
{'loss': 2.2807, 'learning_rate': 4.559993494587363e-05, 'epoch': 0.26}
{'loss': 2.301, 'learning_rate': 4.554423791987203e-05, 'epoch': 0.27}
{'loss': 2.3128, 'learning_rate': 4.548854089387043e-05, 'epoch': 0.27}
{'loss': 2.3095, 'learning_rate': 4.5432843867868834e-05, 'epoch': 0.27}
{'loss': 2.3199, 'learning_rate': 4.5377146841867234e-05, 'epoch': 0.28}
{'loss': 2.283, 'learning_rate': 4.5321449815865635e-05, 'epoch': 0.28}
{'loss': 2.3658, 'learning_rate': 4.5265752789864036e-05, 'epoch': 0.28}
{'loss': 2.3122, 'learning_rate': 4.5210055763862436e-05, 'epoch': 0.29}
{'loss': 2.302, 'learning_rate': 4.515435873786084e-05, 'epoch': 0.29}
{'loss': 2.3024, 'learning_rate': 4.509866171185924e-05, 'epoch': 0.29}
{'loss': 2.2873, 'learning_rate': 4.504296468585764e-05, 'epoch': 0.3}
{'loss': 2.2587, 'learning_rate': 4.498726765985604e-05, 'epoch': 0.3}
{'loss': 2.3158, 'learning_rate': 4.493157063385444e-05, 'epoch': 0.3}
{'loss': 2.2619, 'learning_rate': 4.487587360785283e-05, 'epoch': 0.31}
{'loss': 2.2585, 'learning_rate': 4.4820176581851234e-05, 'epoch': 0.31}
{'loss': 2.3213, 'learning_rate': 4.4764479555849634e-05, 'epoch': 0.31}
{'loss': 2.2316, 'learning_rate': 4.4708782529848035e-05, 'epoch': 0.32}
{'loss': 2.2658, 'learning_rate': 4.4653085503846436e-05, 'epoch': 0.32}
{'loss': 2.3013, 'learning_rate': 4.4597388477844836e-05, 'epoch': 0.32}
{'loss': 2.2447, 'learning_rate': 4.454169145184324e-05, 'epoch': 0.33}
{'loss': 2.2783, 'learning_rate': 4.448599442584164e-05, 'epoch': 0.33}
{'loss': 2.2617, 'learning_rate': 4.4430297399840045e-05, 'epoch': 0.33}
{'loss': 2.3021, 'learning_rate': 4.4374600373838446e-05, 'epoch': 0.34}
{'loss': 2.2744, 'learning_rate': 4.4318903347836846e-05, 'epoch': 0.34}
{'loss': 2.2746, 'learning_rate': 4.426320632183524e-05, 'epoch': 0.34}
{'loss': 2.2857, 'learning_rate': 4.420750929583364e-05, 'epoch': 0.35}
{'loss': 2.2826, 'learning_rate': 4.415181226983204e-05, 'epoch': 0.35}
{'loss': 2.3171, 'learning_rate': 4.409611524383044e-05, 'epoch': 0.35}
{'loss': 2.2397, 'learning_rate': 4.404041821782884e-05, 'epoch': 0.36}
{'loss': 2.2734, 'learning_rate': 4.398472119182724e-05, 'epoch': 0.36}
{'loss': 2.2517, 'learning_rate': 4.3929024165825644e-05, 'epoch': 0.36}
{'loss': 2.3023, 'learning_rate': 4.3873327139824044e-05, 'epoch': 0.37}
{'loss': 2.2805, 'learning_rate': 4.3817630113822445e-05, 'epoch': 0.37}
{'loss': 2.3324, 'learning_rate': 4.3761933087820846e-05, 'epoch': 0.37}
{'loss': 2.2673, 'learning_rate': 4.3706236061819246e-05, 'epoch': 0.38}
{'loss': 2.2936, 'learning_rate': 4.365053903581765e-05, 'epoch': 0.38}
{'loss': 2.2993, 'learning_rate': 4.359484200981605e-05, 'epoch': 0.38}
{'loss': 2.2831, 'learning_rate': 4.353914498381445e-05, 'epoch': 0.39}
{'loss': 2.2704, 'learning_rate': 4.348344795781284e-05, 'epoch': 0.39}
{'loss': 2.2803, 'learning_rate': 4.342775093181124e-05, 'epoch': 0.39}
{'loss': 2.2801, 'learning_rate': 4.337205390580964e-05, 'epoch': 0.4}
{'loss': 2.2676, 'learning_rate': 4.3316356879808044e-05, 'epoch': 0.4}
{'loss': 2.27, 'learning_rate': 4.3260659853806445e-05, 'epoch': 0.4}
{'loss': 2.2884, 'learning_rate': 4.320496282780485e-05, 'epoch': 0.41}
{'loss': 2.2418, 'learning_rate': 4.314926580180325e-05, 'epoch': 0.41}
{'loss': 2.2836, 'learning_rate': 4.309356877580165e-05, 'epoch': 0.41}
{'loss': 2.273, 'learning_rate': 4.3037871749800054e-05, 'epoch': 0.42}
{'loss': 2.3005, 'learning_rate': 4.2982174723798455e-05, 'epoch': 0.42}
{'loss': 2.271, 'learning_rate': 4.2926477697796855e-05, 'epoch': 0.42}
{'loss': 2.2264, 'learning_rate': 4.287078067179525e-05, 'epoch': 0.43}
{'loss': 2.2591, 'learning_rate': 4.281508364579365e-05, 'epoch': 0.43}
{'loss': 2.2218, 'learning_rate': 4.275938661979205e-05, 'epoch': 0.43}
{'loss': 2.2643, 'learning_rate': 4.270368959379045e-05, 'epoch': 0.44}
{'loss': 2.3017, 'learning_rate': 4.264799256778885e-05, 'epoch': 0.44}
{'loss': 2.2694, 'learning_rate': 4.259229554178725e-05, 'epoch': 0.44}
{'loss': 2.2426, 'learning_rate': 4.253659851578565e-05, 'epoch': 0.45}
{'loss': 2.2352, 'learning_rate': 4.2480901489784053e-05, 'epoch': 0.45}
{'loss': 2.2723, 'learning_rate': 4.2425204463782454e-05, 'epoch': 0.45}
{'loss': 2.2606, 'learning_rate': 4.2369507437780855e-05, 'epoch': 0.46}
{'loss': 2.2432, 'learning_rate': 4.2313810411779255e-05, 'epoch': 0.46}
{'loss': 2.22, 'learning_rate': 4.2258113385777656e-05, 'epoch': 0.46}
{'loss': 2.2437, 'learning_rate': 4.2202416359776057e-05, 'epoch': 0.47}
{'loss': 2.273, 'learning_rate': 4.214671933377445e-05, 'epoch': 0.47}
{'loss': 2.3145, 'learning_rate': 4.209102230777285e-05, 'epoch': 0.47}
{'loss': 2.2931, 'learning_rate': 4.203532528177125e-05, 'epoch': 0.48}
{'loss': 2.2369, 'learning_rate': 4.197962825576966e-05, 'epoch': 0.48}
{'loss': 2.2524, 'learning_rate': 4.192393122976806e-05, 'epoch': 0.48}
{'loss': 2.262, 'learning_rate': 4.186823420376646e-05, 'epoch': 0.49}
{'loss': 2.2231, 'learning_rate': 4.181253717776486e-05, 'epoch': 0.49}
{'loss': 2.2304, 'learning_rate': 4.175684015176326e-05, 'epoch': 0.49}
{'loss': 2.2701, 'learning_rate': 4.170114312576166e-05, 'epoch': 0.5}
{'loss': 2.2561, 'learning_rate': 4.164544609976006e-05, 'epoch': 0.5}
{'loss': 2.2237, 'learning_rate': 4.1589749073758463e-05, 'epoch': 0.5}
{'loss': 2.2919, 'learning_rate': 4.153405204775686e-05, 'epoch': 0.51}
{'loss': 2.2347, 'learning_rate': 4.147835502175526e-05, 'epoch': 0.51}
{'loss': 2.2137, 'learning_rate': 4.142265799575366e-05, 'epoch': 0.51}
{'loss': 2.2226, 'learning_rate': 4.136696096975206e-05, 'epoch': 0.52}
{'loss': 2.2647, 'learning_rate': 4.131126394375046e-05, 'epoch': 0.52}
{'loss': 2.2595, 'learning_rate': 4.125556691774886e-05, 'epoch': 0.52}
{'loss': 2.2202, 'learning_rate': 4.119986989174726e-05, 'epoch': 0.53}
{'loss': 2.193, 'learning_rate': 4.114417286574566e-05, 'epoch': 0.53}
{'loss': 2.2503, 'learning_rate': 4.108847583974406e-05, 'epoch': 0.53}
{'loss': 2.2151, 'learning_rate': 4.103277881374246e-05, 'epoch': 0.54}
{'loss': 2.2406, 'learning_rate': 4.0977081787740864e-05, 'epoch': 0.54}
{'loss': 2.2193, 'learning_rate': 4.0921384761739264e-05, 'epoch': 0.54}
{'loss': 2.2094, 'learning_rate': 4.0865687735737665e-05, 'epoch': 0.55}
{'loss': 2.1971, 'learning_rate': 4.0809990709736066e-05, 'epoch': 0.55}
{'loss': 2.2484, 'learning_rate': 4.0754293683734466e-05, 'epoch': 0.55}
{'loss': 2.2382, 'learning_rate': 4.069859665773287e-05, 'epoch': 0.56}
{'loss': 2.2493, 'learning_rate': 4.064289963173127e-05, 'epoch': 0.56}
{'loss': 2.1889, 'learning_rate': 4.058720260572967e-05, 'epoch': 0.56}
{'loss': 2.2009, 'learning_rate': 4.053150557972807e-05, 'epoch': 0.57}
{'loss': 2.2679, 'learning_rate': 4.047580855372647e-05, 'epoch': 0.57}
{'loss': 2.2322, 'learning_rate': 4.042011152772487e-05, 'epoch': 0.57}
{'loss': 2.2659, 'learning_rate': 4.036441450172327e-05, 'epoch': 0.58}
{'loss': 2.2464, 'learning_rate': 4.030871747572167e-05, 'epoch': 0.58}
{'loss': 2.1939, 'learning_rate': 4.025302044972007e-05, 'epoch': 0.58}
{'loss': 2.2265, 'learning_rate': 4.019732342371847e-05, 'epoch': 0.59}
{'loss': 2.2171, 'learning_rate': 4.0141626397716866e-05, 'epoch': 0.59}
{'loss': 2.2356, 'learning_rate': 4.008592937171527e-05, 'epoch': 0.59}
{'loss': 2.2234, 'learning_rate': 4.003023234571367e-05, 'epoch': 0.6}
{'loss': 2.2314, 'learning_rate': 3.997453531971207e-05, 'epoch': 0.6}
{'loss': 2.2294, 'learning_rate': 3.991883829371047e-05, 'epoch': 0.6}
{'loss': 2.2268, 'learning_rate': 3.986314126770887e-05, 'epoch': 0.61}
{'loss': 2.2285, 'learning_rate': 3.980744424170727e-05, 'epoch': 0.61}
{'loss': 2.2332, 'learning_rate': 3.975174721570567e-05, 'epoch': 0.61}
{'loss': 2.2549, 'learning_rate': 3.969605018970407e-05, 'epoch': 0.62}
{'loss': 2.2439, 'learning_rate': 3.964035316370247e-05, 'epoch': 0.62}
{'loss': 2.2669, 'learning_rate': 3.958465613770087e-05, 'epoch': 0.62}
{'loss': 2.245, 'learning_rate': 3.952895911169927e-05, 'epoch': 0.63}
{'loss': 2.2317, 'learning_rate': 3.9473262085697674e-05, 'epoch': 0.63}
{'loss': 2.2655, 'learning_rate': 3.9417565059696074e-05, 'epoch': 0.63}
{'loss': 2.205, 'learning_rate': 3.9361868033694475e-05, 'epoch': 0.64}
{'loss': 2.1803, 'learning_rate': 3.9306171007692876e-05, 'epoch': 0.64}
{'loss': 2.2728, 'learning_rate': 3.9250473981691276e-05, 'epoch': 0.64}
{'loss': 2.206, 'learning_rate': 3.919477695568968e-05, 'epoch': 0.65}
{'loss': 2.2792, 'learning_rate': 3.913907992968808e-05, 'epoch': 0.65}
{'loss': 2.2408, 'learning_rate': 3.908338290368648e-05, 'epoch': 0.65}
{'loss': 2.269, 'learning_rate': 3.902768587768488e-05, 'epoch': 0.66}
{'loss': 2.2326, 'learning_rate': 3.897198885168328e-05, 'epoch': 0.66}
{'loss': 2.2231, 'learning_rate': 3.891629182568168e-05, 'epoch': 0.67}
{'loss': 2.2319, 'learning_rate': 3.886059479968008e-05, 'epoch': 0.67}
{'loss': 2.2008, 'learning_rate': 3.880489777367848e-05, 'epoch': 0.67}
{'loss': 2.2186, 'learning_rate': 3.8749200747676875e-05, 'epoch': 0.68}
{'loss': 2.225, 'learning_rate': 3.8693503721675276e-05, 'epoch': 0.68}
{'loss': 2.2194, 'learning_rate': 3.8637806695673677e-05, 'epoch': 0.68}
{'loss': 2.3169, 'learning_rate': 3.858210966967208e-05, 'epoch': 0.69}
{'loss': 2.2513, 'learning_rate': 3.852641264367048e-05, 'epoch': 0.69}
{'loss': 2.2303, 'learning_rate': 3.847071561766888e-05, 'epoch': 0.69}
{'loss': 2.2336, 'learning_rate': 3.841501859166728e-05, 'epoch': 0.7}
{'loss': 2.2178, 'learning_rate': 3.835932156566568e-05, 'epoch': 0.7}
{'loss': 2.2022, 'learning_rate': 3.830362453966409e-05, 'epoch': 0.7}
{'loss': 2.2086, 'learning_rate': 3.824792751366249e-05, 'epoch': 0.71}
{'loss': 2.221, 'learning_rate': 3.819223048766089e-05, 'epoch': 0.71}
{'loss': 2.202, 'learning_rate': 3.813653346165928e-05, 'epoch': 0.71}
{'loss': 2.2486, 'learning_rate': 3.808083643565768e-05, 'epoch': 0.72}
{'loss': 2.2312, 'learning_rate': 3.8025139409656083e-05, 'epoch': 0.72}
{'loss': 2.1901, 'learning_rate': 3.7969442383654484e-05, 'epoch': 0.72}
{'loss': 2.2469, 'learning_rate': 3.7913745357652885e-05, 'epoch': 0.73}
{'loss': 2.2331, 'learning_rate': 3.7858048331651285e-05, 'epoch': 0.73}
{'loss': 2.2822, 'learning_rate': 3.7802351305649686e-05, 'epoch': 0.73}
{'loss': 2.1643, 'learning_rate': 3.7746654279648087e-05, 'epoch': 0.74}
{'loss': 2.1927, 'learning_rate': 3.769095725364649e-05, 'epoch': 0.74}
{'loss': 2.2167, 'learning_rate': 3.763526022764489e-05, 'epoch': 0.74}
{'loss': 2.2515, 'learning_rate': 3.757956320164329e-05, 'epoch': 0.75}
{'loss': 2.1808, 'learning_rate': 3.752386617564169e-05, 'epoch': 0.75}
{'loss': 2.2191, 'learning_rate': 3.746816914964009e-05, 'epoch': 0.75}
{'loss': 2.1779, 'learning_rate': 3.7412472123638484e-05, 'epoch': 0.76}
{'loss': 2.199, 'learning_rate': 3.7356775097636884e-05, 'epoch': 0.76}
{'loss': 2.2322, 'learning_rate': 3.7301078071635285e-05, 'epoch': 0.76}
{'loss': 2.2387, 'learning_rate': 3.7245381045633685e-05, 'epoch': 0.77}
{'loss': 2.234, 'learning_rate': 3.7189684019632086e-05, 'epoch': 0.77}
{'loss': 2.2054, 'learning_rate': 3.713398699363049e-05, 'epoch': 0.77}
{'loss': 2.2214, 'learning_rate': 3.707828996762889e-05, 'epoch': 0.78}
{'loss': 2.1917, 'learning_rate': 3.7022592941627295e-05, 'epoch': 0.78}
{'loss': 2.2208, 'learning_rate': 3.6966895915625695e-05, 'epoch': 0.78}
{'loss': 2.2467, 'learning_rate': 3.6911198889624096e-05, 'epoch': 0.79}
{'loss': 2.2576, 'learning_rate': 3.68555018636225e-05, 'epoch': 0.79}
{'loss': 2.194, 'learning_rate': 3.679980483762089e-05, 'epoch': 0.79}
{'loss': 2.2216, 'learning_rate': 3.674410781161929e-05, 'epoch': 0.8}
{'loss': 2.2193, 'learning_rate': 3.668841078561769e-05, 'epoch': 0.8}
{'loss': 2.2142, 'learning_rate': 3.663271375961609e-05, 'epoch': 0.8}
{'loss': 2.1903, 'learning_rate': 3.657701673361449e-05, 'epoch': 0.81}
{'loss': 2.145, 'learning_rate': 3.6521319707612894e-05, 'epoch': 0.81}
{'loss': 2.1844, 'learning_rate': 3.6465622681611294e-05, 'epoch': 0.81}
{'loss': 2.1961, 'learning_rate': 3.6409925655609695e-05, 'epoch': 0.82}
{'loss': 2.1973, 'learning_rate': 3.6354228629608096e-05, 'epoch': 0.82}
{'loss': 2.1622, 'learning_rate': 3.6298531603606496e-05, 'epoch': 0.82}
{'loss': 2.2105, 'learning_rate': 3.62428345776049e-05, 'epoch': 0.83}
{'loss': 2.2086, 'learning_rate': 3.61871375516033e-05, 'epoch': 0.83}
{'loss': 2.1862, 'learning_rate': 3.61314405256017e-05, 'epoch': 0.83}
{'loss': 2.2775, 'learning_rate': 3.60757434996001e-05, 'epoch': 0.84}
{'loss': 2.2041, 'learning_rate': 3.602004647359849e-05, 'epoch': 0.84}
{'loss': 2.2041, 'learning_rate': 3.596434944759689e-05, 'epoch': 0.84}
{'loss': 2.179, 'learning_rate': 3.5908652421595294e-05, 'epoch': 0.85}
{'loss': 2.2435, 'learning_rate': 3.5852955395593694e-05, 'epoch': 0.85}
{'loss': 2.2043, 'learning_rate': 3.57972583695921e-05, 'epoch': 0.85}
{'loss': 2.2407, 'learning_rate': 3.57415613435905e-05, 'epoch': 0.86}
{'loss': 2.1901, 'learning_rate': 3.56858643175889e-05, 'epoch': 0.86}
{'loss': 2.145, 'learning_rate': 3.5630167291587304e-05, 'epoch': 0.86}
{'loss': 2.1857, 'learning_rate': 3.5574470265585704e-05, 'epoch': 0.87}
{'loss': 2.1889, 'learning_rate': 3.5518773239584105e-05, 'epoch': 0.87}
{'loss': 2.2131, 'learning_rate': 3.5463076213582506e-05, 'epoch': 0.87}
{'loss': 2.203, 'learning_rate': 3.54073791875809e-05, 'epoch': 0.88}
{'loss': 2.2368, 'learning_rate': 3.53516821615793e-05, 'epoch': 0.88}
{'loss': 2.2268, 'learning_rate': 3.52959851355777e-05, 'epoch': 0.88}
{'loss': 2.1499, 'learning_rate': 3.52402881095761e-05, 'epoch': 0.89}
{'loss': 2.1883, 'learning_rate': 3.51845910835745e-05, 'epoch': 0.89}
{'loss': 2.2094, 'learning_rate': 3.51288940575729e-05, 'epoch': 0.89}
{'loss': 2.1821, 'learning_rate': 3.50731970315713e-05, 'epoch': 0.9}
{'loss': 2.2102, 'learning_rate': 3.5017500005569704e-05, 'epoch': 0.9}
{'loss': 2.1715, 'learning_rate': 3.4961802979568104e-05, 'epoch': 0.9}
{'loss': 2.1591, 'learning_rate': 3.4906105953566505e-05, 'epoch': 0.91}
{'loss': 2.2039, 'learning_rate': 3.4850408927564906e-05, 'epoch': 0.91}
{'loss': 2.153, 'learning_rate': 3.4794711901563306e-05, 'epoch': 0.91}
{'loss': 2.2115, 'learning_rate': 3.473901487556171e-05, 'epoch': 0.92}
{'loss': 2.1745, 'learning_rate': 3.46833178495601e-05, 'epoch': 0.92}
{'loss': 2.1843, 'learning_rate': 3.46276208235585e-05, 'epoch': 0.92}
{'loss': 2.2108, 'learning_rate': 3.457192379755691e-05, 'epoch': 0.93}
{'loss': 2.2291, 'learning_rate': 3.451622677155531e-05, 'epoch': 0.93}
{'loss': 2.2227, 'learning_rate': 3.446052974555371e-05, 'epoch': 0.93}
{'loss': 2.2425, 'learning_rate': 3.440483271955211e-05, 'epoch': 0.94}
{'loss': 2.1796, 'learning_rate': 3.434913569355051e-05, 'epoch': 0.94}
{'loss': 2.1575, 'learning_rate': 3.429343866754891e-05, 'epoch': 0.94}
{'loss': 2.223, 'learning_rate': 3.423774164154731e-05, 'epoch': 0.95}
{'loss': 2.2236, 'learning_rate': 3.418204461554571e-05, 'epoch': 0.95}
{'loss': 2.1506, 'learning_rate': 3.4126347589544114e-05, 'epoch': 0.95}
{'loss': 2.1987, 'learning_rate': 3.407065056354251e-05, 'epoch': 0.96}
{'loss': 2.2609, 'learning_rate': 3.401495353754091e-05, 'epoch': 0.96}
{'loss': 2.2151, 'learning_rate': 3.395925651153931e-05, 'epoch': 0.96}
{'loss': 2.2159, 'learning_rate': 3.390355948553771e-05, 'epoch': 0.97}
{'loss': 2.1819, 'learning_rate': 3.384786245953611e-05, 'epoch': 0.97}
{'loss': 2.1453, 'learning_rate': 3.379216543353451e-05, 'epoch': 0.97}
{'loss': 2.1647, 'learning_rate': 3.373646840753291e-05, 'epoch': 0.98}
{'loss': 2.1989, 'learning_rate': 3.368077138153131e-05, 'epoch': 0.98}
{'loss': 2.1398, 'learning_rate': 3.362507435552971e-05, 'epoch': 0.98}
{'loss': 2.1919, 'learning_rate': 3.3569377329528113e-05, 'epoch': 0.99}
{'loss': 2.1989, 'learning_rate': 3.3513680303526514e-05, 'epoch': 0.99}
{'loss': 2.188, 'learning_rate': 3.3457983277524915e-05, 'epoch': 0.99}
{'loss': 2.1451, 'learning_rate': 3.3402286251523315e-05, 'epoch': 1.0}
{'loss': 2.1506, 'learning_rate': 3.3346589225521716e-05, 'epoch': 1.0}
{'loss': 2.1856, 'learning_rate': 3.3290892199520117e-05, 'epoch': 1.0}
{'loss': 2.1581, 'learning_rate': 3.323519517351852e-05, 'epoch': 1.01}
{'loss': 2.2188, 'learning_rate': 3.317949814751692e-05, 'epoch': 1.01}
{'loss': 2.1689, 'learning_rate': 3.312380112151532e-05, 'epoch': 1.01}
{'loss': 2.1309, 'learning_rate': 3.306810409551372e-05, 'epoch': 1.02}
{'loss': 2.2052, 'learning_rate': 3.301240706951212e-05, 'epoch': 1.02}
{'loss': 2.1594, 'learning_rate': 3.295671004351052e-05, 'epoch': 1.02}
{'loss': 2.1798, 'learning_rate': 3.290101301750892e-05, 'epoch': 1.03}
{'loss': 2.1873, 'learning_rate': 3.284531599150732e-05, 'epoch': 1.03}
{'loss': 2.2016, 'learning_rate': 3.278961896550572e-05, 'epoch': 1.03}
{'loss': 2.1386, 'learning_rate': 3.273392193950412e-05, 'epoch': 1.04}
{'loss': 2.126, 'learning_rate': 3.267822491350252e-05, 'epoch': 1.04}
{'loss': 2.1808, 'learning_rate': 3.262252788750092e-05, 'epoch': 1.04}
{'loss': 2.1762, 'learning_rate': 3.256683086149932e-05, 'epoch': 1.05}
{'loss': 2.1779, 'learning_rate': 3.251113383549772e-05, 'epoch': 1.05}
{'loss': 2.1729, 'learning_rate': 3.245543680949612e-05, 'epoch': 1.05}
{'loss': 2.1992, 'learning_rate': 3.239973978349452e-05, 'epoch': 1.06}
{'loss': 2.1592, 'learning_rate': 3.234404275749292e-05, 'epoch': 1.06}
{'loss': 2.1739, 'learning_rate': 3.228834573149132e-05, 'epoch': 1.06}
{'loss': 2.2034, 'learning_rate': 3.223264870548972e-05, 'epoch': 1.07}
{'loss': 2.1609, 'learning_rate': 3.217695167948812e-05, 'epoch': 1.07}
{'loss': 2.1439, 'learning_rate': 3.212125465348653e-05, 'epoch': 1.07}
{'loss': 2.1228, 'learning_rate': 3.2065557627484924e-05, 'epoch': 1.08}
{'loss': 2.1061, 'learning_rate': 3.2009860601483324e-05, 'epoch': 1.08}
{'loss': 2.1791, 'learning_rate': 3.1954163575481725e-05, 'epoch': 1.08}
{'loss': 2.1215, 'learning_rate': 3.1898466549480126e-05, 'epoch': 1.09}
{'loss': 2.2061, 'learning_rate': 3.1842769523478526e-05, 'epoch': 1.09}
{'loss': 2.1512, 'learning_rate': 3.178707249747693e-05, 'epoch': 1.09}
{'loss': 2.1489, 'learning_rate': 3.173137547147533e-05, 'epoch': 1.1}
{'loss': 2.1465, 'learning_rate': 3.167567844547373e-05, 'epoch': 1.1}
{'loss': 2.1435, 'learning_rate': 3.161998141947213e-05, 'epoch': 1.1}
{'loss': 2.1589, 'learning_rate': 3.156428439347053e-05, 'epoch': 1.11}
{'loss': 2.1871, 'learning_rate': 3.150858736746893e-05, 'epoch': 1.11}
{'loss': 2.1663, 'learning_rate': 3.145289034146733e-05, 'epoch': 1.11}
{'loss': 2.1569, 'learning_rate': 3.139719331546573e-05, 'epoch': 1.12}
{'loss': 2.1403, 'learning_rate': 3.134149628946413e-05, 'epoch': 1.12}
{'loss': 2.1119, 'learning_rate': 3.1285799263462526e-05, 'epoch': 1.12}
{'loss': 2.1337, 'learning_rate': 3.1230102237460926e-05, 'epoch': 1.13}
{'loss': 2.1088, 'learning_rate': 3.117440521145933e-05, 'epoch': 1.13}
{'loss': 2.1321, 'learning_rate': 3.111870818545773e-05, 'epoch': 1.13}
{'loss': 2.1304, 'learning_rate': 3.106301115945613e-05, 'epoch': 1.14}
{'loss': 2.1109, 'learning_rate': 3.100731413345453e-05, 'epoch': 1.14}
{'loss': 2.17, 'learning_rate': 3.095161710745293e-05, 'epoch': 1.14}
{'loss': 2.1642, 'learning_rate': 3.089592008145134e-05, 'epoch': 1.15}
{'loss': 2.1043, 'learning_rate': 3.084022305544974e-05, 'epoch': 1.15}
{'loss': 2.138, 'learning_rate': 3.078452602944814e-05, 'epoch': 1.15}
{'loss': 2.1187, 'learning_rate': 3.072882900344654e-05, 'epoch': 1.16}
{'loss': 2.1249, 'learning_rate': 3.067313197744493e-05, 'epoch': 1.16}
{'loss': 2.1461, 'learning_rate': 3.061743495144333e-05, 'epoch': 1.16}
{'loss': 2.1719, 'learning_rate': 3.0561737925441734e-05, 'epoch': 1.17}
{'loss': 2.1467, 'learning_rate': 3.0506040899440134e-05, 'epoch': 1.17}
{'loss': 2.1062, 'learning_rate': 3.0450343873438535e-05, 'epoch': 1.17}
{'loss': 2.1209, 'learning_rate': 3.0394646847436936e-05, 'epoch': 1.18}
{'loss': 2.1788, 'learning_rate': 3.0338949821435336e-05, 'epoch': 1.18}
{'loss': 2.1693, 'learning_rate': 3.0283252795433737e-05, 'epoch': 1.18}
{'loss': 2.1285, 'learning_rate': 3.0227555769432138e-05, 'epoch': 1.19}
{'loss': 2.099, 'learning_rate': 3.0171858743430538e-05, 'epoch': 1.19}
{'loss': 2.1386, 'learning_rate': 3.0116161717428935e-05, 'epoch': 1.19}
{'loss': 2.1692, 'learning_rate': 3.0060464691427336e-05, 'epoch': 1.2}
{'loss': 2.1385, 'learning_rate': 3.0004767665425737e-05, 'epoch': 1.2}
{'loss': 2.1586, 'learning_rate': 2.9949070639424137e-05, 'epoch': 1.2}
{'loss': 2.1381, 'learning_rate': 2.9893373613422538e-05, 'epoch': 1.21}
{'loss': 2.1275, 'learning_rate': 2.983767658742094e-05, 'epoch': 1.21}
{'loss': 2.1391, 'learning_rate': 2.9781979561419336e-05, 'epoch': 1.21}
{'loss': 2.1847, 'learning_rate': 2.9726282535417736e-05, 'epoch': 1.22}
{'loss': 2.1704, 'learning_rate': 2.9670585509416144e-05, 'epoch': 1.22}
{'loss': 2.1383, 'learning_rate': 2.9614888483414545e-05, 'epoch': 1.22}
{'loss': 2.1715, 'learning_rate': 2.9559191457412945e-05, 'epoch': 1.23}
{'loss': 2.1362, 'learning_rate': 2.9503494431411342e-05, 'epoch': 1.23}
{'loss': 2.1297, 'learning_rate': 2.9447797405409743e-05, 'epoch': 1.23}
{'loss': 2.1655, 'learning_rate': 2.9392100379408144e-05, 'epoch': 1.24}
{'loss': 2.1644, 'learning_rate': 2.9336403353406544e-05, 'epoch': 1.24}
{'loss': 2.1211, 'learning_rate': 2.9280706327404945e-05, 'epoch': 1.24}
{'loss': 2.1378, 'learning_rate': 2.9225009301403346e-05, 'epoch': 1.25}
{'loss': 2.1444, 'learning_rate': 2.9169312275401746e-05, 'epoch': 1.25}
{'loss': 2.1214, 'learning_rate': 2.9113615249400143e-05, 'epoch': 1.25}
{'loss': 2.1319, 'learning_rate': 2.9057918223398544e-05, 'epoch': 1.26}
{'loss': 2.1507, 'learning_rate': 2.9002221197396945e-05, 'epoch': 1.26}
{'loss': 2.1371, 'learning_rate': 2.8946524171395345e-05, 'epoch': 1.26}
{'loss': 2.1458, 'learning_rate': 2.8890827145393746e-05, 'epoch': 1.27}
{'loss': 2.1286, 'learning_rate': 2.8835130119392147e-05, 'epoch': 1.27}
{'loss': 2.1359, 'learning_rate': 2.8779433093390544e-05, 'epoch': 1.27}
{'loss': 2.1394, 'learning_rate': 2.8723736067388944e-05, 'epoch': 1.28}
{'loss': 2.1313, 'learning_rate': 2.8668039041387345e-05, 'epoch': 1.28}
{'loss': 2.143, 'learning_rate': 2.8612342015385746e-05, 'epoch': 1.28}
{'loss': 2.1711, 'learning_rate': 2.8556644989384146e-05, 'epoch': 1.29}
{'loss': 2.1387, 'learning_rate': 2.8500947963382547e-05, 'epoch': 1.29}
{'loss': 2.1777, 'learning_rate': 2.844525093738095e-05, 'epoch': 1.29}
{'loss': 2.1151, 'learning_rate': 2.838955391137935e-05, 'epoch': 1.3}
