2021-04-07 21:51:43.569800: W tensorflow/stream_executor/platform/default/dso_loader.cc:60] Could not load dynamic library 'libcudart.so.11.0'; dlerror: libcudart.so.11.0: cannot open shared object file: No such file or directory; LD_LIBRARY_PATH: /usr/local/nvidia/lib:/usr/local/nvidia/lib64:/.singularity.d/libs
2021-04-07 21:51:43.569874: I tensorflow/stream_executor/cuda/cudart_stub.cc:29] Ignore above cudart dlerror if you do not have a GPU set up on your machine.

0 examples [00:00, ? examples/s]
1 examples [00:00,  2.20 examples/s]
3822 examples [00:00,  3.14 examples/s]
4969 examples [00:00,  4.48 examples/s]
8829 examples [00:00,  6.40 examples/s]
10747 examples [00:00,  9.14 examples/s]
14646 examples [00:01, 13.05 examples/s]
18501 examples [00:01, 18.64 examples/s]
21960 examples [00:01, 26.63 examples/s]
25895 examples [00:01, 38.03 examples/s]
29754 examples [00:01, 54.30 examples/s]
33236 examples [00:01, 77.36 examples/s]
37157 examples [00:01, 110.42 examples/s]
40582 examples [00:02, 157.53 examples/s]
43751 examples [00:02, 223.94 examples/s]
47661 examples [00:02, 319.13 examples/s]
50818 examples [00:02, 453.94 examples/s]
54743 examples [00:02, 645.29 examples/s]
58677 examples [00:02, 915.40 examples/s]
62179 examples [00:02, 1292.23 examples/s]
66128 examples [00:02, 1820.51 examples/s]
70000 examples [00:03, 2543.68 examples/s]
73935 examples [00:03, 3535.85 examples/s]
77855 examples [00:03, 4863.18 examples/s]
81599 examples [00:03, 6053.97 examples/s]
85503 examples [00:03, 8109.48 examples/s]
                                          

0 examples [00:00, ? examples/s]
1926 examples [00:00, 19255.15 examples/s]
5063 examples [00:00, 21778.02 examples/s]
8273 examples [00:00, 24103.03 examples/s]
                                          
[INFO|configuration_utils.py:488] 2021-04-07 21:51:59,789 >> loading configuration file /scratch/as11919/Domain-Adaptation/movie_roberta/final_movie_roberta_7April2021/config.json
[INFO|configuration_utils.py:526] 2021-04-07 21:51:59,789 >> Model config RobertaConfig {
  "_name_or_path": "/scratch/as11919/Domain-Adaptation/movie_roberta/roberta_DAPT_movies_model_withEVAL/checkpoint-150000",
  "architectures": [
    "RobertaForMaskedLM"
  ],
  "attention_probs_dropout_prob": 0.1,
  "bos_token_id": 0,
  "eos_token_id": 2,
  "gradient_checkpointing": false,
  "hidden_act": "gelu",
  "hidden_dropout_prob": 0.1,
  "hidden_size": 768,
  "initializer_range": 0.02,
  "intermediate_size": 3072,
  "layer_norm_eps": 1e-05,
  "max_position_embeddings": 514,
  "model_type": "roberta",
  "num_attention_heads": 12,
  "num_hidden_layers": 12,
  "pad_token_id": 1,
  "position_embedding_type": "absolute",
  "transformers_version": "4.6.0.dev0",
  "type_vocab_size": 1,
  "use_cache": true,
  "vocab_size": 50265
}

[INFO|configuration_utils.py:488] 2021-04-07 21:51:59,790 >> loading configuration file /scratch/as11919/Domain-Adaptation/movie_roberta/final_movie_roberta_7April2021/config.json
[INFO|configuration_utils.py:526] 2021-04-07 21:51:59,790 >> Model config RobertaConfig {
  "_name_or_path": "/scratch/as11919/Domain-Adaptation/movie_roberta/roberta_DAPT_movies_model_withEVAL/checkpoint-150000",
  "architectures": [
    "RobertaForMaskedLM"
  ],
  "attention_probs_dropout_prob": 0.1,
  "bos_token_id": 0,
  "eos_token_id": 2,
  "gradient_checkpointing": false,
  "hidden_act": "gelu",
  "hidden_dropout_prob": 0.1,
  "hidden_size": 768,
  "initializer_range": 0.02,
  "intermediate_size": 3072,
  "layer_norm_eps": 1e-05,
  "max_position_embeddings": 514,
  "model_type": "roberta",
  "num_attention_heads": 12,
  "num_hidden_layers": 12,
  "pad_token_id": 1,
  "position_embedding_type": "absolute",
  "transformers_version": "4.6.0.dev0",
  "type_vocab_size": 1,
  "use_cache": true,
  "vocab_size": 50265
}

[INFO|tokenization_utils_base.py:1647] 2021-04-07 21:51:59,790 >> Didn't find file /scratch/as11919/Domain-Adaptation/movie_roberta/final_movie_roberta_7April2021/tokenizer.json. We won't load it.
[INFO|tokenization_utils_base.py:1647] 2021-04-07 21:51:59,791 >> Didn't find file /scratch/as11919/Domain-Adaptation/movie_roberta/final_movie_roberta_7April2021/added_tokens.json. We won't load it.
[INFO|tokenization_utils_base.py:1711] 2021-04-07 21:51:59,792 >> loading file /scratch/as11919/Domain-Adaptation/movie_roberta/final_movie_roberta_7April2021/vocab.json
[INFO|tokenization_utils_base.py:1711] 2021-04-07 21:51:59,792 >> loading file /scratch/as11919/Domain-Adaptation/movie_roberta/final_movie_roberta_7April2021/merges.txt
[INFO|tokenization_utils_base.py:1711] 2021-04-07 21:51:59,792 >> loading file None
[INFO|tokenization_utils_base.py:1711] 2021-04-07 21:51:59,792 >> loading file None
[INFO|tokenization_utils_base.py:1711] 2021-04-07 21:51:59,792 >> loading file /scratch/as11919/Domain-Adaptation/movie_roberta/final_movie_roberta_7April2021/special_tokens_map.json
[INFO|tokenization_utils_base.py:1711] 2021-04-07 21:51:59,792 >> loading file /scratch/as11919/Domain-Adaptation/movie_roberta/final_movie_roberta_7April2021/tokenizer_config.json
[INFO|modeling_utils.py:1050] 2021-04-07 21:51:59,926 >> loading weights file /scratch/as11919/Domain-Adaptation/movie_roberta/final_movie_roberta_7April2021/pytorch_model.bin
[WARNING|modeling_utils.py:1159] 2021-04-07 21:52:04,776 >> Some weights of the model checkpoint at /scratch/as11919/Domain-Adaptation/movie_roberta/final_movie_roberta_7April2021 were not used when initializing RobertaForQuestionAnswering: ['lm_head.bias', 'lm_head.dense.weight', 'lm_head.dense.bias', 'lm_head.layer_norm.weight', 'lm_head.layer_norm.bias', 'lm_head.decoder.weight', 'lm_head.decoder.bias']
- This IS expected if you are initializing RobertaForQuestionAnswering from the checkpoint of a model trained on another task or with another architecture (e.g. initializing a BertForSequenceClassification model from a BertForPreTraining model).
- This IS NOT expected if you are initializing RobertaForQuestionAnswering from the checkpoint of a model that you expect to be exactly identical (initializing a BertForSequenceClassification model from a BertForSequenceClassification model).
[WARNING|modeling_utils.py:1170] 2021-04-07 21:52:04,776 >> Some weights of RobertaForQuestionAnswering were not initialized from the model checkpoint at /scratch/as11919/Domain-Adaptation/movie_roberta/final_movie_roberta_7April2021 and are newly initialized: ['qa_outputs.weight', 'qa_outputs.bias']
You should probably TRAIN this model on a down-stream task to be able to use it for predictions and inference.

  0%|          | 0/88 [00:00<?, ?ba/s]
  1%|          | 1/88 [00:00<00:23,  3.65ba/s]
  2%|▏         | 2/88 [00:00<00:22,  3.83ba/s]
  3%|▎         | 3/88 [00:00<00:23,  3.64ba/s]
  5%|▍         | 4/88 [00:01<00:24,  3.42ba/s]
  6%|▌         | 5/88 [00:01<00:22,  3.68ba/s]
  7%|▋         | 6/88 [00:01<00:21,  3.87ba/s]
  8%|▊         | 7/88 [00:01<00:20,  4.03ba/s]
  9%|▉         | 8/88 [00:02<00:18,  4.24ba/s]
 10%|█         | 9/88 [00:02<00:18,  4.22ba/s]
 11%|█▏        | 10/88 [00:02<00:20,  3.80ba/s]
 12%|█▎        | 11/88 [00:02<00:18,  4.07ba/s]
 14%|█▎        | 12/88 [00:03<00:17,  4.25ba/s]
 15%|█▍        | 13/88 [00:03<00:17,  4.37ba/s]
 16%|█▌        | 14/88 [00:03<00:16,  4.50ba/s]
 17%|█▋        | 15/88 [00:03<00:15,  4.59ba/s]
 18%|█▊        | 16/88 [00:03<00:17,  4.18ba/s]
 19%|█▉        | 17/88 [00:04<00:16,  4.36ba/s]
 20%|██        | 18/88 [00:04<00:15,  4.51ba/s]
 22%|██▏       | 19/88 [00:04<00:15,  4.59ba/s]
 23%|██▎       | 20/88 [00:04<00:14,  4.65ba/s]
 24%|██▍       | 21/88 [00:04<00:14,  4.63ba/s]
 25%|██▌       | 22/88 [00:05<00:15,  4.13ba/s]
 26%|██▌       | 23/88 [00:05<00:15,  4.31ba/s]
 27%|██▋       | 24/88 [00:05<00:14,  4.34ba/s]
 28%|██▊       | 25/88 [00:05<00:14,  4.47ba/s]
 30%|██▉       | 26/88 [00:06<00:13,  4.52ba/s]
 31%|███       | 27/88 [00:06<00:13,  4.40ba/s]
 32%|███▏      | 28/88 [00:06<00:15,  3.90ba/s]
 33%|███▎      | 29/88 [00:06<00:14,  4.01ba/s]
 34%|███▍      | 30/88 [00:07<00:14,  4.02ba/s]
 35%|███▌      | 31/88 [00:07<00:14,  4.07ba/s]
 36%|███▋      | 32/88 [00:07<00:13,  4.09ba/s]
 38%|███▊      | 33/88 [00:07<00:13,  4.14ba/s]
 39%|███▊      | 34/88 [00:08<00:14,  3.75ba/s]
 40%|███▉      | 35/88 [00:08<00:13,  3.90ba/s]
 41%|████      | 36/88 [00:08<00:13,  3.95ba/s]
 42%|████▏     | 37/88 [00:08<00:12,  4.03ba/s]
 43%|████▎     | 38/88 [00:09<00:12,  4.05ba/s]
 44%|████▍     | 39/88 [00:09<00:11,  4.09ba/s]
 45%|████▌     | 40/88 [00:09<00:13,  3.67ba/s]
 47%|████▋     | 41/88 [00:09<00:12,  3.85ba/s]
 48%|████▊     | 42/88 [00:10<00:11,  3.96ba/s]
 49%|████▉     | 43/88 [00:10<00:10,  4.10ba/s]
 50%|█████     | 44/88 [00:10<00:10,  4.21ba/s]
 51%|█████     | 45/88 [00:10<00:10,  4.24ba/s]
 52%|█████▏    | 46/88 [00:11<00:11,  3.73ba/s]
 53%|█████▎    | 47/88 [00:11<00:10,  3.86ba/s]
 55%|█████▍    | 48/88 [00:11<00:09,  4.02ba/s]
 56%|█████▌    | 49/88 [00:11<00:09,  4.11ba/s]
 57%|█████▋    | 50/88 [00:12<00:09,  4.11ba/s]
 58%|█████▊    | 51/88 [00:12<00:08,  4.14ba/s]
 59%|█████▉    | 52/88 [00:12<00:09,  3.96ba/s]
 60%|██████    | 53/88 [00:13<00:09,  3.57ba/s]
 61%|██████▏   | 54/88 [00:13<00:09,  3.76ba/s]
 62%|██████▎   | 55/88 [00:13<00:08,  3.87ba/s]
 64%|██████▎   | 56/88 [00:13<00:07,  4.01ba/s]
 65%|██████▍   | 57/88 [00:13<00:07,  4.10ba/s]
 66%|██████▌   | 58/88 [00:14<00:07,  4.16ba/s]
 67%|██████▋   | 59/88 [00:14<00:07,  3.74ba/s]
 68%|██████▊   | 60/88 [00:14<00:07,  3.92ba/s]
 69%|██████▉   | 61/88 [00:14<00:06,  4.03ba/s]
 70%|███████   | 62/88 [00:15<00:06,  4.09ba/s]
 72%|███████▏  | 63/88 [00:15<00:06,  4.16ba/s]
 73%|███████▎  | 64/88 [00:15<00:05,  4.22ba/s]
 74%|███████▍  | 65/88 [00:16<00:06,  3.79ba/s]
 75%|███████▌  | 66/88 [00:16<00:05,  3.87ba/s]
 76%|███████▌  | 67/88 [00:16<00:05,  3.99ba/s]
 77%|███████▋  | 68/88 [00:16<00:04,  4.10ba/s]
 78%|███████▊  | 69/88 [00:16<00:04,  4.15ba/s]
 80%|███████▉  | 70/88 [00:17<00:04,  4.19ba/s]
 81%|████████  | 71/88 [00:17<00:04,  3.78ba/s]
 82%|████████▏ | 72/88 [00:17<00:04,  3.92ba/s]
 83%|████████▎ | 73/88 [00:17<00:03,  4.05ba/s]
 84%|████████▍ | 74/88 [00:18<00:03,  4.11ba/s]
 85%|████████▌ | 75/88 [00:18<00:03,  4.19ba/s]
 86%|████████▋ | 76/88 [00:18<00:02,  4.23ba/s]
 88%|████████▊ | 77/88 [00:18<00:02,  3.83ba/s]
 89%|████████▊ | 78/88 [00:19<00:02,  3.97ba/s]
 90%|████████▉ | 79/88 [00:19<00:02,  4.05ba/s]
 91%|█████████ | 80/88 [00:19<00:01,  4.12ba/s]
 92%|█████████▏| 81/88 [00:19<00:01,  4.22ba/s]
 93%|█████████▎| 82/88 [00:20<00:01,  4.26ba/s]
 94%|█████████▍| 83/88 [00:20<00:01,  3.77ba/s]
 95%|█████████▌| 84/88 [00:20<00:01,  3.92ba/s]
 97%|█████████▋| 85/88 [00:20<00:00,  4.05ba/s]
 98%|█████████▊| 86/88 [00:21<00:00,  4.10ba/s]
 99%|█████████▉| 87/88 [00:21<00:00,  4.14ba/s]
100%|██████████| 88/88 [00:21<00:00,  4.75ba/s]
100%|██████████| 88/88 [00:21<00:00,  4.08ba/s]

  0%|          | 0/11 [00:00<?, ?ba/s]
  9%|▉         | 1/11 [00:00<00:09,  1.08ba/s]
 18%|█▊        | 2/11 [00:01<00:08,  1.07ba/s]
 27%|██▋       | 3/11 [00:02<00:07,  1.13ba/s]
 36%|███▋      | 4/11 [00:03<00:06,  1.12ba/s]
 45%|████▌     | 5/11 [00:04<00:05,  1.06ba/s]
 55%|█████▍    | 6/11 [00:05<00:04,  1.06ba/s]
 64%|██████▎   | 7/11 [00:06<00:03,  1.07ba/s]
 73%|███████▎  | 8/11 [00:07<00:02,  1.07ba/s]
 82%|████████▏ | 9/11 [00:08<00:01,  1.07ba/s]
 91%|█████████ | 10/11 [00:09<00:00,  1.11ba/s]
100%|██████████| 11/11 [00:09<00:00,  1.29ba/s]
100%|██████████| 11/11 [00:09<00:00,  1.14ba/s]
[INFO|trainer.py:490] 2021-04-07 21:52:44,271 >> The following columns in the evaluation set  don't have a corresponding argument in `RobertaForQuestionAnswering.forward` and have been ignored: example_id, offset_mapping.
[INFO|trainer.py:921] 2021-04-07 21:52:44,478 >> Loading model from /scratch/as11919/Domain-Adaptation/movie_roberta/final_movie_roberta_7April2021).
[INFO|configuration_utils.py:488] 2021-04-07 21:52:44,478 >> loading configuration file /scratch/as11919/Domain-Adaptation/movie_roberta/final_movie_roberta_7April2021/config.json
[INFO|configuration_utils.py:526] 2021-04-07 21:52:44,479 >> Model config RobertaConfig {
  "_name_or_path": "/scratch/as11919/Domain-Adaptation/movie_roberta/roberta_DAPT_movies_model_withEVAL/checkpoint-150000",
  "architectures": [
    "RobertaForMaskedLM"
  ],
  "attention_probs_dropout_prob": 0.1,
  "bos_token_id": 0,
  "eos_token_id": 2,
  "gradient_checkpointing": false,
  "hidden_act": "gelu",
  "hidden_dropout_prob": 0.1,
  "hidden_size": 768,
  "initializer_range": 0.02,
  "intermediate_size": 3072,
  "layer_norm_eps": 1e-05,
  "max_position_embeddings": 514,
  "model_type": "roberta",
  "num_attention_heads": 12,
  "num_hidden_layers": 12,
  "pad_token_id": 1,
  "position_embedding_type": "absolute",
  "transformers_version": "4.6.0.dev0",
  "type_vocab_size": 1,
  "use_cache": true,
  "vocab_size": 50265
}

[INFO|modeling_utils.py:1050] 2021-04-07 21:52:44,479 >> loading weights file /scratch/as11919/Domain-Adaptation/movie_roberta/final_movie_roberta_7April2021/pytorch_model.bin
[WARNING|modeling_utils.py:1159] 2021-04-07 21:52:48,336 >> Some weights of the model checkpoint at /scratch/as11919/Domain-Adaptation/movie_roberta/final_movie_roberta_7April2021 were not used when initializing RobertaForQuestionAnswering: ['lm_head.bias', 'lm_head.dense.weight', 'lm_head.dense.bias', 'lm_head.layer_norm.weight', 'lm_head.layer_norm.bias', 'lm_head.decoder.weight', 'lm_head.decoder.bias']
- This IS expected if you are initializing RobertaForQuestionAnswering from the checkpoint of a model trained on another task or with another architecture (e.g. initializing a BertForSequenceClassification model from a BertForPreTraining model).
- This IS NOT expected if you are initializing RobertaForQuestionAnswering from the checkpoint of a model that you expect to be exactly identical (initializing a BertForSequenceClassification model from a BertForSequenceClassification model).
[WARNING|modeling_utils.py:1170] 2021-04-07 21:52:48,336 >> Some weights of RobertaForQuestionAnswering were not initialized from the model checkpoint at /scratch/as11919/Domain-Adaptation/movie_roberta/final_movie_roberta_7April2021 and are newly initialized: ['qa_outputs.weight', 'qa_outputs.bias']
You should probably TRAIN this model on a down-stream task to be able to use it for predictions and inference.
[INFO|trainer.py:1013] 2021-04-07 21:52:48,471 >> ***** Running training *****
[INFO|trainer.py:1014] 2021-04-07 21:52:48,471 >>   Num examples = 88567
[INFO|trainer.py:1015] 2021-04-07 21:52:48,471 >>   Num Epochs = 3
[INFO|trainer.py:1016] 2021-04-07 21:52:48,471 >>   Instantaneous batch size per device = 12
[INFO|trainer.py:1017] 2021-04-07 21:52:48,471 >>   Total train batch size (w. parallel, distributed & accumulation) = 24
[INFO|trainer.py:1018] 2021-04-07 21:52:48,471 >>   Gradient Accumulation steps = 1
[INFO|trainer.py:1019] 2021-04-07 21:52:48,471 >>   Total optimization steps = 11073
[INFO|trainer.py:1038] 2021-04-07 21:52:48,485 >>   Continuing training from checkpoint, will skip to saved global_step
[INFO|trainer.py:1039] 2021-04-07 21:52:48,485 >>   Continuing training from epoch 242
[INFO|trainer.py:1040] 2021-04-07 21:52:48,485 >>   Continuing training from global step 893859
[INFO|trainer.py:1042] 2021-04-07 21:52:48,485 >>   Will skip the first 242 epochs then the first 637 batches in the first epoch.
[INFO|integrations.py:586] 2021-04-07 21:52:48,564 >> Automatic Weights & Biases logging enabled, to disable set os.environ["WANDB_DISABLED"] = "true"
wandb: Currently logged in as: thatdramebaazguy (use `wandb login --relogin` to force relogin)
wandb: wandb version 0.10.25 is available!  To upgrade, please run:
wandb:  $ pip install wandb --upgrade
2021-04-07 21:52:49.604170: W tensorflow/stream_executor/platform/default/dso_loader.cc:60] Could not load dynamic library 'libcudart.so.11.0'; dlerror: libcudart.so.11.0: cannot open shared object file: No such file or directory; LD_LIBRARY_PATH: /usr/local/nvidia/lib:/usr/local/nvidia/lib64:/.singularity.d/libs
2021-04-07 21:52:49.604214: I tensorflow/stream_executor/cuda/cudart_stub.cc:29] Ignore above cudart dlerror if you do not have a GPU set up on your machine.
wandb: Tracking run with wandb version 0.10.21
wandb: Syncing run /scratch/as11919/Domain-Adaptation/models/movie_roberta/eval_on_squadv1/movieR_final_7april2021
wandb: ⭐️ View project at https://wandb.ai/thatdramebaazguy/huggingface
wandb: 🚀 View run at https://wandb.ai/thatdramebaazguy/huggingface/runs/1xpkctrh
wandb: Run data is saved locally in /home/as11919/wandb/run-20210407_215248-1xpkctrh
wandb: Run `wandb offline` to turn off syncing.

  0%|          | 0/11073 [00:00<?, ?it/s][INFO|trainer.py:1196] 2021-04-07 21:52:54,634 >> 

Training completed. Do not forget to share your model on huggingface.co/models =)



                                         

  0%|          | 0/11073 [00:03<?, ?it/s]
  0%|          | 0/11073 [00:03<?, ?it/s]
[INFO|trainer.py:1648] 2021-04-07 21:52:54,746 >> Saving model checkpoint to /scratch/as11919/Domain-Adaptation/models/movie_roberta/eval_on_squadv1/movieR_final_7april2021
[INFO|configuration_utils.py:329] 2021-04-07 21:52:54,748 >> Configuration saved in /scratch/as11919/Domain-Adaptation/models/movie_roberta/eval_on_squadv1/movieR_final_7april2021/config.json
[INFO|modeling_utils.py:831] 2021-04-07 21:52:55,721 >> Model weights saved in /scratch/as11919/Domain-Adaptation/models/movie_roberta/eval_on_squadv1/movieR_final_7april2021/pytorch_model.bin
[INFO|tokenization_utils_base.py:1907] 2021-04-07 21:52:55,723 >> tokenizer config file saved in /scratch/as11919/Domain-Adaptation/models/movie_roberta/eval_on_squadv1/movieR_final_7april2021/tokenizer_config.json
[INFO|tokenization_utils_base.py:1913] 2021-04-07 21:52:55,723 >> Special tokens file saved in /scratch/as11919/Domain-Adaptation/models/movie_roberta/eval_on_squadv1/movieR_final_7april2021/special_tokens_map.json
[INFO|trainer_pt_utils.py:722] 2021-04-07 21:52:55,794 >> ***** train metrics *****
[INFO|trainer_pt_utils.py:727] 2021-04-07 21:52:55,794 >>   epoch                      =        3.0
[INFO|trainer_pt_utils.py:727] 2021-04-07 21:52:55,794 >>   init_mem_cpu_alloc_delta   =     1945MB
[INFO|trainer_pt_utils.py:727] 2021-04-07 21:52:55,794 >>   init_mem_cpu_peaked_delta  =      147MB
[INFO|trainer_pt_utils.py:727] 2021-04-07 21:52:55,794 >>   init_mem_gpu_alloc_delta   =      474MB
[INFO|trainer_pt_utils.py:727] 2021-04-07 21:52:55,794 >>   init_mem_gpu_peaked_delta  =        0MB
[INFO|trainer_pt_utils.py:727] 2021-04-07 21:52:55,794 >>   train_mem_cpu_alloc_delta  =      587MB
[INFO|trainer_pt_utils.py:727] 2021-04-07 21:52:55,794 >>   train_mem_cpu_peaked_delta =      210MB
[INFO|trainer_pt_utils.py:727] 2021-04-07 21:52:55,794 >>   train_mem_gpu_alloc_delta  =      474MB
[INFO|trainer_pt_utils.py:727] 2021-04-07 21:52:55,794 >>   train_mem_gpu_peaked_delta =        0MB
[INFO|trainer_pt_utils.py:727] 2021-04-07 21:52:55,794 >>   train_runtime              = 0:00:06.16
[INFO|trainer_pt_utils.py:727] 2021-04-07 21:52:55,795 >>   train_samples              =      88567
[INFO|trainer_pt_utils.py:727] 2021-04-07 21:52:55,795 >>   train_samples_per_second   =   1796.791
[INFO|trainer.py:490] 2021-04-07 21:52:55,827 >> The following columns in the evaluation set  don't have a corresponding argument in `RobertaForQuestionAnswering.forward` and have been ignored: example_id, offset_mapping.
[INFO|trainer.py:1865] 2021-04-07 21:52:55,828 >> ***** Running Evaluation *****
[INFO|trainer.py:1866] 2021-04-07 21:52:55,829 >>   Num examples = 10790
[INFO|trainer.py:1867] 2021-04-07 21:52:55,829 >>   Batch size = 16

  0%|          | 0/675 [00:00<?, ?it/s]
  0%|          | 3/675 [00:00<02:41,  4.16it/s]
  1%|          | 4/675 [00:01<04:03,  2.76it/s]
  1%|          | 5/675 [00:02<05:00,  2.23it/s]
  1%|          | 6/675 [00:02<05:39,  1.97it/s]
  1%|          | 7/675 [00:03<06:07,  1.82it/s]
  1%|          | 8/675 [00:03<06:25,  1.73it/s]
  1%|▏         | 9/675 [00:04<06:38,  1.67it/s]
  1%|▏         | 10/675 [00:05<06:45,  1.64it/s]
  2%|▏         | 11/675 [00:05<06:52,  1.61it/s]
  2%|▏         | 12/675 [00:06<06:55,  1.59it/s]
  2%|▏         | 13/675 [00:07<06:58,  1.58it/s]
  2%|▏         | 14/675 [00:07<07:01,  1.57it/s]
  2%|▏         | 15/675 [00:08<07:01,  1.57it/s]
  2%|▏         | 16/675 [00:09<07:01,  1.56it/s]
  3%|▎         | 17/675 [00:09<07:02,  1.56it/s]
  3%|▎         | 18/675 [00:10<07:01,  1.56it/s]
  3%|▎         | 19/675 [00:11<07:01,  1.56it/s]
  3%|▎         | 20/675 [00:11<07:01,  1.55it/s]
  3%|▎         | 21/675 [00:12<07:00,  1.55it/s]
  3%|▎         | 22/675 [00:12<07:01,  1.55it/s]
  3%|▎         | 23/675 [00:13<06:59,  1.55it/s]
  4%|▎         | 24/675 [00:14<06:59,  1.55it/s]
  4%|▎         | 25/675 [00:14<06:58,  1.55it/s]
  4%|▍         | 26/675 [00:15<06:57,  1.55it/s]
  4%|▍         | 27/675 [00:16<06:56,  1.55it/s]
  4%|▍         | 28/675 [00:16<06:56,  1.55it/s]
  4%|▍         | 29/675 [00:17<06:56,  1.55it/s]
  4%|▍         | 30/675 [00:18<06:56,  1.55it/s]
  5%|▍         | 31/675 [00:18<06:55,  1.55it/s]
  5%|▍         | 32/675 [00:19<06:55,  1.55it/s]
  5%|▍         | 33/675 [00:20<06:53,  1.55it/s]
  5%|▌         | 34/675 [00:20<06:52,  1.55it/s]
  5%|▌         | 35/675 [00:21<06:53,  1.55it/s]
  5%|▌         | 36/675 [00:21<06:51,  1.55it/s]
  5%|▌         | 37/675 [00:22<06:51,  1.55it/s]
  6%|▌         | 38/675 [00:23<06:50,  1.55it/s]
  6%|▌         | 39/675 [00:23<06:49,  1.55it/s]
  6%|▌         | 40/675 [00:24<06:49,  1.55it/s]
  6%|▌         | 41/675 [00:25<06:49,  1.55it/s]
  6%|▌         | 42/675 [00:25<06:48,  1.55it/s]
  6%|▋         | 43/675 [00:26<06:47,  1.55it/s]
  7%|▋         | 44/675 [00:27<06:46,  1.55it/s]
  7%|▋         | 45/675 [00:27<06:46,  1.55it/s]
  7%|▋         | 46/675 [00:28<06:45,  1.55it/s]
  7%|▋         | 47/675 [00:29<06:46,  1.55it/s]
  7%|▋         | 48/675 [00:29<06:44,  1.55it/s]
  7%|▋         | 49/675 [00:30<06:43,  1.55it/s]
  7%|▋         | 50/675 [00:31<06:41,  1.56it/s]
  8%|▊         | 51/675 [00:31<06:41,  1.55it/s]
  8%|▊         | 52/675 [00:32<06:42,  1.55it/s]
  8%|▊         | 53/675 [00:32<06:42,  1.55it/s]
  8%|▊         | 54/675 [00:33<06:39,  1.55it/s]
  8%|▊         | 55/675 [00:34<06:38,  1.56it/s]
  8%|▊         | 56/675 [00:34<06:39,  1.55it/s]
  8%|▊         | 57/675 [00:35<06:37,  1.55it/s]
  9%|▊         | 58/675 [00:36<06:38,  1.55it/s]
  9%|▊         | 59/675 [00:36<06:36,  1.55it/s]
  9%|▉         | 60/675 [00:37<06:35,  1.55it/s]
  9%|▉         | 61/675 [00:38<06:36,  1.55it/s]
  9%|▉         | 62/675 [00:38<06:34,  1.55it/s]
  9%|▉         | 63/675 [00:39<06:35,  1.55it/s]
  9%|▉         | 64/675 [00:40<06:34,  1.55it/s]
 10%|▉         | 65/675 [00:40<06:33,  1.55it/s]
 10%|▉         | 66/675 [00:41<06:56,  1.46it/s]
 10%|▉         | 67/675 [00:41<06:24,  1.58it/s]
 10%|█         | 68/675 [00:42<06:25,  1.57it/s]
 10%|█         | 69/675 [00:43<06:27,  1.57it/s]
 10%|█         | 70/675 [00:43<06:27,  1.56it/s]
 11%|█         | 71/675 [00:44<06:27,  1.56it/s]
 11%|█         | 72/675 [00:45<06:27,  1.56it/s]
 11%|█         | 73/675 [00:45<06:27,  1.56it/s]
 11%|█         | 74/675 [00:46<06:26,  1.55it/s]
 11%|█         | 75/675 [00:47<06:26,  1.55it/s]
 11%|█▏        | 76/675 [00:47<06:25,  1.55it/s]
 11%|█▏        | 77/675 [00:48<06:26,  1.55it/s]
 12%|█▏        | 78/675 [00:49<06:26,  1.55it/s]
 12%|█▏        | 79/675 [00:49<06:24,  1.55it/s]
 12%|█▏        | 80/675 [00:50<06:24,  1.55it/s]
 12%|█▏        | 81/675 [00:51<06:23,  1.55it/s]
 12%|█▏        | 82/675 [00:51<06:22,  1.55it/s]
 12%|█▏        | 83/675 [00:52<06:22,  1.55it/s]
 12%|█▏        | 84/675 [00:52<06:21,  1.55it/s]
 13%|█▎        | 85/675 [00:53<06:20,  1.55it/s]
 13%|█▎        | 86/675 [00:54<06:20,  1.55it/s]
 13%|█▎        | 87/675 [00:54<06:18,  1.55it/s]
 13%|█▎        | 88/675 [00:55<06:19,  1.55it/s]
 13%|█▎        | 89/675 [00:56<06:18,  1.55it/s]
 13%|█▎        | 90/675 [00:56<06:18,  1.55it/s]
 13%|█▎        | 91/675 [00:57<06:15,  1.55it/s]
 14%|█▎        | 92/675 [00:58<06:15,  1.55it/s]
 14%|█▍        | 93/675 [00:58<06:14,  1.55it/s]
 14%|█▍        | 94/675 [00:59<06:15,  1.55it/s]
 14%|█▍        | 95/675 [01:00<06:13,  1.55it/s]
 14%|█▍        | 96/675 [01:00<06:12,  1.55it/s]
 14%|█▍        | 97/675 [01:01<06:11,  1.56it/s]
 15%|█▍        | 98/675 [01:01<06:10,  1.56it/s]
 15%|█▍        | 99/675 [01:02<06:11,  1.55it/s]
 15%|█▍        | 100/675 [01:03<06:10,  1.55it/s]
 15%|█▍        | 101/675 [01:03<06:10,  1.55it/s]
 15%|█▌        | 102/675 [01:04<06:09,  1.55it/s]
 15%|█▌        | 103/675 [01:05<06:09,  1.55it/s]
 15%|█▌        | 104/675 [01:05<06:08,  1.55it/s]
 16%|█▌        | 105/675 [01:06<06:08,  1.55it/s]
 16%|█▌        | 106/675 [01:07<06:07,  1.55it/s]
 16%|█▌        | 107/675 [01:07<06:06,  1.55it/s]
 16%|█▌        | 108/675 [01:08<06:06,  1.55it/s]
 16%|█▌        | 109/675 [01:09<06:05,  1.55it/s]
 16%|█▋        | 110/675 [01:09<06:04,  1.55it/s]
 16%|█▋        | 111/675 [01:10<06:04,  1.55it/s]
 17%|█▋        | 112/675 [01:11<06:03,  1.55it/s]
 17%|█▋        | 113/675 [01:11<06:02,  1.55it/s]
 17%|█▋        | 114/675 [01:12<06:01,  1.55it/s]
 17%|█▋        | 115/675 [01:12<06:01,  1.55it/s]
 17%|█▋        | 116/675 [01:13<06:00,  1.55it/s]
 17%|█▋        | 117/675 [01:14<06:01,  1.54it/s]
 17%|█▋        | 118/675 [01:14<06:00,  1.55it/s]
 18%|█▊        | 119/675 [01:15<05:59,  1.55it/s]
 18%|█▊        | 120/675 [01:16<05:58,  1.55it/s]
 18%|█▊        | 121/675 [01:16<05:57,  1.55it/s]
 18%|█▊        | 122/675 [01:17<05:56,  1.55it/s]
 18%|█▊        | 123/675 [01:18<05:55,  1.55it/s]
 18%|█▊        | 124/675 [01:18<05:54,  1.56it/s]
 19%|█▊        | 125/675 [01:19<05:54,  1.55it/s]
 19%|█▊        | 126/675 [01:20<05:52,  1.56it/s]
 19%|█▉        | 127/675 [01:20<05:53,  1.55it/s]
 19%|█▉        | 128/675 [01:21<05:52,  1.55it/s]
 19%|█▉        | 129/675 [01:21<05:51,  1.55it/s]
 19%|█▉        | 130/675 [01:22<05:51,  1.55it/s]
 19%|█▉        | 131/675 [01:23<05:50,  1.55it/s]
 20%|█▉        | 132/675 [01:23<05:50,  1.55it/s]
 20%|█▉        | 133/675 [01:24<05:48,  1.55it/s]
 20%|█▉        | 134/675 [01:25<05:48,  1.55it/s]
 20%|██        | 135/675 [01:25<05:47,  1.55it/s]
 20%|██        | 136/675 [01:26<05:47,  1.55it/s]
 20%|██        | 137/675 [01:27<05:46,  1.55it/s]
 20%|██        | 138/675 [01:27<05:45,  1.55it/s]
 21%|██        | 139/675 [01:28<05:45,  1.55it/s]
 21%|██        | 140/675 [01:29<05:44,  1.55it/s]
 21%|██        | 141/675 [01:29<05:43,  1.55it/s]
 21%|██        | 142/675 [01:30<05:44,  1.55it/s]
 21%|██        | 143/675 [01:30<05:43,  1.55it/s]
 21%|██▏       | 144/675 [01:31<05:42,  1.55it/s]
 21%|██▏       | 145/675 [01:32<05:41,  1.55it/s]
 22%|██▏       | 146/675 [01:32<05:41,  1.55it/s]
 22%|██▏       | 147/675 [01:33<05:40,  1.55it/s]
 22%|██▏       | 148/675 [01:34<05:40,  1.55it/s]
 22%|██▏       | 149/675 [01:34<05:39,  1.55it/s]
 22%|██▏       | 150/675 [01:35<05:38,  1.55it/s]
 22%|██▏       | 151/675 [01:36<05:37,  1.55it/s]
 23%|██▎       | 152/675 [01:36<05:37,  1.55it/s]
 23%|██▎       | 153/675 [01:37<05:36,  1.55it/s]
 23%|██▎       | 154/675 [01:38<05:36,  1.55it/s]
 23%|██▎       | 155/675 [01:38<05:34,  1.55it/s]
 23%|██▎       | 156/675 [01:39<05:34,  1.55it/s]
 23%|██▎       | 157/675 [01:40<05:33,  1.55it/s]
 23%|██▎       | 158/675 [01:40<05:33,  1.55it/s]
 24%|██▎       | 159/675 [01:41<05:32,  1.55it/s]
 24%|██▎       | 160/675 [01:41<05:32,  1.55it/s]
 24%|██▍       | 161/675 [01:42<05:31,  1.55it/s]
 24%|██▍       | 162/675 [01:43<05:30,  1.55it/s]
 24%|██▍       | 163/675 [01:43<05:29,  1.55it/s]
 24%|██▍       | 164/675 [01:44<05:29,  1.55it/s]
 24%|██▍       | 165/675 [01:45<05:28,  1.55it/s]
 25%|██▍       | 166/675 [01:45<05:27,  1.55it/s]
 25%|██▍       | 167/675 [01:46<05:27,  1.55it/s]
 25%|██▍       | 168/675 [01:47<05:26,  1.55it/s]
 25%|██▌       | 169/675 [01:47<05:25,  1.55it/s]
 25%|██▌       | 170/675 [01:48<05:25,  1.55it/s]
 25%|██▌       | 171/675 [01:49<05:25,  1.55it/s]
 25%|██▌       | 172/675 [01:49<05:24,  1.55it/s]
 26%|██▌       | 173/675 [01:50<05:23,  1.55it/s]
 26%|██▌       | 174/675 [01:50<05:22,  1.55it/s]
 26%|██▌       | 175/675 [01:51<05:22,  1.55it/s]
 26%|██▌       | 176/675 [01:52<05:21,  1.55it/s]
 26%|██▌       | 177/675 [01:52<05:21,  1.55it/s]
 26%|██▋       | 178/675 [01:53<05:20,  1.55it/s]
 27%|██▋       | 179/675 [01:54<05:19,  1.55it/s]
 27%|██▋       | 180/675 [01:54<05:18,  1.55it/s]
 27%|██▋       | 181/675 [01:55<05:18,  1.55it/s]
 27%|██▋       | 182/675 [01:56<05:18,  1.55it/s]
 27%|██▋       | 183/675 [01:56<05:17,  1.55it/s]
 27%|██▋       | 184/675 [01:57<05:16,  1.55it/s]
 27%|██▋       | 185/675 [01:58<05:15,  1.55it/s]
 28%|██▊       | 186/675 [01:58<05:15,  1.55it/s]
 28%|██▊       | 187/675 [01:59<05:14,  1.55it/s]
 28%|██▊       | 188/675 [02:00<05:15,  1.55it/s]
 28%|██▊       | 189/675 [02:00<05:14,  1.54it/s]
 28%|██▊       | 190/675 [02:01<05:13,  1.55it/s]
 28%|██▊       | 191/675 [02:01<05:12,  1.55it/s]
 28%|██▊       | 192/675 [02:02<05:11,  1.55it/s]
 29%|██▊       | 193/675 [02:03<05:11,  1.55it/s]
 29%|██▊       | 194/675 [02:03<05:10,  1.55it/s]
 29%|██▉       | 195/675 [02:04<05:08,  1.55it/s]
 29%|██▉       | 196/675 [02:05<05:08,  1.55it/s]
 29%|██▉       | 197/675 [02:05<05:07,  1.55it/s]
 29%|██▉       | 198/675 [02:06<05:07,  1.55it/s]
 29%|██▉       | 199/675 [02:07<05:06,  1.55it/s]
 30%|██▉       | 200/675 [02:07<05:06,  1.55it/s]
 30%|██▉       | 201/675 [02:08<05:05,  1.55it/s]
 30%|██▉       | 202/675 [02:09<05:04,  1.55it/s]
 30%|███       | 203/675 [02:09<05:03,  1.55it/s]
 30%|███       | 204/675 [02:10<05:03,  1.55it/s]
 30%|███       | 205/675 [02:10<05:03,  1.55it/s]
 31%|███       | 206/675 [02:11<05:02,  1.55it/s]
 31%|███       | 207/675 [02:12<05:01,  1.55it/s]
 31%|███       | 208/675 [02:12<05:01,  1.55it/s]
 31%|███       | 209/675 [02:13<05:01,  1.55it/s]
 31%|███       | 210/675 [02:14<04:59,  1.55it/s]
 31%|███▏      | 211/675 [02:14<04:58,  1.55it/s]
 31%|███▏      | 212/675 [02:15<04:58,  1.55it/s]
 32%|███▏      | 213/675 [02:16<04:57,  1.55it/s]
 32%|███▏      | 214/675 [02:16<04:56,  1.55it/s]
 32%|███▏      | 215/675 [02:17<04:56,  1.55it/s]
 32%|███▏      | 216/675 [02:18<04:56,  1.55it/s]
 32%|███▏      | 217/675 [02:18<04:55,  1.55it/s]
 32%|███▏      | 218/675 [02:19<04:54,  1.55it/s]
 32%|███▏      | 219/675 [02:19<04:53,  1.55it/s]
 33%|███▎      | 220/675 [02:20<04:54,  1.55it/s]
 33%|███▎      | 221/675 [02:21<04:53,  1.55it/s]
 33%|███▎      | 222/675 [02:21<04:52,  1.55it/s]
 33%|███▎      | 223/675 [02:22<04:52,  1.54it/s]
 33%|███▎      | 224/675 [02:23<04:51,  1.55it/s]
 33%|███▎      | 225/675 [02:23<04:50,  1.55it/s]
 33%|███▎      | 226/675 [02:24<04:49,  1.55it/s]
 34%|███▎      | 227/675 [02:25<04:49,  1.55it/s]
 34%|███▍      | 228/675 [02:25<04:48,  1.55it/s]
 34%|███▍      | 229/675 [02:26<04:47,  1.55it/s]
 34%|███▍      | 230/675 [02:27<04:46,  1.55it/s]
 34%|███▍      | 231/675 [02:27<04:45,  1.55it/s]
 34%|███▍      | 232/675 [02:28<04:45,  1.55it/s]
 35%|███▍      | 233/675 [02:29<04:45,  1.55it/s]
 35%|███▍      | 234/675 [02:29<04:43,  1.56it/s]
 35%|███▍      | 235/675 [02:30<04:43,  1.55it/s]
 35%|███▍      | 236/675 [02:30<04:43,  1.55it/s]
 35%|███▌      | 237/675 [02:31<04:42,  1.55it/s]
 35%|███▌      | 238/675 [02:32<04:41,  1.55it/s]
 35%|███▌      | 239/675 [02:32<04:41,  1.55it/s]
 36%|███▌      | 240/675 [02:33<04:40,  1.55it/s]
 36%|███▌      | 241/675 [02:34<04:40,  1.55it/s]
 36%|███▌      | 242/675 [02:34<04:39,  1.55it/s]
 36%|███▌      | 243/675 [02:35<04:38,  1.55it/s]
 36%|███▌      | 244/675 [02:36<04:37,  1.55it/s]
 36%|███▋      | 245/675 [02:36<04:36,  1.55it/s]
 36%|███▋      | 246/675 [02:37<04:36,  1.55it/s]
 37%|███▋      | 247/675 [02:38<04:36,  1.55it/s]
 37%|███▋      | 248/675 [02:38<04:35,  1.55it/s]
 37%|███▋      | 249/675 [02:39<04:34,  1.55it/s]
 37%|███▋      | 250/675 [02:39<04:33,  1.56it/s]
 37%|███▋      | 251/675 [02:40<04:32,  1.55it/s]
 37%|███▋      | 252/675 [02:41<04:32,  1.55it/s]
 37%|███▋      | 253/675 [02:41<04:32,  1.55it/s]
 38%|███▊      | 254/675 [02:42<04:31,  1.55it/s]
 38%|███▊      | 255/675 [02:43<04:31,  1.55it/s]
 38%|███▊      | 256/675 [02:43<04:30,  1.55it/s]
 38%|███▊      | 257/675 [02:44<04:29,  1.55it/s]
 38%|███▊      | 258/675 [02:45<04:28,  1.55it/s]
 38%|███▊      | 259/675 [02:45<04:27,  1.55it/s]
 39%|███▊      | 260/675 [02:46<04:27,  1.55it/s]
 39%|███▊      | 261/675 [02:47<04:27,  1.55it/s]
 39%|███▉      | 262/675 [02:47<04:26,  1.55it/s]
 39%|███▉      | 263/675 [02:48<04:26,  1.55it/s]
 39%|███▉      | 264/675 [02:49<04:25,  1.55it/s]
 39%|███▉      | 265/675 [02:49<04:24,  1.55it/s]
 39%|███▉      | 266/675 [02:50<04:23,  1.55it/s]
 40%|███▉      | 267/675 [02:50<04:23,  1.55it/s]
 40%|███▉      | 268/675 [02:51<04:22,  1.55it/s]
 40%|███▉      | 269/675 [02:52<04:21,  1.55it/s]
 40%|████      | 270/675 [02:52<04:21,  1.55it/s]
 40%|████      | 271/675 [02:53<04:20,  1.55it/s]
 40%|████      | 272/675 [02:54<04:20,  1.55it/s]
 40%|████      | 273/675 [02:54<04:19,  1.55it/s]
 41%|████      | 274/675 [02:55<04:18,  1.55it/s]
 41%|████      | 275/675 [02:56<04:17,  1.55it/s]
 41%|████      | 276/675 [02:56<04:17,  1.55it/s]
 41%|████      | 277/675 [02:57<04:16,  1.55it/s]
 41%|████      | 278/675 [02:58<04:16,  1.55it/s]
 41%|████▏     | 279/675 [02:58<04:15,  1.55it/s]
 41%|████▏     | 280/675 [02:59<04:15,  1.55it/s]
 42%|████▏     | 281/675 [03:00<04:14,  1.55it/s]
 42%|████▏     | 282/675 [03:00<04:13,  1.55it/s]
 42%|████▏     | 283/675 [03:01<04:12,  1.55it/s]
 42%|████▏     | 284/675 [03:01<04:11,  1.55it/s]
 42%|████▏     | 285/675 [03:02<04:11,  1.55it/s]
 42%|████▏     | 286/675 [03:03<04:10,  1.55it/s]
 43%|████▎     | 287/675 [03:03<04:10,  1.55it/s]
 43%|████▎     | 288/675 [03:04<04:09,  1.55it/s]
 43%|████▎     | 289/675 [03:05<04:08,  1.55it/s]
 43%|████▎     | 290/675 [03:05<04:07,  1.56it/s]
 43%|████▎     | 291/675 [03:06<04:06,  1.56it/s]
 43%|████▎     | 292/675 [03:07<04:06,  1.55it/s]
 43%|████▎     | 293/675 [03:07<04:06,  1.55it/s]
 44%|████▎     | 294/675 [03:08<04:05,  1.55it/s]
 44%|████▎     | 295/675 [03:09<04:05,  1.55it/s]
 44%|████▍     | 296/675 [03:09<04:04,  1.55it/s]
 44%|████▍     | 297/675 [03:10<04:03,  1.55it/s]
 44%|████▍     | 298/675 [03:10<04:02,  1.55it/s]
 44%|████▍     | 299/675 [03:11<04:01,  1.55it/s]
 44%|████▍     | 300/675 [03:12<04:01,  1.55it/s]
 45%|████▍     | 301/675 [03:12<04:00,  1.55it/s]
 45%|████▍     | 302/675 [03:13<04:00,  1.55it/s]
 45%|████▍     | 303/675 [03:14<03:59,  1.55it/s]
 45%|████▌     | 304/675 [03:14<03:59,  1.55it/s]
 45%|████▌     | 305/675 [03:15<03:59,  1.55it/s]
 45%|████▌     | 306/675 [03:16<03:58,  1.55it/s]
 45%|████▌     | 307/675 [03:16<03:56,  1.55it/s]
 46%|████▌     | 308/675 [03:17<03:56,  1.55it/s]
 46%|████▌     | 309/675 [03:18<03:55,  1.55it/s]
 46%|████▌     | 310/675 [03:18<03:55,  1.55it/s]
 46%|████▌     | 311/675 [03:19<03:55,  1.55it/s]
 46%|████▌     | 312/675 [03:19<03:53,  1.55it/s]
 46%|████▋     | 313/675 [03:20<03:52,  1.55it/s]
 47%|████▋     | 314/675 [03:21<03:52,  1.55it/s]
 47%|████▋     | 315/675 [03:21<03:51,  1.56it/s]
 47%|████▋     | 316/675 [03:22<03:51,  1.55it/s]
 47%|████▋     | 317/675 [03:23<03:50,  1.55it/s]
 47%|████▋     | 318/675 [03:23<03:50,  1.55it/s]
 47%|████▋     | 319/675 [03:24<03:49,  1.55it/s]
 47%|████▋     | 320/675 [03:25<03:48,  1.55it/s]
 48%|████▊     | 321/675 [03:25<03:47,  1.55it/s]
 48%|████▊     | 322/675 [03:26<03:47,  1.55it/s]
 48%|████▊     | 323/675 [03:27<03:46,  1.55it/s]
 48%|████▊     | 324/675 [03:27<04:01,  1.46it/s]
 48%|████▊     | 325/675 [03:28<03:41,  1.58it/s]
 48%|████▊     | 326/675 [03:28<03:41,  1.57it/s]
 48%|████▊     | 327/675 [03:29<03:42,  1.57it/s]
 49%|████▊     | 328/675 [03:30<03:42,  1.56it/s]
 49%|████▊     | 329/675 [03:30<03:42,  1.56it/s]
 49%|████▉     | 330/675 [03:31<03:41,  1.56it/s]
 49%|████▉     | 331/675 [03:32<03:40,  1.56it/s]
 49%|████▉     | 332/675 [03:32<03:40,  1.56it/s]
 49%|████▉     | 333/675 [03:33<03:40,  1.55it/s]
 49%|████▉     | 334/675 [03:34<03:39,  1.55it/s]
 50%|████▉     | 335/675 [03:34<03:38,  1.56it/s]
 50%|████▉     | 336/675 [03:35<03:38,  1.55it/s]
 50%|████▉     | 337/675 [03:36<03:37,  1.56it/s]
 50%|█████     | 338/675 [03:36<03:36,  1.56it/s]
 50%|█████     | 339/675 [03:37<03:35,  1.56it/s]
 50%|█████     | 340/675 [03:38<03:35,  1.55it/s]
 51%|█████     | 341/675 [03:38<03:35,  1.55it/s]
 51%|█████     | 342/675 [03:39<03:34,  1.55it/s]
 51%|█████     | 343/675 [03:39<03:34,  1.55it/s]
 51%|█████     | 344/675 [03:40<03:33,  1.55it/s]
 51%|█████     | 345/675 [03:41<03:32,  1.55it/s]
 51%|█████▏    | 346/675 [03:41<03:31,  1.55it/s]
 51%|█████▏    | 347/675 [03:42<03:31,  1.55it/s]
 52%|█████▏    | 348/675 [03:43<03:30,  1.55it/s]
 52%|█████▏    | 349/675 [03:43<03:29,  1.55it/s]
 52%|█████▏    | 350/675 [03:44<03:29,  1.55it/s]
 52%|█████▏    | 351/675 [03:45<03:28,  1.55it/s]
 52%|█████▏    | 352/675 [03:45<03:28,  1.55it/s]
 52%|█████▏    | 353/675 [03:46<03:27,  1.55it/s]
 52%|█████▏    | 354/675 [03:47<03:26,  1.55it/s]
 53%|█████▎    | 355/675 [03:47<03:26,  1.55it/s]
 53%|█████▎    | 356/675 [03:48<03:25,  1.55it/s]
 53%|█████▎    | 357/675 [03:48<03:25,  1.55it/s]
 53%|█████▎    | 358/675 [03:49<03:24,  1.55it/s]
 53%|█████▎    | 359/675 [03:50<03:24,  1.55it/s]
 53%|█████▎    | 360/675 [03:50<03:23,  1.55it/s]
 53%|█████▎    | 361/675 [03:51<03:22,  1.55it/s]
 54%|█████▎    | 362/675 [03:52<03:21,  1.55it/s]
 54%|█████▍    | 363/675 [03:52<03:21,  1.55it/s]
 54%|█████▍    | 364/675 [03:53<03:21,  1.54it/s]
 54%|█████▍    | 365/675 [03:54<03:20,  1.55it/s]
 54%|█████▍    | 366/675 [03:54<03:19,  1.55it/s]
 54%|█████▍    | 367/675 [03:55<03:18,  1.55it/s]
 55%|█████▍    | 368/675 [03:56<03:17,  1.55it/s]
 55%|█████▍    | 369/675 [03:56<03:17,  1.55it/s]
 55%|█████▍    | 370/675 [03:57<03:16,  1.55it/s]
 55%|█████▍    | 371/675 [03:57<03:15,  1.55it/s]
 55%|█████▌    | 372/675 [03:58<03:15,  1.55it/s]
 55%|█████▌    | 373/675 [03:59<03:14,  1.55it/s]
 55%|█████▌    | 374/675 [03:59<03:14,  1.55it/s]
 56%|█████▌    | 375/675 [04:00<03:13,  1.55it/s]
 56%|█████▌    | 376/675 [04:01<03:12,  1.55it/s]
 56%|█████▌    | 377/675 [04:01<03:12,  1.55it/s]
 56%|█████▌    | 378/675 [04:02<03:11,  1.55it/s]
 56%|█████▌    | 379/675 [04:03<03:10,  1.55it/s]
 56%|█████▋    | 380/675 [04:03<03:10,  1.55it/s]
 56%|█████▋    | 381/675 [04:04<03:09,  1.55it/s]
 57%|█████▋    | 382/675 [04:05<03:09,  1.55it/s]
 57%|█████▋    | 383/675 [04:05<03:08,  1.55it/s]
 57%|█████▋    | 384/675 [04:06<03:08,  1.55it/s]
 57%|█████▋    | 385/675 [04:07<03:07,  1.55it/s]
 57%|█████▋    | 386/675 [04:07<03:06,  1.55it/s]
 57%|█████▋    | 387/675 [04:08<03:05,  1.55it/s]
 57%|█████▋    | 388/675 [04:08<03:05,  1.55it/s]
 58%|█████▊    | 389/675 [04:09<03:04,  1.55it/s]
 58%|█████▊    | 390/675 [04:10<03:03,  1.55it/s]
 58%|█████▊    | 391/675 [04:10<03:03,  1.55it/s]
 58%|█████▊    | 392/675 [04:11<03:02,  1.55it/s]
 58%|█████▊    | 393/675 [04:12<03:02,  1.55it/s]
 58%|█████▊    | 394/675 [04:12<03:00,  1.56it/s]
 59%|█████▊    | 395/675 [04:13<03:00,  1.55it/s]
 59%|█████▊    | 396/675 [04:14<02:59,  1.55it/s]
 59%|█████▉    | 397/675 [04:14<02:59,  1.55it/s]
 59%|█████▉    | 398/675 [04:15<02:58,  1.55it/s]
 59%|█████▉    | 399/675 [04:16<02:58,  1.55it/s]
 59%|█████▉    | 400/675 [04:16<02:57,  1.55it/s]
 59%|█████▉    | 401/675 [04:17<02:56,  1.55it/s]
 60%|█████▉    | 402/675 [04:17<02:55,  1.55it/s]
 60%|█████▉    | 403/675 [04:18<02:55,  1.55it/s]
 60%|█████▉    | 404/675 [04:19<02:54,  1.55it/s]
 60%|██████    | 405/675 [04:19<02:53,  1.55it/s]
 60%|██████    | 406/675 [04:20<02:53,  1.55it/s]
 60%|██████    | 407/675 [04:21<02:52,  1.55it/s]
 60%|██████    | 408/675 [04:21<02:52,  1.55it/s]
 61%|██████    | 409/675 [04:22<02:51,  1.55it/s]
 61%|██████    | 410/675 [04:23<02:50,  1.56it/s]
 61%|██████    | 411/675 [04:23<02:49,  1.56it/s]
 61%|██████    | 412/675 [04:24<02:48,  1.56it/s]
 61%|██████    | 413/675 [04:25<02:48,  1.56it/s]
 61%|██████▏   | 414/675 [04:25<02:48,  1.55it/s]
 61%|██████▏   | 415/675 [04:26<02:47,  1.55it/s]
 62%|██████▏   | 416/675 [04:27<02:47,  1.55it/s]
 62%|██████▏   | 417/675 [04:27<02:46,  1.55it/s]
 62%|██████▏   | 418/675 [04:28<02:45,  1.55it/s]
 62%|██████▏   | 419/675 [04:28<02:45,  1.55it/s]
 62%|██████▏   | 420/675 [04:29<02:44,  1.55it/s]
 62%|██████▏   | 421/675 [04:30<02:43,  1.55it/s]
 63%|██████▎   | 422/675 [04:30<02:43,  1.55it/s]
 63%|██████▎   | 423/675 [04:31<02:42,  1.55it/s]
 63%|██████▎   | 424/675 [04:32<02:42,  1.55it/s]
 63%|██████▎   | 425/675 [04:32<02:41,  1.55it/s]
 63%|██████▎   | 426/675 [04:33<02:40,  1.56it/s]
 63%|██████▎   | 427/675 [04:34<02:39,  1.56it/s]
 63%|██████▎   | 428/675 [04:34<02:39,  1.55it/s]
 64%|██████▎   | 429/675 [04:35<02:38,  1.55it/s]
 64%|██████▎   | 430/675 [04:36<02:37,  1.56it/s]
 64%|██████▍   | 431/675 [04:36<02:36,  1.55it/s]
 64%|██████▍   | 432/675 [04:37<02:36,  1.55it/s]
 64%|██████▍   | 433/675 [04:37<02:35,  1.55it/s]
 64%|██████▍   | 434/675 [04:38<02:34,  1.56it/s]
 64%|██████▍   | 435/675 [04:39<02:34,  1.56it/s]
 65%|██████▍   | 436/675 [04:39<02:34,  1.55it/s]
 65%|██████▍   | 437/675 [04:40<02:33,  1.55it/s]
 65%|██████▍   | 438/675 [04:41<02:32,  1.55it/s]
 65%|██████▌   | 439/675 [04:41<02:32,  1.55it/s]
 65%|██████▌   | 440/675 [04:42<02:31,  1.55it/s]
 65%|██████▌   | 441/675 [04:43<02:30,  1.55it/s]
 65%|██████▌   | 442/675 [04:43<02:29,  1.56it/s]
 66%|██████▌   | 443/675 [04:44<02:29,  1.55it/s]
 66%|██████▌   | 444/675 [04:45<02:28,  1.55it/s]
 66%|██████▌   | 445/675 [04:45<02:28,  1.55it/s]
 66%|██████▌   | 446/675 [04:46<02:27,  1.55it/s]
 66%|██████▌   | 447/675 [04:46<02:27,  1.55it/s]
 66%|██████▋   | 448/675 [04:47<02:26,  1.55it/s]
 67%|██████▋   | 449/675 [04:48<02:25,  1.55it/s]
 67%|██████▋   | 450/675 [04:48<02:24,  1.55it/s]
 67%|██████▋   | 451/675 [04:49<02:24,  1.55it/s]
 67%|██████▋   | 452/675 [04:50<02:23,  1.55it/s]
 67%|██████▋   | 453/675 [04:50<02:23,  1.55it/s]
 67%|██████▋   | 454/675 [04:51<02:22,  1.55it/s]
 67%|██████▋   | 455/675 [04:52<02:21,  1.55it/s]
 68%|██████▊   | 456/675 [04:52<02:21,  1.55it/s]
 68%|██████▊   | 457/675 [04:53<02:20,  1.55it/s]
 68%|██████▊   | 458/675 [04:54<02:19,  1.56it/s]
 68%|██████▊   | 459/675 [04:54<02:19,  1.55it/s]
 68%|██████▊   | 460/675 [04:55<02:18,  1.55it/s]
 68%|██████▊   | 461/675 [04:55<02:18,  1.55it/s]
 68%|██████▊   | 462/675 [04:56<02:17,  1.55it/s]
 69%|██████▊   | 463/675 [04:57<02:16,  1.55it/s]
 69%|██████▊   | 464/675 [04:57<02:16,  1.55it/s]
 69%|██████▉   | 465/675 [04:58<02:15,  1.55it/s]
 69%|██████▉   | 466/675 [04:59<02:14,  1.55it/s]
 69%|██████▉   | 467/675 [04:59<02:14,  1.55it/s]
 69%|██████▉   | 468/675 [05:00<02:13,  1.55it/s]
 69%|██████▉   | 469/675 [05:01<02:12,  1.55it/s]
 70%|██████▉   | 470/675 [05:01<02:12,  1.55it/s]
 70%|██████▉   | 471/675 [05:02<02:11,  1.55it/s]
 70%|██████▉   | 472/675 [05:03<02:10,  1.55it/s]
 70%|███████   | 473/675 [05:03<02:10,  1.55it/s]
 70%|███████   | 474/675 [05:04<02:09,  1.55it/s]
 70%|███████   | 475/675 [05:05<02:08,  1.55it/s]
 71%|███████   | 476/675 [05:05<02:08,  1.55it/s]
 71%|███████   | 477/675 [05:06<02:07,  1.55it/s]
 71%|███████   | 478/675 [05:06<02:07,  1.55it/s]
 71%|███████   | 479/675 [05:07<02:06,  1.55it/s]
 71%|███████   | 480/675 [05:08<02:05,  1.55it/s]
 71%|███████▏  | 481/675 [05:08<02:05,  1.55it/s]
 71%|███████▏  | 482/675 [05:09<02:04,  1.55it/s]
 72%|███████▏  | 483/675 [05:10<02:03,  1.55it/s]
 72%|███████▏  | 484/675 [05:10<02:02,  1.55it/s]
 72%|███████▏  | 485/675 [05:11<02:02,  1.55it/s]
 72%|███████▏  | 486/675 [05:12<02:10,  1.45it/s]
 72%|███████▏  | 487/675 [05:12<01:58,  1.58it/s]
 72%|███████▏  | 488/675 [05:13<01:58,  1.57it/s]
 72%|███████▏  | 489/675 [05:14<01:58,  1.57it/s]
 73%|███████▎  | 490/675 [05:14<01:58,  1.56it/s]
 73%|███████▎  | 491/675 [05:15<01:57,  1.56it/s]
 73%|███████▎  | 492/675 [05:15<01:57,  1.56it/s]
 73%|███████▎  | 493/675 [05:16<01:57,  1.55it/s]
 73%|███████▎  | 494/675 [05:17<01:56,  1.55it/s]
 73%|███████▎  | 495/675 [05:17<01:56,  1.55it/s]
 73%|███████▎  | 496/675 [05:18<01:55,  1.55it/s]
 74%|███████▎  | 497/675 [05:19<01:54,  1.55it/s]
 74%|███████▍  | 498/675 [05:19<01:54,  1.55it/s]
 74%|███████▍  | 499/675 [05:20<01:53,  1.55it/s]
 74%|███████▍  | 500/675 [05:21<01:52,  1.55it/s]
 74%|███████▍  | 501/675 [05:21<01:52,  1.55it/s]
 74%|███████▍  | 502/675 [05:22<01:51,  1.55it/s]
 75%|███████▍  | 503/675 [05:23<01:50,  1.55it/s]
 75%|███████▍  | 504/675 [05:23<01:50,  1.55it/s]
 75%|███████▍  | 505/675 [05:24<01:49,  1.55it/s]
 75%|███████▍  | 506/675 [05:25<01:49,  1.55it/s]
 75%|███████▌  | 507/675 [05:25<01:48,  1.55it/s]
 75%|███████▌  | 508/675 [05:26<01:47,  1.55it/s]
 75%|███████▌  | 509/675 [05:26<01:47,  1.55it/s]
 76%|███████▌  | 510/675 [05:27<01:46,  1.55it/s]
 76%|███████▌  | 511/675 [05:28<01:46,  1.55it/s]
 76%|███████▌  | 512/675 [05:28<01:45,  1.55it/s]
 76%|███████▌  | 513/675 [05:29<01:44,  1.55it/s]
 76%|███████▌  | 514/675 [05:30<01:43,  1.55it/s]
 76%|███████▋  | 515/675 [05:30<01:43,  1.55it/s]
 76%|███████▋  | 516/675 [05:31<01:42,  1.55it/s]
 77%|███████▋  | 517/675 [05:32<01:41,  1.55it/s]
 77%|███████▋  | 518/675 [05:32<01:41,  1.55it/s]
 77%|███████▋  | 519/675 [05:33<01:40,  1.55it/s]
 77%|███████▋  | 520/675 [05:34<01:40,  1.55it/s]
 77%|███████▋  | 521/675 [05:34<01:39,  1.55it/s]
 77%|███████▋  | 522/675 [05:35<01:38,  1.55it/s]
 77%|███████▋  | 523/675 [05:35<01:37,  1.55it/s]
 78%|███████▊  | 524/675 [05:36<01:37,  1.55it/s]
 78%|███████▊  | 525/675 [05:37<01:36,  1.55it/s]
 78%|███████▊  | 526/675 [05:37<01:36,  1.55it/s]
 78%|███████▊  | 527/675 [05:38<01:35,  1.55it/s]
 78%|███████▊  | 528/675 [05:39<01:34,  1.55it/s]
 78%|███████▊  | 529/675 [05:39<01:33,  1.55it/s]
 79%|███████▊  | 530/675 [05:40<01:33,  1.56it/s]
 79%|███████▊  | 531/675 [05:41<01:32,  1.56it/s]
 79%|███████▉  | 532/675 [05:41<01:31,  1.56it/s]
 79%|███████▉  | 533/675 [05:42<01:31,  1.55it/s]
 79%|███████▉  | 534/675 [05:43<01:30,  1.55it/s]
 79%|███████▉  | 535/675 [05:43<01:30,  1.55it/s]
 79%|███████▉  | 536/675 [05:44<01:29,  1.55it/s]
 80%|███████▉  | 537/675 [05:44<01:29,  1.55it/s]
 80%|███████▉  | 538/675 [05:45<01:28,  1.55it/s]
 80%|███████▉  | 539/675 [05:46<01:27,  1.55it/s]
 80%|████████  | 540/675 [05:46<01:27,  1.55it/s]
 80%|████████  | 541/675 [05:47<01:26,  1.55it/s]
 80%|████████  | 542/675 [05:48<01:25,  1.55it/s]
 80%|████████  | 543/675 [05:48<01:25,  1.55it/s]
 81%|████████  | 544/675 [05:49<01:24,  1.55it/s]
 81%|████████  | 545/675 [05:50<01:23,  1.55it/s]
 81%|████████  | 546/675 [05:50<01:23,  1.55it/s]
 81%|████████  | 547/675 [05:51<01:22,  1.55it/s]
 81%|████████  | 548/675 [05:52<01:21,  1.55it/s]
 81%|████████▏ | 549/675 [05:52<01:21,  1.55it/s]
 81%|████████▏ | 550/675 [05:53<01:20,  1.55it/s]
 82%|████████▏ | 551/675 [05:54<01:19,  1.55it/s]
 82%|████████▏ | 552/675 [05:54<01:19,  1.55it/s]
 82%|████████▏ | 553/675 [05:55<01:18,  1.55it/s]
 82%|████████▏ | 554/675 [05:55<01:17,  1.55it/s]
 82%|████████▏ | 555/675 [05:56<01:17,  1.56it/s]
 82%|████████▏ | 556/675 [05:57<01:16,  1.55it/s]
 83%|████████▎ | 557/675 [05:57<01:15,  1.55it/s]
 83%|████████▎ | 558/675 [05:58<01:15,  1.55it/s]
 83%|████████▎ | 559/675 [05:59<01:14,  1.55it/s]
 83%|████████▎ | 560/675 [05:59<01:14,  1.55it/s]
 83%|████████▎ | 561/675 [06:00<01:13,  1.55it/s]
 83%|████████▎ | 562/675 [06:01<01:12,  1.55it/s]
 83%|████████▎ | 563/675 [06:01<01:12,  1.55it/s]
 84%|████████▎ | 564/675 [06:02<01:11,  1.55it/s]
 84%|████████▎ | 565/675 [06:03<01:10,  1.55it/s]
 84%|████████▍ | 566/675 [06:03<01:10,  1.55it/s]
 84%|████████▍ | 567/675 [06:04<01:09,  1.55it/s]
 84%|████████▍ | 568/675 [06:04<01:08,  1.55it/s]
 84%|████████▍ | 569/675 [06:05<01:08,  1.55it/s]
 84%|████████▍ | 570/675 [06:06<01:07,  1.55it/s]
 85%|████████▍ | 571/675 [06:06<01:06,  1.55it/s]
 85%|████████▍ | 572/675 [06:07<01:06,  1.55it/s]
 85%|████████▍ | 573/675 [06:08<01:05,  1.55it/s]
 85%|████████▌ | 574/675 [06:08<01:05,  1.55it/s]
 85%|████████▌ | 575/675 [06:09<01:04,  1.55it/s]
 85%|████████▌ | 576/675 [06:10<01:03,  1.55it/s]
 85%|████████▌ | 577/675 [06:10<01:03,  1.55it/s]
 86%|████████▌ | 578/675 [06:11<01:02,  1.55it/s]
 86%|████████▌ | 579/675 [06:12<01:01,  1.55it/s]
 86%|████████▌ | 580/675 [06:12<01:01,  1.55it/s]
 86%|████████▌ | 581/675 [06:13<01:00,  1.55it/s]
 86%|████████▌ | 582/675 [06:14<01:00,  1.55it/s]
 86%|████████▋ | 583/675 [06:14<00:59,  1.55it/s]
 87%|████████▋ | 584/675 [06:15<00:58,  1.55it/s]
 87%|████████▋ | 585/675 [06:15<00:57,  1.55it/s]
 87%|████████▋ | 586/675 [06:16<00:57,  1.55it/s]
 87%|████████▋ | 587/675 [06:17<00:56,  1.55it/s]
 87%|████████▋ | 588/675 [06:17<00:56,  1.55it/s]
 87%|████████▋ | 589/675 [06:18<00:55,  1.55it/s]
 87%|████████▋ | 590/675 [06:19<00:54,  1.55it/s]
 88%|████████▊ | 591/675 [06:19<00:54,  1.55it/s]
 88%|████████▊ | 592/675 [06:20<00:53,  1.55it/s]
 88%|████████▊ | 593/675 [06:21<00:52,  1.55it/s]
 88%|████████▊ | 594/675 [06:21<00:52,  1.55it/s]
 88%|████████▊ | 595/675 [06:22<00:51,  1.55it/s]
 88%|████████▊ | 596/675 [06:23<00:50,  1.55it/s]
 88%|████████▊ | 597/675 [06:23<00:50,  1.55it/s]
 89%|████████▊ | 598/675 [06:24<00:49,  1.55it/s]
 89%|████████▊ | 599/675 [06:24<00:48,  1.55it/s]
 89%|████████▉ | 600/675 [06:25<00:48,  1.55it/s]
 89%|████████▉ | 601/675 [06:26<00:47,  1.55it/s]
 89%|████████▉ | 602/675 [06:26<00:47,  1.55it/s]
 89%|████████▉ | 603/675 [06:27<00:46,  1.55it/s]
 89%|████████▉ | 604/675 [06:28<00:45,  1.55it/s]
 90%|████████▉ | 605/675 [06:28<00:45,  1.55it/s]
 90%|████████▉ | 606/675 [06:29<00:47,  1.45it/s]
 90%|████████▉ | 607/675 [06:30<00:43,  1.58it/s]
 90%|█████████ | 608/675 [06:30<00:42,  1.57it/s]
 90%|█████████ | 609/675 [06:31<00:42,  1.56it/s]
 90%|█████████ | 610/675 [06:32<00:41,  1.56it/s]
 91%|█████████ | 611/675 [06:32<00:41,  1.56it/s]
 91%|█████████ | 612/675 [06:33<00:40,  1.56it/s]
 91%|█████████ | 613/675 [06:33<00:39,  1.55it/s]
 91%|█████████ | 614/675 [06:34<00:39,  1.55it/s]
 91%|█████████ | 615/675 [06:35<00:38,  1.55it/s]
 91%|█████████▏| 616/675 [06:35<00:37,  1.55it/s]
 91%|█████████▏| 617/675 [06:36<00:37,  1.55it/s]
 92%|█████████▏| 618/675 [06:37<00:36,  1.55it/s]
 92%|█████████▏| 619/675 [06:37<00:36,  1.55it/s]
 92%|█████████▏| 620/675 [06:38<00:35,  1.55it/s]
 92%|█████████▏| 621/675 [06:39<00:34,  1.55it/s]
 92%|█████████▏| 622/675 [06:39<00:34,  1.55it/s]
 92%|█████████▏| 623/675 [06:40<00:33,  1.55it/s]
 92%|█████████▏| 624/675 [06:41<00:32,  1.55it/s]
 93%|█████████▎| 625/675 [06:41<00:32,  1.55it/s]
 93%|█████████▎| 626/675 [06:42<00:31,  1.56it/s]
 93%|█████████▎| 627/675 [06:43<00:30,  1.56it/s]
 93%|█████████▎| 628/675 [06:43<00:30,  1.55it/s]
 93%|█████████▎| 629/675 [06:44<00:29,  1.55it/s]
 93%|█████████▎| 630/675 [06:44<00:28,  1.55it/s]
 93%|█████████▎| 631/675 [06:45<00:28,  1.55it/s]
 94%|█████████▎| 632/675 [06:46<00:27,  1.55it/s]
 94%|█████████▍| 633/675 [06:46<00:27,  1.55it/s]
 94%|█████████▍| 634/675 [06:47<00:26,  1.56it/s]
 94%|█████████▍| 635/675 [06:48<00:25,  1.55it/s]
 94%|█████████▍| 636/675 [06:48<00:25,  1.55it/s]
 94%|█████████▍| 637/675 [06:49<00:24,  1.55it/s]
 95%|█████████▍| 638/675 [06:50<00:23,  1.55it/s]
 95%|█████████▍| 639/675 [06:50<00:23,  1.55it/s]
 95%|█████████▍| 640/675 [06:51<00:22,  1.55it/s]
 95%|█████████▍| 641/675 [06:52<00:21,  1.55it/s]
 95%|█████████▌| 642/675 [06:52<00:21,  1.55it/s]
 95%|█████████▌| 643/675 [06:53<00:20,  1.55it/s]
 95%|█████████▌| 644/675 [06:53<00:19,  1.55it/s]
 96%|█████████▌| 645/675 [06:54<00:19,  1.55it/s]
 96%|█████████▌| 646/675 [06:55<00:18,  1.56it/s]
 96%|█████████▌| 647/675 [06:55<00:18,  1.55it/s]
 96%|█████████▌| 648/675 [06:56<00:17,  1.55it/s]
 96%|█████████▌| 649/675 [06:57<00:16,  1.55it/s]
 96%|█████████▋| 650/675 [06:57<00:16,  1.55it/s]
 96%|█████████▋| 651/675 [06:58<00:15,  1.55it/s]
 97%|█████████▋| 652/675 [06:59<00:14,  1.55it/s]
 97%|█████████▋| 653/675 [06:59<00:14,  1.55it/s]
 97%|█████████▋| 654/675 [07:00<00:13,  1.55it/s]
 97%|█████████▋| 655/675 [07:01<00:12,  1.55it/s]
 97%|█████████▋| 656/675 [07:01<00:12,  1.55it/s]
 97%|█████████▋| 657/675 [07:02<00:11,  1.55it/s]
 97%|█████████▋| 658/675 [07:02<00:10,  1.55it/s]
 98%|█████████▊| 659/675 [07:03<00:10,  1.55it/s]
 98%|█████████▊| 660/675 [07:04<00:09,  1.55it/s]
 98%|█████████▊| 661/675 [07:04<00:09,  1.55it/s]
 98%|█████████▊| 662/675 [07:05<00:08,  1.55it/s]
 98%|█████████▊| 663/675 [07:06<00:07,  1.55it/s]
 98%|█████████▊| 664/675 [07:06<00:07,  1.54it/s]
 99%|█████████▊| 665/675 [07:07<00:06,  1.54it/s]
 99%|█████████▊| 666/675 [07:08<00:05,  1.55it/s]
 99%|█████████▉| 667/675 [07:08<00:05,  1.55it/s]
 99%|█████████▉| 668/675 [07:09<00:04,  1.55it/s]
 99%|█████████▉| 669/675 [07:10<00:03,  1.55it/s]
 99%|█████████▉| 670/675 [07:10<00:03,  1.55it/s]
 99%|█████████▉| 671/675 [07:11<00:02,  1.55it/s]
100%|█████████▉| 672/675 [07:12<00:01,  1.55it/s]
100%|█████████▉| 673/675 [07:12<00:01,  1.55it/s]
100%|█████████▉| 674/675 [07:13<00:00,  1.56it/s]
100%|██████████| 675/675 [07:13<00:00,  1.55it/s]

  0%|          | 0/10570 [00:00<?, ?it/s][A

  0%|          | 29/10570 [00:00<00:36, 287.59it/s][A

  1%|          | 95/10570 [00:00<00:30, 345.72it/s][A

  2%|▏         | 163/10570 [00:00<00:25, 405.19it/s][A

  2%|▏         | 222/10570 [00:00<00:23, 447.06it/s][A

  3%|▎         | 267/10570 [00:00<00:24, 417.97it/s][A

  3%|▎         | 324/10570 [00:00<00:22, 452.84it/s][A

  4%|▎         | 392/10570 [00:00<00:20, 501.83it/s][A

  4%|▍         | 453/10570 [00:00<00:19, 528.77it/s][A

  5%|▍         | 518/10570 [00:00<00:17, 559.54it/s][A

  6%|▌         | 583/10570 [00:01<00:17, 582.72it/s][A

  6%|▌         | 645/10570 [00:01<00:16, 592.79it/s][A

  7%|▋         | 711/10570 [00:01<00:16, 609.09it/s][A

  7%|▋         | 773/10570 [00:01<00:16, 597.26it/s][A

  8%|▊         | 834/10570 [00:01<00:17, 557.62it/s][A

  8%|▊         | 896/10570 [00:01<00:16, 572.99it/s][A

  9%|▉         | 955/10570 [00:01<00:16, 566.45it/s][A

 10%|▉         | 1013/10570 [00:01<00:17, 559.94it/s][A

 10%|█         | 1070/10570 [00:01<00:16, 559.82it/s][A

 11%|█         | 1127/10570 [00:01<00:16, 557.73it/s][A

 11%|█▏        | 1192/10570 [00:02<00:16, 580.65it/s][A

 12%|█▏        | 1255/10570 [00:02<00:15, 591.98it/s][A

 12%|█▏        | 1318/10570 [00:02<00:15, 601.64it/s][A

 13%|█▎        | 1379/10570 [00:02<00:15, 603.25it/s][A

 14%|█▎        | 1440/10570 [00:02<00:15, 598.48it/s][A

 14%|█▍        | 1505/10570 [00:02<00:14, 610.70it/s][A

 15%|█▍        | 1569/10570 [00:02<00:14, 616.83it/s][A

 15%|█▌        | 1632/10570 [00:02<00:14, 620.20it/s][A

 16%|█▌        | 1701/10570 [00:02<00:13, 638.01it/s][A

 17%|█▋        | 1765/10570 [00:03<00:13, 634.71it/s][A

 17%|█▋        | 1829/10570 [00:03<00:13, 632.77it/s][A

 18%|█▊        | 1894/10570 [00:03<00:13, 636.03it/s][A

 19%|█▊        | 1960/10570 [00:03<00:13, 641.73it/s][A

 19%|█▉        | 2025/10570 [00:03<00:13, 637.49it/s][A

 20%|█▉        | 2092/10570 [00:03<00:13, 645.00it/s][A

 20%|██        | 2157/10570 [00:03<00:14, 600.65it/s][A

 21%|██        | 2220/10570 [00:03<00:13, 607.79it/s][A

 22%|██▏       | 2282/10570 [00:03<00:13, 608.02it/s][A

 22%|██▏       | 2344/10570 [00:03<00:13, 610.35it/s][A

 23%|██▎       | 2406/10570 [00:04<00:13, 603.52it/s][A

 23%|██▎       | 2467/10570 [00:04<00:13, 594.56it/s][A

 24%|██▍       | 2527/10570 [00:04<00:13, 584.89it/s][A

 24%|██▍       | 2586/10570 [00:04<00:14, 569.78it/s][A

 25%|██▌       | 2648/10570 [00:04<00:13, 582.11it/s][A

 26%|██▌       | 2709/10570 [00:04<00:13, 589.42it/s][A

 26%|██▋       | 2776/10570 [00:04<00:12, 610.14it/s][A

 27%|██▋       | 2840/10570 [00:04<00:12, 615.93it/s][A

 27%|██▋       | 2902/10570 [00:04<00:12, 606.53it/s][A

 28%|██▊       | 2963/10570 [00:04<00:12, 604.48it/s][A

 29%|██▊       | 3024/10570 [00:05<00:12, 604.46it/s][A

 29%|██▉       | 3085/10570 [00:05<00:12, 597.22it/s][A

 30%|██▉       | 3145/10570 [00:05<00:12, 589.05it/s][A

 30%|███       | 3204/10570 [00:05<00:12, 584.49it/s][A

 31%|███       | 3263/10570 [00:05<00:12, 574.72it/s][A

 31%|███▏      | 3323/10570 [00:05<00:12, 580.57it/s][A

 32%|███▏      | 3384/10570 [00:05<00:12, 588.01it/s][A

 33%|███▎      | 3443/10570 [00:05<00:12, 587.68it/s][A

 33%|███▎      | 3502/10570 [00:05<00:12, 583.94it/s][A

 34%|███▎      | 3561/10570 [00:06<00:11, 584.85it/s][A

 34%|███▍      | 3620/10570 [00:06<00:11, 579.63it/s][A

 35%|███▍      | 3680/10570 [00:06<00:11, 584.85it/s][A

 35%|███▌      | 3739/10570 [00:06<00:11, 584.27it/s][A

 36%|███▌      | 3799/10570 [00:06<00:11, 587.67it/s][A

 37%|███▋      | 3860/10570 [00:06<00:11, 592.26it/s][A

 37%|███▋      | 3920/10570 [00:06<00:11, 590.82it/s][A

 38%|███▊      | 3980/10570 [00:06<00:11, 593.39it/s][A

 38%|███▊      | 4040/10570 [00:06<00:11, 589.69it/s][A

 39%|███▉      | 4099/10570 [00:06<00:11, 586.03it/s][A

 39%|███▉      | 4158/10570 [00:07<00:12, 515.60it/s][A

 40%|███▉      | 4212/10570 [00:07<00:14, 447.23it/s][A

 40%|████      | 4261/10570 [00:07<00:13, 454.03it/s][A

 41%|████      | 4309/10570 [00:07<00:17, 352.69it/s][A

 41%|████▏     | 4365/10570 [00:07<00:15, 396.49it/s][A

 42%|████▏     | 4423/10570 [00:07<00:14, 437.78it/s][A

 42%|████▏     | 4484/10570 [00:07<00:12, 478.06it/s][A

 43%|████▎     | 4537/10570 [00:07<00:12, 487.07it/s][A

 43%|████▎     | 4593/10570 [00:08<00:11, 506.24it/s][A

 44%|████▍     | 4647/10570 [00:08<00:12, 492.21it/s][A

 44%|████▍     | 4703/10570 [00:08<00:11, 509.68it/s][A

 45%|████▌     | 4757/10570 [00:08<00:11, 515.99it/s][A

 46%|████▌     | 4811/10570 [00:08<00:11, 520.99it/s][A

 46%|████▌     | 4864/10570 [00:08<00:11, 514.44it/s][A

 47%|████▋     | 4922/10570 [00:08<00:10, 532.13it/s][A

 47%|████▋     | 4979/10570 [00:08<00:10, 542.94it/s][A

 48%|████▊     | 5034/10570 [00:08<00:10, 539.20it/s][A

 48%|████▊     | 5091/10570 [00:08<00:10, 546.52it/s][A

 49%|████▊     | 5150/10570 [00:09<00:09, 557.00it/s][A

 49%|████▉     | 5206/10570 [00:09<00:14, 378.86it/s][A

 50%|████▉     | 5263/10570 [00:09<00:12, 419.95it/s][A

 50%|█████     | 5323/10570 [00:09<00:11, 460.60it/s][A

 51%|█████     | 5380/10570 [00:09<00:10, 487.99it/s][A

 51%|█████▏    | 5438/10570 [00:09<00:10, 510.56it/s][A

 52%|█████▏    | 5493/10570 [00:09<00:10, 482.76it/s][A

 52%|█████▏    | 5546/10570 [00:09<00:10, 495.77it/s][A

 53%|█████▎    | 5601/10570 [00:10<00:09, 510.68it/s][A

 53%|█████▎    | 5654/10570 [00:10<00:09, 506.49it/s][A

 54%|█████▍    | 5709/10570 [00:10<00:09, 518.74it/s][A

 55%|█████▍    | 5765/10570 [00:10<00:09, 529.38it/s][A

 55%|█████▌    | 5820/10570 [00:10<00:08, 533.71it/s][A

 56%|█████▌    | 5876/10570 [00:10<00:08, 540.71it/s][A

 56%|█████▌    | 5932/10570 [00:10<00:08, 545.94it/s][A

 57%|█████▋    | 5990/10570 [00:10<00:08, 555.39it/s][A

 57%|█████▋    | 6046/10570 [00:10<00:08, 552.12it/s][A

 58%|█████▊    | 6102/10570 [00:10<00:08, 545.19it/s][A

 58%|█████▊    | 6161/10570 [00:11<00:07, 555.22it/s][A

 59%|█████▉    | 6218/10570 [00:11<00:07, 557.50it/s][A

 59%|█████▉    | 6274/10570 [00:11<00:07, 539.44it/s][A

 60%|█████▉    | 6333/10570 [00:11<00:07, 552.07it/s][A

 60%|██████    | 6389/10570 [00:11<00:07, 540.16it/s][A

 61%|██████    | 6450/10570 [00:11<00:07, 559.11it/s][A

 62%|██████▏   | 6508/10570 [00:11<00:07, 563.64it/s][A

 62%|██████▏   | 6566/10570 [00:11<00:07, 567.04it/s][A

 63%|██████▎   | 6623/10570 [00:11<00:06, 565.89it/s][A

 63%|██████▎   | 6682/10570 [00:12<00:06, 572.77it/s][A

 64%|██████▍   | 6740/10570 [00:12<00:06, 564.72it/s][A

 64%|██████▍   | 6799/10570 [00:12<00:06, 571.38it/s][A

 65%|██████▍   | 6857/10570 [00:12<00:06, 565.74it/s][A

 65%|██████▌   | 6914/10570 [00:12<00:06, 559.20it/s][A

 66%|██████▌   | 6975/10570 [00:12<00:06, 572.18it/s][A

 67%|██████▋   | 7036/10570 [00:12<00:06, 581.19it/s][A

 67%|██████▋   | 7095/10570 [00:12<00:05, 579.17it/s][A

 68%|██████▊   | 7155/10570 [00:12<00:05, 583.68it/s][A

 68%|██████▊   | 7214/10570 [00:12<00:05, 578.22it/s][A

 69%|██████▉   | 7272/10570 [00:13<00:05, 567.54it/s][A

 69%|██████▉   | 7330/10570 [00:13<00:05, 568.96it/s][A

 70%|██████▉   | 7387/10570 [00:13<00:05, 536.25it/s][A

 70%|███████   | 7446/10570 [00:13<00:05, 550.01it/s][A

 71%|███████   | 7504/10570 [00:13<00:05, 556.53it/s][A

 72%|███████▏  | 7564/10570 [00:13<00:05, 567.93it/s][A

 72%|███████▏  | 7624/10570 [00:13<00:05, 575.16it/s][A

 73%|███████▎  | 7682/10570 [00:13<00:05, 563.19it/s][A

 73%|███████▎  | 7741/10570 [00:13<00:04, 568.27it/s][A

 74%|███████▍  | 7798/10570 [00:13<00:05, 544.38it/s][A

 74%|███████▍  | 7854/10570 [00:14<00:04, 546.42it/s][A

 75%|███████▍  | 7913/10570 [00:14<00:04, 556.87it/s][A

 75%|███████▌  | 7971/10570 [00:14<00:04, 561.21it/s][A

 76%|███████▌  | 8028/10570 [00:14<00:04, 562.91it/s][A

 76%|███████▋  | 8085/10570 [00:14<00:04, 546.32it/s][A

 77%|███████▋  | 8143/10570 [00:14<00:04, 553.08it/s][A

 78%|███████▊  | 8199/10570 [00:14<00:04, 528.75it/s][A

 78%|███████▊  | 8253/10570 [00:14<00:04, 529.55it/s][A

 79%|███████▊  | 8307/10570 [00:14<00:04, 516.30it/s][A

 79%|███████▉  | 8363/10570 [00:15<00:04, 527.23it/s][A

 80%|███████▉  | 8423/10570 [00:15<00:03, 544.31it/s][A

 80%|████████  | 8483/10570 [00:15<00:03, 558.28it/s][A

 81%|████████  | 8541/10570 [00:15<00:03, 562.88it/s][A

 81%|████████▏ | 8598/10570 [00:15<00:03, 562.90it/s][A

 82%|████████▏ | 8655/10570 [00:15<00:03, 563.72it/s][A

 82%|████████▏ | 8715/10570 [00:15<00:03, 572.65it/s][A

 83%|████████▎ | 8773/10570 [00:15<00:03, 563.51it/s][A

 84%|████████▎ | 8830/10570 [00:15<00:03, 564.47it/s][A

 84%|████████▍ | 8889/10570 [00:15<00:02, 569.45it/s][A

 85%|████████▍ | 8947/10570 [00:16<00:02, 571.65it/s][A

 85%|████████▌ | 9007/10570 [00:16<00:02, 577.55it/s][A

 86%|████████▌ | 9065/10570 [00:16<00:02, 572.99it/s][A

 86%|████████▋ | 9123/10570 [00:16<00:02, 571.60it/s][A

 87%|████████▋ | 9181/10570 [00:16<00:02, 570.46it/s][A

 87%|████████▋ | 9239/10570 [00:16<00:02, 571.35it/s][A

 88%|████████▊ | 9297/10570 [00:16<00:02, 569.56it/s][A

 88%|████████▊ | 9354/10570 [00:16<00:02, 567.59it/s][A

 89%|████████▉ | 9412/10570 [00:16<00:02, 568.44it/s][A

 90%|████████▉ | 9471/10570 [00:16<00:01, 574.26it/s][A

 90%|█████████ | 9530/10570 [00:17<00:01, 576.97it/s][A

 91%|█████████ | 9588/10570 [00:17<00:01, 575.22it/s][A

 91%|█████████▏| 9647/10570 [00:17<00:01, 579.55it/s][A

 92%|█████████▏| 9709/10570 [00:17<00:01, 590.95it/s][A

 92%|█████████▏| 9770/10570 [00:17<00:01, 595.76it/s][A

 93%|█████████▎| 9830/10570 [00:17<00:01, 587.89it/s][A

 94%|█████████▎| 9889/10570 [00:17<00:01, 580.04it/s][A

 94%|█████████▍| 9948/10570 [00:17<00:01, 572.40it/s][A

 95%|█████████▍| 10006/10570 [00:17<00:00, 567.35it/s][A

 95%|█████████▌| 10065/10570 [00:17<00:00, 573.14it/s][A

 96%|█████████▌| 10124/10570 [00:18<00:00, 577.29it/s][A

 96%|█████████▋| 10182/10570 [00:18<00:00, 565.46it/s][A

 97%|█████████▋| 10241/10570 [00:18<00:00, 571.64it/s][A

 97%|█████████▋| 10299/10570 [00:18<00:00, 568.12it/s][A

 98%|█████████▊| 10356/10570 [00:18<00:00, 567.11it/s][A

 99%|█████████▊| 10413/10570 [00:18<00:00, 564.85it/s][A

 99%|█████████▉| 10470/10570 [00:18<00:00, 554.77it/s][A

100%|█████████▉| 10530/10570 [00:18<00:00, 565.75it/s][A
100%|██████████| 10570/10570 [00:18<00:00, 559.67it/s]

100%|██████████| 675/675 [07:44<00:00,  1.45it/s]
[INFO|trainer_pt_utils.py:722] 2021-04-07 22:00:43,471 >> ***** eval metrics *****
[INFO|trainer_pt_utils.py:727] 2021-04-07 22:00:43,471 >>   epoch        =    3.0
[INFO|trainer_pt_utils.py:727] 2021-04-07 22:00:43,471 >>   eval_samples =  10790
[INFO|trainer_pt_utils.py:727] 2021-04-07 22:00:43,471 >>   exact_match  = 0.1419
[INFO|trainer_pt_utils.py:727] 2021-04-07 22:00:43,471 >>   f1           = 6.6306
wandb: Waiting for W&B process to finish, PID 18323
wandb: Program ended successfully.
wandb: - 0.00MB of 0.00MB uploaded (0.00MB deduped)
wandb: \ 0.07MB of 0.07MB uploaded (0.00MB deduped)
wandb:                                                                                
wandb: Find user logs for this run at: /home/as11919/wandb/run-20210407_215248-1xpkctrh/logs/debug.log
wandb: Find internal logs for this run at: /home/as11919/wandb/run-20210407_215248-1xpkctrh/logs/debug-internal.log
wandb: Run summary:
wandb:              train/train_runtime 6.1627
wandb:   train/train_samples_per_second 1796.791
wandb:                 train/total_flos 1.586732852542655e+18
wandb:                      train/epoch 3.0
wandb:                train/global_step 893859
wandb:                         _runtime 475
wandb:                       _timestamp 1617847243
wandb:                            _step 1
wandb:                train/exact_match 0.14191
wandb:                         train/f1 6.63058
wandb: Run history:
wandb:              train/train_runtime ▁
wandb:   train/train_samples_per_second ▁
wandb:                 train/total_flos ▁
wandb:                      train/epoch ▁▁
wandb:                train/global_step ▁▁
wandb:                         _runtime ▁█
wandb:                       _timestamp ▁█
wandb:                            _step ▁█
wandb:                train/exact_match ▁
wandb:                         train/f1 ▁
wandb: 
wandb: Synced 5 W&B file(s), 0 media file(s), 0 artifact file(s) and 0 other file(s)
wandb: 
wandb: Synced /scratch/as11919/Domain-Adaptation/models/movie_roberta/eval_on_squadv1/movieR_final_7april2021: https://wandb.ai/thatdramebaazguy/huggingface/runs/1xpkctrh


# python $SCRATCH/transformers/examples/question-answering/run_qa.py \
#   --model_name_or_path /scratch/as11919/Domain-Adaptation/movie_roberta/final_movie_roberta_7April2021 \
#   --dataset_name squad \
#   --do_train \
#   --do_eval \
#   --per_device_train_batch_size 12 \
#   --max_seq_length 384 \
#   --doc_stride 128 \
#   --overwrite_output_dir \
#   --overwrite_cache \
#   --output_dir $SCRATCH/Domain-Adaptation/models/movie_roberta/eval_on_squadv1/movieR_final_7april2021
