04/07/2021 21:51:54 - WARNING - __main__ -   Process rank: -1, device: cuda:0, n_gpu: 2distributed training: False, 16-bits training: False
04/07/2021 21:51:54 - INFO - __main__ -   Training/evaluation parameters TrainingArguments(output_dir=/scratch/as11919/Domain-Adaptation/models/movie_roberta/eval_on_squadv1/movieR_final_7april2021, overwrite_output_dir=True, do_train=True, do_eval=True, do_predict=False, evaluation_strategy=IntervalStrategy.NO, prediction_loss_only=False, per_device_train_batch_size=12, per_device_eval_batch_size=8, gradient_accumulation_steps=1, eval_accumulation_steps=None, learning_rate=5e-05, weight_decay=0.0, adam_beta1=0.9, adam_beta2=0.999, adam_epsilon=1e-08, max_grad_norm=1.0, num_train_epochs=3.0, max_steps=-1, lr_scheduler_type=SchedulerType.LINEAR, warmup_ratio=0.0, warmup_steps=0, logging_dir=runs/Apr07_21-51-54_gr047.nyu.cluster, logging_strategy=IntervalStrategy.STEPS, logging_first_step=False, logging_steps=500, save_strategy=IntervalStrategy.STEPS, save_steps=500, save_total_limit=None, no_cuda=False, seed=42, fp16=False, fp16_opt_level=O1, fp16_backend=auto, fp16_full_eval=False, local_rank=-1, tpu_num_cores=None, tpu_metrics_debug=False, debug=False, dataloader_drop_last=False, eval_steps=500, dataloader_num_workers=0, past_index=-1, run_name=/scratch/as11919/Domain-Adaptation/models/movie_roberta/eval_on_squadv1/movieR_final_7april2021, disable_tqdm=False, remove_unused_columns=True, label_names=None, load_best_model_at_end=False, metric_for_best_model=None, greater_is_better=None, ignore_data_skip=False, sharded_ddp=[], deepspeed=None, label_smoothing_factor=0.0, adafactor=False, group_by_length=False, length_column_name=length, report_to=['tensorboard', 'wandb'], ddp_find_unused_parameters=None, dataloader_pin_memory=True, skip_memory_metrics=False, _n_gpu=2, mp_parameters=)
huggingface/tokenizers: The current process just got forked, after parallelism has already been used. Disabling parallelism to avoid deadlocks...
To disable this warning, you can either:
	- Avoid using `tokenizers` before the fork if possible
	- Explicitly set the environment variable TOKENIZERS_PARALLELISM=(true | false)
huggingface/tokenizers: The current process just got forked, after parallelism has already been used. Disabling parallelism to avoid deadlocks...
To disable this warning, you can either:
	- Avoid using `tokenizers` before the fork if possible
	- Explicitly set the environment variable TOKENIZERS_PARALLELISM=(true | false)
huggingface/tokenizers: The current process just got forked, after parallelism has already been used. Disabling parallelism to avoid deadlocks...
To disable this warning, you can either:
	- Avoid using `tokenizers` before the fork if possible
	- Explicitly set the environment variable TOKENIZERS_PARALLELISM=(true | false)
huggingface/tokenizers: The current process just got forked, after parallelism has already been used. Disabling parallelism to avoid deadlocks...
To disable this warning, you can either:
	- Avoid using `tokenizers` before the fork if possible
	- Explicitly set the environment variable TOKENIZERS_PARALLELISM=(true | false)
Downloading and preparing dataset squad/plain_text (download: 33.51 MiB, generated: 85.75 MiB, post-processed: Unknown size, total: 119.27 MiB) to /home/as11919/.cache/huggingface/datasets/squad/plain_text/1.0.0/1244d044b266a5e4dbd4174d23cb995eead372fbca31a03edc3f8a132787af41...
Dataset squad downloaded and prepared to /home/as11919/.cache/huggingface/datasets/squad/plain_text/1.0.0/1244d044b266a5e4dbd4174d23cb995eead372fbca31a03edc3f8a132787af41. Subsequent calls will reuse this data.
huggingface/tokenizers: The current process just got forked, after parallelism has already been used. Disabling parallelism to avoid deadlocks...
To disable this warning, you can either:
	- Avoid using `tokenizers` before the fork if possible
	- Explicitly set the environment variable TOKENIZERS_PARALLELISM=(true | false)
{'train_runtime': 6.1627, 'train_samples_per_second': 1796.791, 'epoch': 3.0}

04/07/2021 21:52:55 - INFO - __main__ -   *** Evaluate ***
04/07/2021 22:00:20 - INFO - utils_qa -   Post-processing 10570 example predictions split into 10790 features.
04/07/2021 22:00:39 - INFO - utils_qa -   Saving predictions to /scratch/as11919/Domain-Adaptation/models/movie_roberta/eval_on_squadv1/movieR_final_7april2021/eval_predictions.json.
04/07/2021 22:00:39 - INFO - utils_qa -   Saving nbest_preds to /scratch/as11919/Domain-Adaptation/models/movie_roberta/eval_on_squadv1/movieR_final_7april2021/eval_nbest_predictions.json.

Done!
