huggingface/tokenizers: The current process just got forked, after parallelism has already been used. Disabling parallelism to avoid deadlocks...
To disable this warning, you can either:
	- Avoid using `tokenizers` before the fork if possible
	- Explicitly set the environment variable TOKENIZERS_PARALLELISM=(true | false)
huggingface/tokenizers: The current process just got forked, after parallelism has already been used. Disabling parallelism to avoid deadlocks...
To disable this warning, you can either:
	- Avoid using `tokenizers` before the fork if possible
	- Explicitly set the environment variable TOKENIZERS_PARALLELISM=(true | false)
huggingface/tokenizers: The current process just got forked, after parallelism has already been used. Disabling parallelism to avoid deadlocks...
To disable this warning, you can either:
	- Avoid using `tokenizers` before the fork if possible
	- Explicitly set the environment variable TOKENIZERS_PARALLELISM=(true | false)
huggingface/tokenizers: The current process just got forked, after parallelism has already been used. Disabling parallelism to avoid deadlocks...
To disable this warning, you can either:
	- Avoid using `tokenizers` before the fork if possible
	- Explicitly set the environment variable TOKENIZERS_PARALLELISM=(true | false)
huggingface/tokenizers: The current process just got forked, after parallelism has already been used. Disabling parallelism to avoid deadlocks...
To disable this warning, you can either:
	- Avoid using `tokenizers` before the fork if possible
	- Explicitly set the environment variable TOKENIZERS_PARALLELISM=(true | false)
huggingface/tokenizers: The current process just got forked, after parallelism has already been used. Disabling parallelism to avoid deadlocks...
To disable this warning, you can either:
	- Avoid using `tokenizers` before the fork if possible
	- Explicitly set the environment variable TOKENIZERS_PARALLELISM=(true | false)
huggingface/tokenizers: The current process just got forked, after parallelism has already been used. Disabling parallelism to avoid deadlocks...
To disable this warning, you can either:
	- Avoid using `tokenizers` before the fork if possible
	- Explicitly set the environment variable TOKENIZERS_PARALLELISM=(true | false)
huggingface/tokenizers: The current process just got forked, after parallelism has already been used. Disabling parallelism to avoid deadlocks...
To disable this warning, you can either:
	- Avoid using `tokenizers` before the fork if possible
	- Explicitly set the environment variable TOKENIZERS_PARALLELISM=(true | false)
huggingface/tokenizers: The current process just got forked, after parallelism has already been used. Disabling parallelism to avoid deadlocks...
To disable this warning, you can either:
	- Avoid using `tokenizers` before the fork if possible
	- Explicitly set the environment variable TOKENIZERS_PARALLELISM=(true | false)
huggingface/tokenizers: The current process just got forked, after parallelism has already been used. Disabling parallelism to avoid deadlocks...
To disable this warning, you can either:
	- Avoid using `tokenizers` before the fork if possible
	- Explicitly set the environment variable TOKENIZERS_PARALLELISM=(true | false)
huggingface/tokenizers: The current process just got forked, after parallelism has already been used. Disabling parallelism to avoid deadlocks...
To disable this warning, you can either:
	- Avoid using `tokenizers` before the fork if possible
	- Explicitly set the environment variable TOKENIZERS_PARALLELISM=(true | false)
huggingface/tokenizers: The current process just got forked, after parallelism has already been used. Disabling parallelism to avoid deadlocks...
To disable this warning, you can either:
	- Avoid using `tokenizers` before the fork if possible
	- Explicitly set the environment variable TOKENIZERS_PARALLELISM=(true | false)
huggingface/tokenizers: The current process just got forked, after parallelism has already been used. Disabling parallelism to avoid deadlocks...
To disable this warning, you can either:
	- Avoid using `tokenizers` before the fork if possible
	- Explicitly set the environment variable TOKENIZERS_PARALLELISM=(true | false)
== Status ==
Memory usage on this node: 33.0/377.3 GiB
Using FIFO scheduling algorithm.
Resources requested: 1/48 CPUs, 1/1 GPUs, 0.0/235.16 GiB heap, 0.0/72.27 GiB objects (0/1.0 accelerator_type:RTX)
Result logdir: /home/as11919/ray_results/_inner_2021-03-25_03-01-12
Number of trials: 1/8 (1 RUNNING)
+-----------------+----------+-------+-----------------+
| Trial name      | status   | loc   |   learning_rate |
|-----------------+----------+-------+-----------------|
| _inner_e2af1c90 | RUNNING  |       |     2.49816e-05 |
+-----------------+----------+-------+-----------------+


[2m[36m(pid=3086307)[0m 
[2m[36m(pid=3086307)[0m {'loss': 0.6628, 'learning_rate': 2.145013673666316e-05, 'epoch': 0.42}
[2m[36m(pid=3086307)[0m {'loss': 0.6226, 'learning_rate': 1.7918668719431822e-05, 'epoch': 0.85}
Result for _inner_e2af1c90:
  date: 2021-03-25_03-05-10
  done: false
  epoch: 1.0
  eval_accuracy: 0.7192660550458716
  eval_f1: 0.7772925764192139
  eval_loss: 0.5795488357543945
  eval_precision: 0.765774378585086
  eval_recall: 0.7891625615763547
  eval_runtime: 9.7088
  eval_samples_per_second: 168.404
  experiment_id: 79bf6572ab7849b59ff21dead202f9d0
  hostname: gr010.nyu.cluster
  iterations_since_restore: 1
  node_ip: 10.32.35.74
  objective: 3.0514955716265257
  pid: 3086307
  time_since_restore: 237.06122732162476
  time_this_iter_s: 237.06122732162476
  time_total_s: 237.06122732162476
  timestamp: 1616655910
  timesteps_since_restore: 0
  training_iteration: 1
  trial_id: e2af1c90
  
== Status ==
Memory usage on this node: 36.2/377.3 GiB
Using FIFO scheduling algorithm.
Resources requested: 1/48 CPUs, 1/1 GPUs, 0.0/235.16 GiB heap, 0.0/72.27 GiB objects (0/1.0 accelerator_type:RTX)
Result logdir: /home/as11919/ray_results/_inner_2021-03-25_03-01-12
Number of trials: 2/8 (1 PENDING, 1 RUNNING)
+-----------------+----------+---------------------+-----------------+-------------+
| Trial name      | status   | loc                 |   learning_rate |   objective |
|-----------------+----------+---------------------+-----------------+-------------|
| _inner_e2af1c90 | RUNNING  | 10.32.35.74:3086307 |     2.49816e-05 |      3.0515 |
| _inner_e2b1f0c8 | PENDING  |                     |     4.80286e-05 |             |
+-----------------+----------+---------------------+-----------------+-------------+


[2m[36m(pid=3086307)[0m {'eval_loss': 0.5795488357543945, 'eval_accuracy': 0.7192660550458716, 'eval_precision': 0.765774378585086, 'eval_recall': 0.7891625615763547, 'eval_f1': 0.7772925764192139, 'eval_runtime': 9.7088, 'eval_samples_per_second': 168.404, 'epoch': 1.0}
[2m[36m(pid=3086307)[0m {'loss': 0.5354, 'learning_rate': 1.438720070220048e-05, 'epoch': 1.27}
[2m[36m(pid=3086307)[0m {'loss': 0.4876, 'learning_rate': 1.085573268496914e-05, 'epoch': 1.7}
[2m[36m(pid=3086307)[0m {'eval_loss': 0.5175214409828186, 'eval_accuracy': 0.7718654434250765, 'eval_precision': 0.8364779874213837, 'eval_recall': 0.7862068965517242, 'eval_f1': 0.8105637379380396, 'eval_runtime': 9.7119, 'eval_samples_per_second': 168.35, 'epoch': 2.0}
Result for _inner_e2af1c90:
  date: 2021-03-25_03-08-58
  done: false
  epoch: 2.0
  eval_accuracy: 0.7718654434250765
  eval_f1: 0.8105637379380396
  eval_loss: 0.5175214409828186
  eval_precision: 0.8364779874213837
  eval_recall: 0.7862068965517242
  eval_runtime: 9.7119
  eval_samples_per_second: 168.35
  experiment_id: 79bf6572ab7849b59ff21dead202f9d0
  hostname: gr010.nyu.cluster
  iterations_since_restore: 2
  node_ip: 10.32.35.74
  objective: 3.205114065336224
  pid: 3086307
  time_since_restore: 465.38041949272156
  time_this_iter_s: 228.3191921710968
  time_total_s: 465.38041949272156
  timestamp: 1616656138
  timesteps_since_restore: 0
  training_iteration: 2
  trial_id: e2af1c90
  
== Status ==
Memory usage on this node: 36.2/377.3 GiB
Using FIFO scheduling algorithm.
Resources requested: 1/48 CPUs, 1/1 GPUs, 0.0/235.16 GiB heap, 0.0/72.27 GiB objects (0/1.0 accelerator_type:RTX)
Result logdir: /home/as11919/ray_results/_inner_2021-03-25_03-01-12
Number of trials: 2/8 (1 PENDING, 1 RUNNING)
+-----------------+----------+---------------------+-----------------+-------------+
| Trial name      | status   | loc                 |   learning_rate |   objective |
|-----------------+----------+---------------------+-----------------+-------------|
| _inner_e2af1c90 | RUNNING  | 10.32.35.74:3086307 |     2.49816e-05 |     3.20511 |
| _inner_e2b1f0c8 | PENDING  |                     |     4.80286e-05 |             |
+-----------------+----------+---------------------+-----------------+-------------+


[2m[36m(pid=3086307)[0m 
[2m[36m(pid=3086307)[0m {'loss': 0.4375, 'learning_rate': 7.3242646677378e-06, 'epoch': 2.12}
[2m[36m(pid=3086307)[0m {'loss': 0.3556, 'learning_rate': 3.7927966505064595e-06, 'epoch': 2.54}
[2m[36m(pid=3086307)[0m {'loss': 0.3629, 'learning_rate': 2.613286332751192e-07, 'epoch': 2.97}
Result for _inner_e2af1c90:
  date: 2021-03-25_03-12-50
  done: false
  epoch: 3.0
  eval_accuracy: 0.8
  eval_f1: 0.8397844194022537
  eval_loss: 0.6053362488746643
  eval_precision: 0.8352826510721247
  eval_recall: 0.8443349753694581
  eval_runtime: 9.6763
  eval_samples_per_second: 168.969
  experiment_id: 79bf6572ab7849b59ff21dead202f9d0
  hostname: gr010.nyu.cluster
  iterations_since_restore: 3
  node_ip: 10.32.35.74
  objective: 3.3194020458438365
  pid: 3086307
  time_since_restore: 696.7693886756897
  time_this_iter_s: 231.38896918296814
  time_total_s: 696.7693886756897
  timestamp: 1616656370
  timesteps_since_restore: 0
  training_iteration: 3
  trial_id: e2af1c90
  
== Status ==
Memory usage on this node: 36.2/377.3 GiB
Using FIFO scheduling algorithm.
Resources requested: 1/48 CPUs, 1/1 GPUs, 0.0/235.16 GiB heap, 0.0/72.27 GiB objects (0/1.0 accelerator_type:RTX)
Result logdir: /home/as11919/ray_results/_inner_2021-03-25_03-01-12
Number of trials: 2/8 (1 PENDING, 1 RUNNING)
+-----------------+----------+---------------------+-----------------+-------------+
| Trial name      | status   | loc                 |   learning_rate |   objective |
|-----------------+----------+---------------------+-----------------+-------------|
| _inner_e2af1c90 | RUNNING  | 10.32.35.74:3086307 |     2.49816e-05 |      3.3194 |
| _inner_e2b1f0c8 | PENDING  |                     |     4.80286e-05 |             |
+-----------------+----------+---------------------+-----------------+-------------+


[2m[36m(pid=3086307)[0m {'eval_loss': 0.6053362488746643, 'eval_accuracy': 0.8, 'eval_precision': 0.8352826510721247, 'eval_recall': 0.8443349753694581, 'eval_f1': 0.8397844194022537, 'eval_runtime': 9.6763, 'eval_samples_per_second': 168.969, 'epoch': 3.0}
[2m[36m(pid=3086307)[0m {'train_runtime': 688.4862, 'train_samples_per_second': 5.137, 'epoch': 3.0}
Result for _inner_e2af1c90:
  date: 2021-03-25_03-12-50
  done: true
  epoch: 3.0
  eval_accuracy: 0.8
  eval_f1: 0.8397844194022537
  eval_loss: 0.6053362488746643
  eval_precision: 0.8352826510721247
  eval_recall: 0.8443349753694581
  eval_runtime: 9.6763
  eval_samples_per_second: 168.969
  experiment_id: 79bf6572ab7849b59ff21dead202f9d0
  experiment_tag: 1_learning_rate=2.4982e-05
  hostname: gr010.nyu.cluster
  iterations_since_restore: 3
  node_ip: 10.32.35.74
  objective: 3.3194020458438365
  pid: 3086307
  time_since_restore: 696.7693886756897
  time_this_iter_s: 231.38896918296814
  time_total_s: 696.7693886756897
  timestamp: 1616656370
  timesteps_since_restore: 0
  training_iteration: 3
  trial_id: e2af1c90
  
[2m[36m(pid=3086307)[0m 
[2m[36m(pid=3086307)[0m 
[2m[36m(pid=3086304)[0m 
[2m[36m(pid=3086304)[0m {'loss': 0.6732, 'learning_rate': 4.1239121838472324e-05, 'epoch': 0.42}
[2m[36m(pid=3086304)[0m {'loss': 0.6641, 'learning_rate': 3.4449671420548007e-05, 'epoch': 0.85}
Result for _inner_e2b1f0c8:
  date: 2021-03-25_03-16-46
  done: false
  epoch: 1.0
  eval_accuracy: 0.6207951070336392
  eval_f1: 0.7660377358490567
  eval_loss: 0.6717663407325745
  eval_precision: 0.6207951070336392
  eval_recall: 1.0
  eval_runtime: 9.673
  eval_samples_per_second: 169.027
  experiment_id: ad0a9da863c443e6bc63eff56560dddc
  hostname: gr010.nyu.cluster
  iterations_since_restore: 1
  node_ip: 10.32.35.74
  objective: 3.0076279499163348
  pid: 3086304
  time_since_restore: 236.50215888023376
  time_this_iter_s: 236.50215888023376
  time_total_s: 236.50215888023376
  timestamp: 1616656606
  timesteps_since_restore: 0
  training_iteration: 1
  trial_id: e2b1f0c8
  
[2m[36m(pid=3086304)[0m {'eval_loss': 0.6717663407325745, 'eval_accuracy': 0.6207951070336392, 'eval_precision': 0.6207951070336392, 'eval_recall': 1.0, 'eval_f1': 0.7660377358490567, 'eval_runtime': 9.673, 'eval_samples_per_second': 169.027, 'epoch': 1.0}
== Status ==
Memory usage on this node: 36.2/377.3 GiB
Using FIFO scheduling algorithm.
Resources requested: 1/48 CPUs, 1/1 GPUs, 0.0/235.16 GiB heap, 0.0/72.27 GiB objects (0/1.0 accelerator_type:RTX)
Result logdir: /home/as11919/ray_results/_inner_2021-03-25_03-01-12
Number of trials: 3/8 (1 PENDING, 1 RUNNING, 1 TERMINATED)
+-----------------+------------+---------------------+-----------------+-------------+
| Trial name      | status     | loc                 |   learning_rate |   objective |
|-----------------+------------+---------------------+-----------------+-------------|
| _inner_e2b1f0c8 | RUNNING    | 10.32.35.74:3086304 |     4.80286e-05 |     3.00763 |
| _inner_824047ce | PENDING    |                     |     3.92798e-05 |             |
| _inner_e2af1c90 | TERMINATED |                     |     2.49816e-05 |     3.3194  |
+-----------------+------------+---------------------+-----------------+-------------+


[2m[36m(pid=3086304)[0m {'loss': 0.6669, 'learning_rate': 2.7660221002623685e-05, 'epoch': 1.27}
[2m[36m(pid=3086304)[0m {'loss': 0.6669, 'learning_rate': 2.0870770584699364e-05, 'epoch': 1.7}
Result for _inner_e2b1f0c8:
  date: 2021-03-25_03-20-34
  done: false
  epoch: 2.0
  eval_accuracy: 0.6207951070336392
  eval_f1: 0.7660377358490567
  eval_loss: 0.6646907925605774
  eval_precision: 0.6207951070336392
  eval_recall: 1.0
  eval_runtime: 9.6799
  eval_samples_per_second: 168.906
  experiment_id: ad0a9da863c443e6bc63eff56560dddc
  hostname: gr010.nyu.cluster
  iterations_since_restore: 2
  node_ip: 10.32.35.74
  objective: 3.0076279499163348
  pid: 3086304
  time_since_restore: 464.0206639766693
  time_this_iter_s: 227.51850509643555
  time_total_s: 464.0206639766693
  timestamp: 1616656834
  timesteps_since_restore: 0
  training_iteration: 2
  trial_id: e2b1f0c8
  
== Status ==
Memory usage on this node: 36.3/377.3 GiB
Using FIFO scheduling algorithm.
Resources requested: 1/48 CPUs, 1/1 GPUs, 0.0/235.16 GiB heap, 0.0/72.27 GiB objects (0/1.0 accelerator_type:RTX)
Result logdir: /home/as11919/ray_results/_inner_2021-03-25_03-01-12
Number of trials: 3/8 (1 PENDING, 1 RUNNING, 1 TERMINATED)
+-----------------+------------+---------------------+-----------------+-------------+
| Trial name      | status     | loc                 |   learning_rate |   objective |
|-----------------+------------+---------------------+-----------------+-------------|
| _inner_e2b1f0c8 | RUNNING    | 10.32.35.74:3086304 |     4.80286e-05 |     3.00763 |
| _inner_824047ce | PENDING    |                     |     3.92798e-05 |             |
| _inner_e2af1c90 | TERMINATED |                     |     2.49816e-05 |     3.3194  |
+-----------------+------------+---------------------+-----------------+-------------+


[2m[36m(pid=3086304)[0m {'eval_loss': 0.6646907925605774, 'eval_accuracy': 0.6207951070336392, 'eval_precision': 0.6207951070336392, 'eval_recall': 1.0, 'eval_f1': 0.7660377358490567, 'eval_runtime': 9.6799, 'eval_samples_per_second': 168.906, 'epoch': 2.0}
[2m[36m(pid=3086304)[0m {'loss': 0.6677, 'learning_rate': 1.4081320166775043e-05, 'epoch': 2.12}
[2m[36m(pid=3086304)[0m {'loss': 0.6584, 'learning_rate': 7.291869748850721e-06, 'epoch': 2.54}
[2m[36m(pid=3086304)[0m {'loss': 0.6717, 'learning_rate': 5.024193309263998e-07, 'epoch': 2.97}
Result for _inner_e2b1f0c8:
  date: 2021-03-25_03-24-25
  done: false
  epoch: 3.0
  eval_accuracy: 0.6207951070336392
  eval_f1: 0.7660377358490567
  eval_loss: 0.6637690663337708
  eval_precision: 0.6207951070336392
  eval_recall: 1.0
  eval_runtime: 9.66
  eval_samples_per_second: 169.255
  experiment_id: ad0a9da863c443e6bc63eff56560dddc
  hostname: gr010.nyu.cluster
  iterations_since_restore: 3
  node_ip: 10.32.35.74
  objective: 3.0076279499163348
  pid: 3086304
  time_since_restore: 694.6610963344574
  time_this_iter_s: 230.6404323577881
  time_total_s: 694.6610963344574
  timestamp: 1616657065
  timesteps_since_restore: 0
  training_iteration: 3
  trial_id: e2b1f0c8
  
== Status ==
Memory usage on this node: 36.3/377.3 GiB
Using FIFO scheduling algorithm.
Resources requested: 1/48 CPUs, 1/1 GPUs, 0.0/235.16 GiB heap, 0.0/72.27 GiB objects (0/1.0 accelerator_type:RTX)
Result logdir: /home/as11919/ray_results/_inner_2021-03-25_03-01-12
Number of trials: 3/8 (1 PENDING, 1 RUNNING, 1 TERMINATED)
+-----------------+------------+---------------------+-----------------+-------------+
| Trial name      | status     | loc                 |   learning_rate |   objective |
|-----------------+------------+---------------------+-----------------+-------------|
| _inner_e2b1f0c8 | RUNNING    | 10.32.35.74:3086304 |     4.80286e-05 |     3.00763 |
| _inner_824047ce | PENDING    |                     |     3.92798e-05 |             |
| _inner_e2af1c90 | TERMINATED |                     |     2.49816e-05 |     3.3194  |
+-----------------+------------+---------------------+-----------------+-------------+


[2m[36m(pid=3086304)[0m {'eval_loss': 0.6637690663337708, 'eval_accuracy': 0.6207951070336392, 'eval_precision': 0.6207951070336392, 'eval_recall': 1.0, 'eval_f1': 0.7660377358490567, 'eval_runtime': 9.66, 'eval_samples_per_second': 169.255, 'epoch': 3.0}
[2m[36m(pid=3086304)[0m {'train_runtime': 686.2769, 'train_samples_per_second': 5.154, 'epoch': 3.0}
Result for _inner_e2b1f0c8:
  date: 2021-03-25_03-24-25
  done: true
  epoch: 3.0
  eval_accuracy: 0.6207951070336392
  eval_f1: 0.7660377358490567
  eval_loss: 0.6637690663337708
  eval_precision: 0.6207951070336392
  eval_recall: 1.0
  eval_runtime: 9.66
  eval_samples_per_second: 169.255
  experiment_id: ad0a9da863c443e6bc63eff56560dddc
  experiment_tag: 2_learning_rate=4.8029e-05
  hostname: gr010.nyu.cluster
  iterations_since_restore: 3
  node_ip: 10.32.35.74
  objective: 3.0076279499163348
  pid: 3086304
  time_since_restore: 694.6610963344574
  time_this_iter_s: 230.6404323577881
  time_total_s: 694.6610963344574
  timestamp: 1616657065
  timesteps_since_restore: 0
  training_iteration: 3
  trial_id: e2b1f0c8
  
[2m[36m(pid=3086304)[0m 
[2m[36m(pid=3086304)[0m 
[2m[36m(pid=3086308)[0m 
[2m[36m(pid=3086308)[0m {'loss': 0.672, 'learning_rate': 3.372706362772109e-05, 'epoch': 0.42}
[2m[36m(pid=3086308)[0m {'loss': 0.6638, 'learning_rate': 2.817436958298598e-05, 'epoch': 0.85}
Result for _inner_824047ce:
  date: 2021-03-25_03-28-29
  done: false
  epoch: 1.0
  eval_accuracy: 0.6207951070336392
  eval_f1: 0.7660377358490567
  eval_loss: 0.6723101139068604
  eval_precision: 0.6207951070336392
  eval_recall: 1.0
  eval_runtime: 9.7187
  eval_samples_per_second: 168.233
  experiment_id: 93abf5700158404ba1d28acfd7f7e670
  hostname: gr010.nyu.cluster
  iterations_since_restore: 1
  node_ip: 10.32.35.74
  objective: 3.0076279499163348
  pid: 3086308
  time_since_restore: 244.02756237983704
  time_this_iter_s: 244.02756237983704
  time_total_s: 244.02756237983704
  timestamp: 1616657309
  timesteps_since_restore: 0
  training_iteration: 1
  trial_id: 824047ce
  
== Status ==
Memory usage on this node: 36.2/377.3 GiB
Using FIFO scheduling algorithm.
Resources requested: 1/48 CPUs, 1/1 GPUs, 0.0/235.16 GiB heap, 0.0/72.27 GiB objects (0/1.0 accelerator_type:RTX)
Result logdir: /home/as11919/ray_results/_inner_2021-03-25_03-01-12
Number of trials: 4/8 (1 PENDING, 1 RUNNING, 2 TERMINATED)
+-----------------+------------+---------------------+-----------------+-------------+
| Trial name      | status     | loc                 |   learning_rate |   objective |
|-----------------+------------+---------------------+-----------------+-------------|
| _inner_824047ce | RUNNING    | 10.32.35.74:3086308 |     3.92798e-05 |     3.00763 |
| _inner_20860bca | PENDING    |                     |     3.39463e-05 |             |
| _inner_e2af1c90 | TERMINATED |                     |     2.49816e-05 |     3.3194  |
| _inner_e2b1f0c8 | TERMINATED |                     |     4.80286e-05 |     3.00763 |
+-----------------+------------+---------------------+-----------------+-------------+


[2m[36m(pid=3086308)[0m {'eval_loss': 0.6723101139068604, 'eval_accuracy': 0.6207951070336392, 'eval_precision': 0.6207951070336392, 'eval_recall': 1.0, 'eval_f1': 0.7660377358490567, 'eval_runtime': 9.7187, 'eval_samples_per_second': 168.233, 'epoch': 1.0}
[2m[36m(pid=3086308)[0m {'loss': 0.6665, 'learning_rate': 2.2621675538250863e-05, 'epoch': 1.27}
[2m[36m(pid=3086308)[0m {'loss': 0.6661, 'learning_rate': 1.7068981493515747e-05, 'epoch': 1.7}
Result for _inner_824047ce:
  date: 2021-03-25_03-32-17
  done: false
  epoch: 2.0
  eval_accuracy: 0.6207951070336392
  eval_f1: 0.7660377358490567
  eval_loss: 0.6643524765968323
  eval_precision: 0.6207951070336392
  eval_recall: 1.0
  eval_runtime: 9.7065
  eval_samples_per_second: 168.443
  experiment_id: 93abf5700158404ba1d28acfd7f7e670
  hostname: gr010.nyu.cluster
  iterations_since_restore: 2
  node_ip: 10.32.35.74
  objective: 3.0076279499163348
  pid: 3086308
  time_since_restore: 471.74046635627747
  time_this_iter_s: 227.71290397644043
  time_total_s: 471.74046635627747
  timestamp: 1616657537
  timesteps_since_restore: 0
  training_iteration: 2
  trial_id: 824047ce
  
== Status ==
Memory usage on this node: 36.3/377.3 GiB
Using FIFO scheduling algorithm.
Resources requested: 1/48 CPUs, 1/1 GPUs, 0.0/235.16 GiB heap, 0.0/72.27 GiB objects (0/1.0 accelerator_type:RTX)
Result logdir: /home/as11919/ray_results/_inner_2021-03-25_03-01-12
Number of trials: 4/8 (1 PENDING, 1 RUNNING, 2 TERMINATED)
+-----------------+------------+---------------------+-----------------+-------------+
| Trial name      | status     | loc                 |   learning_rate |   objective |
|-----------------+------------+---------------------+-----------------+-------------|
| _inner_824047ce | RUNNING    | 10.32.35.74:3086308 |     3.92798e-05 |     3.00763 |
| _inner_20860bca | PENDING    |                     |     3.39463e-05 |             |
| _inner_e2af1c90 | TERMINATED |                     |     2.49816e-05 |     3.3194  |
| _inner_e2b1f0c8 | TERMINATED |                     |     4.80286e-05 |     3.00763 |
+-----------------+------------+---------------------+-----------------+-------------+


[2m[36m(pid=3086308)[0m {'eval_loss': 0.6643524765968323, 'eval_accuracy': 0.6207951070336392, 'eval_precision': 0.6207951070336392, 'eval_recall': 1.0, 'eval_f1': 0.7660377358490567, 'eval_runtime': 9.7065, 'eval_samples_per_second': 168.443, 'epoch': 2.0}
[2m[36m(pid=3086308)[0m {'loss': 0.6676, 'learning_rate': 1.151628744878063e-05, 'epoch': 2.12}
[2m[36m(pid=3086308)[0m {'loss': 0.6581, 'learning_rate': 5.963593404045515e-06, 'epoch': 2.54}
[2m[36m(pid=3086308)[0m {'loss': 0.6714, 'learning_rate': 4.1089935931039857e-07, 'epoch': 2.97}
Result for _inner_824047ce:
  date: 2021-03-25_03-36-08
  done: false
  epoch: 3.0
  eval_accuracy: 0.6207951070336392
  eval_f1: 0.7660377358490567
  eval_loss: 0.663693368434906
  eval_precision: 0.6207951070336392
  eval_recall: 1.0
  eval_runtime: 9.6868
  eval_samples_per_second: 168.786
  experiment_id: 93abf5700158404ba1d28acfd7f7e670
  hostname: gr010.nyu.cluster
  iterations_since_restore: 3
  node_ip: 10.32.35.74
  objective: 3.0076279499163348
  pid: 3086308
  time_since_restore: 702.4930305480957
  time_this_iter_s: 230.75256419181824
  time_total_s: 702.4930305480957
  timestamp: 1616657768
  timesteps_since_restore: 0
  training_iteration: 3
  trial_id: 824047ce
  
== Status ==
Memory usage on this node: 36.2/377.3 GiB
Using FIFO scheduling algorithm.
Resources requested: 1/48 CPUs, 1/1 GPUs, 0.0/235.16 GiB heap, 0.0/72.27 GiB objects (0/1.0 accelerator_type:RTX)
Result logdir: /home/as11919/ray_results/_inner_2021-03-25_03-01-12
Number of trials: 4/8 (1 PENDING, 1 RUNNING, 2 TERMINATED)
+-----------------+------------+---------------------+-----------------+-------------+
| Trial name      | status     | loc                 |   learning_rate |   objective |
|-----------------+------------+---------------------+-----------------+-------------|
| _inner_824047ce | RUNNING    | 10.32.35.74:3086308 |     3.92798e-05 |     3.00763 |
| _inner_20860bca | PENDING    |                     |     3.39463e-05 |             |
| _inner_e2af1c90 | TERMINATED |                     |     2.49816e-05 |     3.3194  |
| _inner_e2b1f0c8 | TERMINATED |                     |     4.80286e-05 |     3.00763 |
+-----------------+------------+---------------------+-----------------+-------------+


[2m[36m(pid=3086308)[0m {'eval_loss': 0.663693368434906, 'eval_accuracy': 0.6207951070336392, 'eval_precision': 0.6207951070336392, 'eval_recall': 1.0, 'eval_f1': 0.7660377358490567, 'eval_runtime': 9.6868, 'eval_samples_per_second': 168.786, 'epoch': 3.0}
[2m[36m(pid=3086308)[0m {'train_runtime': 694.2601, 'train_samples_per_second': 5.095, 'epoch': 3.0}
Result for _inner_824047ce:
  date: 2021-03-25_03-36-08
  done: true
  epoch: 3.0
  eval_accuracy: 0.6207951070336392
  eval_f1: 0.7660377358490567
  eval_loss: 0.663693368434906
  eval_precision: 0.6207951070336392
  eval_recall: 1.0
  eval_runtime: 9.6868
  eval_samples_per_second: 168.786
  experiment_id: 93abf5700158404ba1d28acfd7f7e670
  experiment_tag: 3_learning_rate=3.928e-05
  hostname: gr010.nyu.cluster
  iterations_since_restore: 3
  node_ip: 10.32.35.74
  objective: 3.0076279499163348
  pid: 3086308
  time_since_restore: 702.4930305480957
  time_this_iter_s: 230.75256419181824
  time_total_s: 702.4930305480957
  timestamp: 1616657768
  timesteps_since_restore: 0
  training_iteration: 3
  trial_id: 824047ce
  
[2m[36m(pid=3086308)[0m 
[2m[36m(pid=3086311)[0m 
[2m[36m(pid=3086311)[0m {'loss': 0.6727, 'learning_rate': 2.9147591931087368e-05, 'epoch': 0.42}
[2m[36m(pid=3086311)[0m {'loss': 0.6624, 'learning_rate': 2.434884449429327e-05, 'epoch': 0.85}
Result for _inner_20860bca:
  date: 2021-03-25_03-40-05
  done: false
  epoch: 1.0
  eval_accuracy: 0.6207951070336392
  eval_f1: 0.7660377358490567
  eval_loss: 0.6717388033866882
  eval_precision: 0.6207951070336392
  eval_recall: 1.0
  eval_runtime: 9.7137
  eval_samples_per_second: 168.319
  experiment_id: 9444005772504624ac4b5e6fcdf3499a
  hostname: gr010.nyu.cluster
  iterations_since_restore: 1
  node_ip: 10.32.35.74
  objective: 3.0076279499163348
  pid: 3086311
  time_since_restore: 237.48460412025452
  time_this_iter_s: 237.48460412025452
  time_total_s: 237.48460412025452
  timestamp: 1616658005
  timesteps_since_restore: 0
  training_iteration: 1
  trial_id: 20860bca
  
== Status ==
Memory usage on this node: 36.1/377.3 GiB
Using FIFO scheduling algorithm.
Resources requested: 1/48 CPUs, 1/1 GPUs, 0.0/235.16 GiB heap, 0.0/72.27 GiB objects (0/1.0 accelerator_type:RTX)
Result logdir: /home/as11919/ray_results/_inner_2021-03-25_03-01-12
Number of trials: 4/8 (1 RUNNING, 3 TERMINATED)
+-----------------+------------+---------------------+-----------------+-------------+
| Trial name      | status     | loc                 |   learning_rate |   objective |
|-----------------+------------+---------------------+-----------------+-------------|
| _inner_20860bca | RUNNING    | 10.32.35.74:3086311 |     3.39463e-05 |     3.00763 |
| _inner_e2af1c90 | TERMINATED |                     |     2.49816e-05 |     3.3194  |
| _inner_e2b1f0c8 | TERMINATED |                     |     4.80286e-05 |     3.00763 |
| _inner_824047ce | TERMINATED |                     |     3.92798e-05 |     3.00763 |
+-----------------+------------+---------------------+-----------------+-------------+


[2m[36m(pid=3086311)[0m {'eval_loss': 0.6717388033866882, 'eval_accuracy': 0.6207951070336392, 'eval_precision': 0.6207951070336392, 'eval_recall': 1.0, 'eval_f1': 0.7660377358490567, 'eval_runtime': 9.7137, 'eval_samples_per_second': 168.319, 'epoch': 1.0}
[2m[36m(pid=3086311)[0m {'loss': 0.6672, 'learning_rate': 1.9550097057499168e-05, 'epoch': 1.27}
[2m[36m(pid=3086311)[0m {'loss': 0.6652, 'learning_rate': 1.4751349620705066e-05, 'epoch': 1.7}
Result for _inner_20860bca:
  date: 2021-03-25_03-43-53
  done: false
  epoch: 2.0
  eval_accuracy: 0.6207951070336392
  eval_f1: 0.7660377358490567
  eval_loss: 0.6644054651260376
  eval_precision: 0.6207951070336392
  eval_recall: 1.0
  eval_runtime: 9.686
  eval_samples_per_second: 168.8
  experiment_id: 9444005772504624ac4b5e6fcdf3499a
  hostname: gr010.nyu.cluster
  iterations_since_restore: 2
  node_ip: 10.32.35.74
  objective: 3.0076279499163348
  pid: 3086311
  time_since_restore: 464.9909746646881
  time_this_iter_s: 227.5063705444336
  time_total_s: 464.9909746646881
  timestamp: 1616658233
  timesteps_since_restore: 0
  training_iteration: 2
  trial_id: 20860bca
  
== Status ==
Memory usage on this node: 36.0/377.3 GiB
Using FIFO scheduling algorithm.
Resources requested: 1/48 CPUs, 1/1 GPUs, 0.0/235.16 GiB heap, 0.0/72.27 GiB objects (0/1.0 accelerator_type:RTX)
Result logdir: /home/as11919/ray_results/_inner_2021-03-25_03-01-12
Number of trials: 4/8 (1 RUNNING, 3 TERMINATED)
+-----------------+------------+---------------------+-----------------+-------------+
| Trial name      | status     | loc                 |   learning_rate |   objective |
|-----------------+------------+---------------------+-----------------+-------------|
| _inner_20860bca | RUNNING    | 10.32.35.74:3086311 |     3.39463e-05 |     3.00763 |
| _inner_e2af1c90 | TERMINATED |                     |     2.49816e-05 |     3.3194  |
| _inner_e2b1f0c8 | TERMINATED |                     |     4.80286e-05 |     3.00763 |
| _inner_824047ce | TERMINATED |                     |     3.92798e-05 |     3.00763 |
+-----------------+------------+---------------------+-----------------+-------------+


[2m[36m(pid=3086311)[0m {'eval_loss': 0.6644054651260376, 'eval_accuracy': 0.6207951070336392, 'eval_precision': 0.6207951070336392, 'eval_recall': 1.0, 'eval_f1': 0.7660377358490567, 'eval_runtime': 9.686, 'eval_samples_per_second': 168.8, 'epoch': 2.0}
[2m[36m(pid=3086311)[0m {'loss': 0.6677, 'learning_rate': 9.952602183910965e-06, 'epoch': 2.12}
[2m[36m(pid=3086311)[0m {'loss': 0.6563, 'learning_rate': 5.1538547471168645e-06, 'epoch': 2.54}
[2m[36m(pid=3086311)[0m {'loss': 0.6516, 'learning_rate': 3.551073103227635e-07, 'epoch': 2.97}
Result for _inner_20860bca:
  date: 2021-03-25_03-47-44
  done: false
  epoch: 3.0
  eval_accuracy: 0.637308868501529
  eval_f1: 0.7182897862232779
  eval_loss: 0.636998176574707
  eval_precision: 0.6935779816513762
  eval_recall: 0.7448275862068966
  eval_runtime: 9.6952
  eval_samples_per_second: 168.64
  experiment_id: 9444005772504624ac4b5e6fcdf3499a
  hostname: gr010.nyu.cluster
  iterations_since_restore: 3
  node_ip: 10.32.35.74
  objective: 2.7940042225830797
  pid: 3086311
  time_since_restore: 695.920024394989
  time_this_iter_s: 230.9290497303009
  time_total_s: 695.920024394989
  timestamp: 1616658464
  timesteps_since_restore: 0
  training_iteration: 3
  trial_id: 20860bca
  
[2m[36m(pid=3086311)[0m {'eval_loss': 0.636998176574707, 'eval_accuracy': 0.637308868501529, 'eval_precision': 0.6935779816513762, 'eval_recall': 0.7448275862068966, 'eval_f1': 0.7182897862232779, 'eval_runtime': 9.6952, 'eval_samples_per_second': 168.64, 'epoch': 3.0}
[2m[36m(pid=3086311)[0m 
== Status ==
Memory usage on this node: 36.0/377.3 GiB
Using FIFO scheduling algorithm.
Resources requested: 1/48 CPUs, 1/1 GPUs, 0.0/235.16 GiB heap, 0.0/72.27 GiB objects (0/1.0 accelerator_type:RTX)
Result logdir: /home/as11919/ray_results/_inner_2021-03-25_03-01-12
Number of trials: 5/8 (1 PENDING, 1 RUNNING, 3 TERMINATED)
+-----------------+------------+---------------------+-----------------+-------------+
| Trial name      | status     | loc                 |   learning_rate |   objective |
|-----------------+------------+---------------------+-----------------+-------------|
| _inner_20860bca | RUNNING    | 10.32.35.74:3086311 |     3.39463e-05 |     2.794   |
| _inner_d8bef830 | PENDING    |                     |     1.23233e-05 |             |
| _inner_e2af1c90 | TERMINATED |                     |     2.49816e-05 |     3.3194  |
| _inner_e2b1f0c8 | TERMINATED |                     |     4.80286e-05 |     3.00763 |
| _inner_824047ce | TERMINATED |                     |     3.92798e-05 |     3.00763 |
+-----------------+------------+---------------------+-----------------+-------------+


[2m[36m(pid=3086311)[0m {'train_runtime': 687.5688, 'train_samples_per_second': 5.144, 'epoch': 3.0}
Result for _inner_20860bca:
  date: 2021-03-25_03-47-44
  done: true
  epoch: 3.0
  eval_accuracy: 0.637308868501529
  eval_f1: 0.7182897862232779
  eval_loss: 0.636998176574707
  eval_precision: 0.6935779816513762
  eval_recall: 0.7448275862068966
  eval_runtime: 9.6952
  eval_samples_per_second: 168.64
  experiment_id: 9444005772504624ac4b5e6fcdf3499a
  experiment_tag: 4_learning_rate=3.3946e-05
  hostname: gr010.nyu.cluster
  iterations_since_restore: 3
  node_ip: 10.32.35.74
  objective: 2.7940042225830797
  pid: 3086311
  time_since_restore: 695.920024394989
  time_this_iter_s: 230.9290497303009
  time_total_s: 695.920024394989
  timestamp: 1616658464
  timesteps_since_restore: 0
  training_iteration: 3
  trial_id: 20860bca
  
[2m[36m(pid=3086311)[0m 
[2m[36m(pid=3086319)[0m 
[2m[36m(pid=3086319)[0m {'loss': 0.66, 'learning_rate': 1.0581282783769543e-05, 'epoch': 0.42}
[2m[36m(pid=3086319)[0m {'loss': 0.5996, 'learning_rate': 8.839221080811106e-06, 'epoch': 0.85}
Result for _inner_d8bef830:
  date: 2021-03-25_03-51-42
  done: false
  epoch: 1.0
  eval_accuracy: 0.7388379204892966
  eval_f1: 0.8047553726566073
  eval_loss: 0.5326519012451172
  eval_precision: 0.7508532423208191
  eval_recall: 0.8669950738916257
  eval_runtime: 9.7109
  eval_samples_per_second: 168.368
  experiment_id: c226691d7f754d81a6e878de812aa350
  hostname: gr010.nyu.cluster
  iterations_since_restore: 1
  node_ip: 10.32.35.74
  objective: 3.161441609358349
  pid: 3086319
  time_since_restore: 237.35378623008728
  time_this_iter_s: 237.35378623008728
  time_total_s: 237.35378623008728
  timestamp: 1616658702
  timesteps_since_restore: 0
  training_iteration: 1
  trial_id: d8bef830
  
[2m[36m(pid=3086319)[0m {'eval_loss': 0.5326519012451172, 'eval_accuracy': 0.7388379204892966, 'eval_precision': 0.7508532423208191, 'eval_recall': 0.8669950738916257, 'eval_f1': 0.8047553726566073, 'eval_runtime': 9.7109, 'eval_samples_per_second': 168.368, 'epoch': 1.0}
== Status ==
Memory usage on this node: 36.2/377.3 GiB
Using FIFO scheduling algorithm.
Resources requested: 1/48 CPUs, 1/1 GPUs, 0.0/235.16 GiB heap, 0.0/72.27 GiB objects (0/1.0 accelerator_type:RTX)
Result logdir: /home/as11919/ray_results/_inner_2021-03-25_03-01-12
Number of trials: 5/8 (1 RUNNING, 4 TERMINATED)
+-----------------+------------+---------------------+-----------------+-------------+
| Trial name      | status     | loc                 |   learning_rate |   objective |
|-----------------+------------+---------------------+-----------------+-------------|
| _inner_d8bef830 | RUNNING    | 10.32.35.74:3086319 |     1.23233e-05 |     3.16144 |
| _inner_e2af1c90 | TERMINATED |                     |     2.49816e-05 |     3.3194  |
| _inner_e2b1f0c8 | TERMINATED |                     |     4.80286e-05 |     3.00763 |
| _inner_824047ce | TERMINATED |                     |     3.92798e-05 |     3.00763 |
| _inner_20860bca | TERMINATED |                     |     3.39463e-05 |     2.794   |
+-----------------+------------+---------------------+-----------------+-------------+


[2m[36m(pid=3086319)[0m 
[2m[36m(pid=3086319)[0m {'loss': 0.5133, 'learning_rate': 7.09715937785267e-06, 'epoch': 1.27}
[2m[36m(pid=3086319)[0m {'loss': 0.4931, 'learning_rate': 5.3550976748942334e-06, 'epoch': 1.7}
Result for _inner_d8bef830:
  date: 2021-03-25_03-55-30
  done: false
  epoch: 2.0
  eval_accuracy: 0.7798165137614679
  eval_f1: 0.8201798201798203
  eval_loss: 0.49167466163635254
  eval_precision: 0.8318135764944276
  eval_recall: 0.8088669950738916
  eval_runtime: 9.7141
  eval_samples_per_second: 168.312
  experiment_id: c226691d7f754d81a6e878de812aa350
  hostname: gr010.nyu.cluster
  iterations_since_restore: 2
  node_ip: 10.32.35.74
  objective: 3.2406769055096074
  pid: 3086319
  time_since_restore: 465.6063942909241
  time_this_iter_s: 228.2526080608368
  time_total_s: 465.6063942909241
  timestamp: 1616658930
  timesteps_since_restore: 0
  training_iteration: 2
  trial_id: d8bef830
  
== Status ==
Memory usage on this node: 36.1/377.3 GiB
Using FIFO scheduling algorithm.
Resources requested: 1/48 CPUs, 1/1 GPUs, 0.0/235.16 GiB heap, 0.0/72.27 GiB objects (0/1.0 accelerator_type:RTX)
Result logdir: /home/as11919/ray_results/_inner_2021-03-25_03-01-12
Number of trials: 5/8 (1 RUNNING, 4 TERMINATED)
+-----------------+------------+---------------------+-----------------+-------------+
| Trial name      | status     | loc                 |   learning_rate |   objective |
|-----------------+------------+---------------------+-----------------+-------------|
| _inner_d8bef830 | RUNNING    | 10.32.35.74:3086319 |     1.23233e-05 |     3.24068 |
| _inner_e2af1c90 | TERMINATED |                     |     2.49816e-05 |     3.3194  |
| _inner_e2b1f0c8 | TERMINATED |                     |     4.80286e-05 |     3.00763 |
| _inner_824047ce | TERMINATED |                     |     3.92798e-05 |     3.00763 |
| _inner_20860bca | TERMINATED |                     |     3.39463e-05 |     2.794   |
+-----------------+------------+---------------------+-----------------+-------------+


[2m[36m(pid=3086319)[0m {'eval_loss': 0.49167466163635254, 'eval_accuracy': 0.7798165137614679, 'eval_precision': 0.8318135764944276, 'eval_recall': 0.8088669950738916, 'eval_f1': 0.8201798201798203, 'eval_runtime': 9.7141, 'eval_samples_per_second': 168.312, 'epoch': 2.0}
[2m[36m(pid=3086319)[0m {'loss': 0.4343, 'learning_rate': 3.613035971935797e-06, 'epoch': 2.12}
[2m[36m(pid=3086319)[0m {'loss': 0.3856, 'learning_rate': 1.8709742689773606e-06, 'epoch': 2.54}
[2m[36m(pid=3086319)[0m {'loss': 0.3628, 'learning_rate': 1.289125660189243e-07, 'epoch': 2.97}
Result for _inner_d8bef830:
  date: 2021-03-25_03-59-21
  done: false
  epoch: 3.0
  eval_accuracy: 0.7993883792048929
  eval_f1: 0.8396871945259041
  eval_loss: 0.5403613448143005
  eval_precision: 0.8331716779825412
  eval_recall: 0.8463054187192118
  eval_runtime: 9.686
  eval_samples_per_second: 168.8
  experiment_id: c226691d7f754d81a6e878de812aa350
  hostname: gr010.nyu.cluster
  iterations_since_restore: 3
  node_ip: 10.32.35.74
  objective: 3.31855267043255
  pid: 3086319
  time_since_restore: 697.1665723323822
  time_this_iter_s: 231.56017804145813
  time_total_s: 697.1665723323822
  timestamp: 1616659161
  timesteps_since_restore: 0
  training_iteration: 3
  trial_id: d8bef830
  
== Status ==
Memory usage on this node: 36.1/377.3 GiB
Using FIFO scheduling algorithm.
Resources requested: 1/48 CPUs, 1/1 GPUs, 0.0/235.16 GiB heap, 0.0/72.27 GiB objects (0/1.0 accelerator_type:RTX)
Result logdir: /home/as11919/ray_results/_inner_2021-03-25_03-01-12
Number of trials: 5/8 (1 RUNNING, 4 TERMINATED)
+-----------------+------------+---------------------+-----------------+-------------+
| Trial name      | status     | loc                 |   learning_rate |   objective |
|-----------------+------------+---------------------+-----------------+-------------|
| _inner_d8bef830 | RUNNING    | 10.32.35.74:3086319 |     1.23233e-05 |     3.31855 |
| _inner_e2af1c90 | TERMINATED |                     |     2.49816e-05 |     3.3194  |
| _inner_e2b1f0c8 | TERMINATED |                     |     4.80286e-05 |     3.00763 |
| _inner_824047ce | TERMINATED |                     |     3.92798e-05 |     3.00763 |
| _inner_20860bca | TERMINATED |                     |     3.39463e-05 |     2.794   |
+-----------------+------------+---------------------+-----------------+-------------+


[2m[36m(pid=3086319)[0m {'eval_loss': 0.5403613448143005, 'eval_accuracy': 0.7993883792048929, 'eval_precision': 0.8331716779825412, 'eval_recall': 0.8463054187192118, 'eval_f1': 0.8396871945259041, 'eval_runtime': 9.686, 'eval_samples_per_second': 168.8, 'epoch': 3.0}
[2m[36m(pid=3086319)[0m {'train_runtime': 688.6743, 'train_samples_per_second': 5.136, 'epoch': 3.0}
[2m[36m(pid=3086319)[0m 
Result for _inner_d8bef830:
  date: 2021-03-25_03-59-21
  done: true
  epoch: 3.0
  eval_accuracy: 0.7993883792048929
  eval_f1: 0.8396871945259041
  eval_loss: 0.5403613448143005
  eval_precision: 0.8331716779825412
  eval_recall: 0.8463054187192118
  eval_runtime: 9.686
  eval_samples_per_second: 168.8
  experiment_id: c226691d7f754d81a6e878de812aa350
  experiment_tag: 5_learning_rate=1.2323e-05
  hostname: gr010.nyu.cluster
  iterations_since_restore: 3
  node_ip: 10.32.35.74
  objective: 3.31855267043255
  pid: 3086319
  time_since_restore: 697.1665723323822
  time_this_iter_s: 231.56017804145813
  time_total_s: 697.1665723323822
  timestamp: 1616659161
  timesteps_since_restore: 0
  training_iteration: 3
  trial_id: d8bef830
  
[2m[36m(pid=3086319)[0m 
== Status ==
Memory usage on this node: 32.8/377.3 GiB
Using FIFO scheduling algorithm.
Resources requested: 0/48 CPUs, 0/1 GPUs, 0.0/235.16 GiB heap, 0.0/72.27 GiB objects (0/1.0 accelerator_type:RTX)
Result logdir: /home/as11919/ray_results/_inner_2021-03-25_03-01-12
Number of trials: 5/8 (5 TERMINATED)
+-----------------+------------+-------+-----------------+-------------+
| Trial name      | status     | loc   |   learning_rate |   objective |
|-----------------+------------+-------+-----------------+-------------|
| _inner_e2af1c90 | TERMINATED |       |     2.49816e-05 |     3.3194  |
| _inner_e2b1f0c8 | TERMINATED |       |     4.80286e-05 |     3.00763 |
| _inner_824047ce | TERMINATED |       |     3.92798e-05 |     3.00763 |
| _inner_20860bca | TERMINATED |       |     3.39463e-05 |     2.794   |
| _inner_d8bef830 | TERMINATED |       |     1.23233e-05 |     3.31855 |
+-----------------+------------+-------+-----------------+-------------+


VVVVVVVVVVVVVV BEST RUN DETAILS VVVVVVVVVVVVVV
BestRun(run_id='20860bca', objective=2.7940042225830797, hyperparameters={'learning_rate': 3.394633936788147e-05})
Done!
