huggingface/tokenizers: The current process just got forked, after parallelism has already been used. Disabling parallelism to avoid deadlocks...
To disable this warning, you can either:
	- Avoid using `tokenizers` before the fork if possible
	- Explicitly set the environment variable TOKENIZERS_PARALLELISM=(true | false)
huggingface/tokenizers: The current process just got forked, after parallelism has already been used. Disabling parallelism to avoid deadlocks...
To disable this warning, you can either:
	- Avoid using `tokenizers` before the fork if possible
	- Explicitly set the environment variable TOKENIZERS_PARALLELISM=(true | false)
huggingface/tokenizers: The current process just got forked, after parallelism has already been used. Disabling parallelism to avoid deadlocks...
To disable this warning, you can either:
	- Avoid using `tokenizers` before the fork if possible
	- Explicitly set the environment variable TOKENIZERS_PARALLELISM=(true | false)
huggingface/tokenizers: The current process just got forked, after parallelism has already been used. Disabling parallelism to avoid deadlocks...
To disable this warning, you can either:
	- Avoid using `tokenizers` before the fork if possible
	- Explicitly set the environment variable TOKENIZERS_PARALLELISM=(true | false)
huggingface/tokenizers: The current process just got forked, after parallelism has already been used. Disabling parallelism to avoid deadlocks...
To disable this warning, you can either:
	- Avoid using `tokenizers` before the fork if possible
	- Explicitly set the environment variable TOKENIZERS_PARALLELISM=(true | false)
huggingface/tokenizers: The current process just got forked, after parallelism has already been used. Disabling parallelism to avoid deadlocks...
To disable this warning, you can either:
	- Avoid using `tokenizers` before the fork if possible
	- Explicitly set the environment variable TOKENIZERS_PARALLELISM=(true | false)
huggingface/tokenizers: The current process just got forked, after parallelism has already been used. Disabling parallelism to avoid deadlocks...
To disable this warning, you can either:
	- Avoid using `tokenizers` before the fork if possible
	- Explicitly set the environment variable TOKENIZERS_PARALLELISM=(true | false)
huggingface/tokenizers: The current process just got forked, after parallelism has already been used. Disabling parallelism to avoid deadlocks...
To disable this warning, you can either:
	- Avoid using `tokenizers` before the fork if possible
	- Explicitly set the environment variable TOKENIZERS_PARALLELISM=(true | false)
huggingface/tokenizers: The current process just got forked, after parallelism has already been used. Disabling parallelism to avoid deadlocks...
To disable this warning, you can either:
	- Avoid using `tokenizers` before the fork if possible
	- Explicitly set the environment variable TOKENIZERS_PARALLELISM=(true | false)
huggingface/tokenizers: The current process just got forked, after parallelism has already been used. Disabling parallelism to avoid deadlocks...
To disable this warning, you can either:
	- Avoid using `tokenizers` before the fork if possible
	- Explicitly set the environment variable TOKENIZERS_PARALLELISM=(true | false)
huggingface/tokenizers: The current process just got forked, after parallelism has already been used. Disabling parallelism to avoid deadlocks...
To disable this warning, you can either:
	- Avoid using `tokenizers` before the fork if possible
	- Explicitly set the environment variable TOKENIZERS_PARALLELISM=(true | false)
huggingface/tokenizers: The current process just got forked, after parallelism has already been used. Disabling parallelism to avoid deadlocks...
To disable this warning, you can either:
	- Avoid using `tokenizers` before the fork if possible
	- Explicitly set the environment variable TOKENIZERS_PARALLELISM=(true | false)
huggingface/tokenizers: The current process just got forked, after parallelism has already been used. Disabling parallelism to avoid deadlocks...
To disable this warning, you can either:
	- Avoid using `tokenizers` before the fork if possible
	- Explicitly set the environment variable TOKENIZERS_PARALLELISM=(true | false)
== Status ==
Memory usage on this node: 178.8/377.3 GiB
Using FIFO scheduling algorithm.
Resources requested: 1/48 CPUs, 1/1 GPUs, 0.0/160.6 GiB heap, 0.0/50.24 GiB objects (0/1.0 accelerator_type:RTX)
Result logdir: /home/as11919/ray_results/_inner_2021-03-25_01-14-43
Number of trials: 1/10 (1 RUNNING)
+-----------------+----------+-------+-----------------+
| Trial name      | status   | loc   |   learning_rate |
|-----------------+----------+-------+-----------------|
| _inner_02313e9a | RUNNING  |       |     2.49816e-05 |
+-----------------+----------+-------+-----------------+


[2m[36m(pid=839736)[0m 
[2m[36m(pid=839736)[0m {'loss': 0.6628, 'learning_rate': 2.145013673666316e-05, 'epoch': 0.42}
[2m[36m(pid=839736)[0m {'loss': 0.6226, 'learning_rate': 1.7918668719431822e-05, 'epoch': 0.85}
Result for _inner_02313e9a:
  date: 2021-03-25_01-18-38
  done: false
  epoch: 1.0
  eval_accuracy: 0.7143730886850153
  eval_f1: 0.7698373583045836
  eval_loss: 0.5757635235786438
  eval_precision: 0.7778884462151394
  eval_recall: 0.7619512195121951
  eval_runtime: 9.5372
  eval_samples_per_second: 171.434
  experiment_id: d61487208ecc48eba12373b23b673f4f
  hostname: gr058.nyu.cluster
  iterations_since_restore: 1
  node_ip: 10.32.35.117
  objective: 3.0240501127169335
  pid: 839736
  time_since_restore: 234.76287627220154
  time_this_iter_s: 234.76287627220154
  time_total_s: 234.76287627220154
  timestamp: 1616649518
  timesteps_since_restore: 0
  training_iteration: 1
  trial_id: 02313e9a
  
[2m[36m(pid=839736)[0m {'eval_loss': 0.5757635235786438, 'eval_accuracy': 0.7143730886850153, 'eval_precision': 0.7778884462151394, 'eval_recall': 0.7619512195121951, 'eval_f1': 0.7698373583045836, 'eval_runtime': 9.5372, 'eval_samples_per_second': 171.434, 'epoch': 1.0}
== Status ==
Memory usage on this node: 181.4/377.3 GiB
Using FIFO scheduling algorithm.
Resources requested: 1/48 CPUs, 1/1 GPUs, 0.0/160.6 GiB heap, 0.0/50.24 GiB objects (0/1.0 accelerator_type:RTX)
Result logdir: /home/as11919/ray_results/_inner_2021-03-25_01-14-43
Number of trials: 2/10 (1 PENDING, 1 RUNNING)
+-----------------+----------+---------------------+-----------------+-------------+
| Trial name      | status   | loc                 |   learning_rate |   objective |
|-----------------+----------+---------------------+-----------------+-------------|
| _inner_02313e9a | RUNNING  | 10.32.35.117:839736 |     2.49816e-05 |     3.02405 |
| _inner_02341e6c | PENDING  |                     |     4.80286e-05 |             |
+-----------------+----------+---------------------+-----------------+-------------+


[2m[36m(pid=839736)[0m {'loss': 0.5354, 'learning_rate': 1.438720070220048e-05, 'epoch': 1.27}
[2m[36m(pid=839736)[0m {'loss': 0.4876, 'learning_rate': 1.085573268496914e-05, 'epoch': 1.7}
Result for _inner_02313e9a:
  date: 2021-03-25_01-22-24
  done: false
  epoch: 2.0
  eval_accuracy: 0.7590214067278287
  eval_f1: 0.7987742594484167
  eval_loss: 0.5534573793411255
  eval_precision: 0.8381564844587353
  eval_recall: 0.7629268292682927
  eval_runtime: 9.5484
  eval_samples_per_second: 171.232
  experiment_id: d61487208ecc48eba12373b23b673f4f
  hostname: gr058.nyu.cluster
  iterations_since_restore: 2
  node_ip: 10.32.35.117
  objective: 3.1588789799032733
  pid: 839736
  time_since_restore: 461.2684438228607
  time_this_iter_s: 226.50556755065918
  time_total_s: 461.2684438228607
  timestamp: 1616649744
  timesteps_since_restore: 0
  training_iteration: 2
  trial_id: 02313e9a
  
== Status ==
Memory usage on this node: 181.8/377.3 GiB
Using FIFO scheduling algorithm.
Resources requested: 1/48 CPUs, 1/1 GPUs, 0.0/160.6 GiB heap, 0.0/50.24 GiB objects (0/1.0 accelerator_type:RTX)
Result logdir: /home/as11919/ray_results/_inner_2021-03-25_01-14-43
Number of trials: 2/10 (1 PENDING, 1 RUNNING)
+-----------------+----------+---------------------+-----------------+-------------+
| Trial name      | status   | loc                 |   learning_rate |   objective |
|-----------------+----------+---------------------+-----------------+-------------|
| _inner_02313e9a | RUNNING  | 10.32.35.117:839736 |     2.49816e-05 |     3.15888 |
| _inner_02341e6c | PENDING  |                     |     4.80286e-05 |             |
+-----------------+----------+---------------------+-----------------+-------------+


[2m[36m(pid=839736)[0m {'eval_loss': 0.5534573793411255, 'eval_accuracy': 0.7590214067278287, 'eval_precision': 0.8381564844587353, 'eval_recall': 0.7629268292682927, 'eval_f1': 0.7987742594484167, 'eval_runtime': 9.5484, 'eval_samples_per_second': 171.232, 'epoch': 2.0}
[2m[36m(pid=839736)[0m {'loss': 0.4375, 'learning_rate': 7.3242646677378e-06, 'epoch': 2.12}
[2m[36m(pid=839736)[0m {'loss': 0.3556, 'learning_rate': 3.7927966505064595e-06, 'epoch': 2.54}
[2m[36m(pid=839736)[0m {'loss': 0.3629, 'learning_rate': 2.613286332751192e-07, 'epoch': 2.97}
Result for _inner_02313e9a:
  date: 2021-03-25_01-26-15
  done: false
  epoch: 3.0
  eval_accuracy: 0.7804281345565749
  eval_f1: 0.8220128904313336
  eval_loss: 0.6625834107398987
  eval_precision: 0.8356854838709677
  eval_recall: 0.8087804878048781
  eval_runtime: 9.5367
  eval_samples_per_second: 171.444
  experiment_id: d61487208ecc48eba12373b23b673f4f
  hostname: gr058.nyu.cluster
  iterations_since_restore: 3
  node_ip: 10.32.35.117
  objective: 3.2469069966637543
  pid: 839736
  time_since_restore: 691.6431727409363
  time_this_iter_s: 230.37472891807556
  time_total_s: 691.6431727409363
  timestamp: 1616649975
  timesteps_since_restore: 0
  training_iteration: 3
  trial_id: 02313e9a
  
== Status ==
Memory usage on this node: 181.8/377.3 GiB
Using FIFO scheduling algorithm.
Resources requested: 1/48 CPUs, 1/1 GPUs, 0.0/160.6 GiB heap, 0.0/50.24 GiB objects (0/1.0 accelerator_type:RTX)
Result logdir: /home/as11919/ray_results/_inner_2021-03-25_01-14-43
Number of trials: 2/10 (1 PENDING, 1 RUNNING)
+-----------------+----------+---------------------+-----------------+-------------+
| Trial name      | status   | loc                 |   learning_rate |   objective |
|-----------------+----------+---------------------+-----------------+-------------|
| _inner_02313e9a | RUNNING  | 10.32.35.117:839736 |     2.49816e-05 |     3.24691 |
| _inner_02341e6c | PENDING  |                     |     4.80286e-05 |             |
+-----------------+----------+---------------------+-----------------+-------------+


[2m[36m(pid=839736)[0m {'eval_loss': 0.6625834107398987, 'eval_accuracy': 0.7804281345565749, 'eval_precision': 0.8356854838709677, 'eval_recall': 0.8087804878048781, 'eval_f1': 0.8220128904313336, 'eval_runtime': 9.5367, 'eval_samples_per_second': 171.444, 'epoch': 3.0}
[2m[36m(pid=839736)[0m {'train_runtime': 683.3788, 'train_samples_per_second': 5.176, 'epoch': 3.0}
Result for _inner_02313e9a:
  date: 2021-03-25_01-26-15
  done: true
  epoch: 3.0
  eval_accuracy: 0.7804281345565749
  eval_f1: 0.8220128904313336
  eval_loss: 0.6625834107398987
  eval_precision: 0.8356854838709677
  eval_recall: 0.8087804878048781
  eval_runtime: 9.5367
  eval_samples_per_second: 171.444
  experiment_id: d61487208ecc48eba12373b23b673f4f
  experiment_tag: 1_learning_rate=2.4982e-05
  hostname: gr058.nyu.cluster
  iterations_since_restore: 3
  node_ip: 10.32.35.117
  objective: 3.2469069966637543
  pid: 839736
  time_since_restore: 691.6431727409363
  time_this_iter_s: 230.37472891807556
  time_total_s: 691.6431727409363
  timestamp: 1616649975
  timesteps_since_restore: 0
  training_iteration: 3
  trial_id: 02313e9a
  
[2m[36m(pid=839736)[0m 
[2m[36m(pid=839699)[0m 
[2m[36m(pid=839699)[0m {'loss': 0.6732, 'learning_rate': 4.1239121838472324e-05, 'epoch': 0.42}
[2m[36m(pid=839699)[0m {'loss': 0.6641, 'learning_rate': 3.4449671420548007e-05, 'epoch': 0.85}
Result for _inner_02341e6c:
  date: 2021-03-25_01-30-09
  done: false
  epoch: 1.0
  eval_accuracy: 0.6269113149847095
  eval_f1: 0.7706766917293233
  eval_loss: 0.6703407764434814
  eval_precision: 0.6269113149847095
  eval_recall: 1.0
  eval_runtime: 9.5087
  eval_samples_per_second: 171.949
  experiment_id: 55495f3137b140a6bd8b1ac7738c644e
  hostname: gr058.nyu.cluster
  iterations_since_restore: 1
  node_ip: 10.32.35.117
  objective: 3.024499321698743
  pid: 839699
  time_since_restore: 233.83111023902893
  time_this_iter_s: 233.83111023902893
  time_total_s: 233.83111023902893
  timestamp: 1616650209
  timesteps_since_restore: 0
  training_iteration: 1
  trial_id: 02341e6c
  
== Status ==
Memory usage on this node: 181.8/377.3 GiB
Using FIFO scheduling algorithm.
Resources requested: 1/48 CPUs, 1/1 GPUs, 0.0/160.6 GiB heap, 0.0/50.24 GiB objects (0/1.0 accelerator_type:RTX)
Result logdir: /home/as11919/ray_results/_inner_2021-03-25_01-14-43
Number of trials: 3/10 (1 PENDING, 1 RUNNING, 1 TERMINATED)
+-----------------+------------+---------------------+-----------------+-------------+
| Trial name      | status     | loc                 |   learning_rate |   objective |
|-----------------+------------+---------------------+-----------------+-------------|
| _inner_02341e6c | RUNNING    | 10.32.35.117:839699 |     4.80286e-05 |     3.0245  |
| _inner_9eb9e176 | PENDING    |                     |     3.92798e-05 |             |
| _inner_02313e9a | TERMINATED |                     |     2.49816e-05 |     3.24691 |
+-----------------+------------+---------------------+-----------------+-------------+


[2m[36m(pid=839699)[0m {'eval_loss': 0.6703407764434814, 'eval_accuracy': 0.6269113149847095, 'eval_precision': 0.6269113149847095, 'eval_recall': 1.0, 'eval_f1': 0.7706766917293233, 'eval_runtime': 9.5087, 'eval_samples_per_second': 171.949, 'epoch': 1.0}
[2m[36m(pid=839699)[0m {'loss': 0.6669, 'learning_rate': 2.7660221002623685e-05, 'epoch': 1.27}
[2m[36m(pid=839699)[0m {'loss': 0.6669, 'learning_rate': 2.0870770584699364e-05, 'epoch': 1.7}
Result for _inner_02341e6c:
  date: 2021-03-25_01-33-55
  done: false
  epoch: 2.0
  eval_accuracy: 0.6269113149847095
  eval_f1: 0.7706766917293233
  eval_loss: 0.6611050367355347
  eval_precision: 0.6269113149847095
  eval_recall: 1.0
  eval_runtime: 9.5171
  eval_samples_per_second: 171.796
  experiment_id: 55495f3137b140a6bd8b1ac7738c644e
  hostname: gr058.nyu.cluster
  iterations_since_restore: 2
  node_ip: 10.32.35.117
  objective: 3.024499321698743
  pid: 839699
  time_since_restore: 459.7480914592743
  time_this_iter_s: 225.91698122024536
  time_total_s: 459.7480914592743
  timestamp: 1616650435
  timesteps_since_restore: 0
  training_iteration: 2
  trial_id: 02341e6c
  
== Status ==
Memory usage on this node: 181.7/377.3 GiB
Using FIFO scheduling algorithm.
Resources requested: 1/48 CPUs, 1/1 GPUs, 0.0/160.6 GiB heap, 0.0/50.24 GiB objects (0/1.0 accelerator_type:RTX)
Result logdir: /home/as11919/ray_results/_inner_2021-03-25_01-14-43
Number of trials: 3/10 (1 PENDING, 1 RUNNING, 1 TERMINATED)
+-----------------+------------+---------------------+-----------------+-------------+
| Trial name      | status     | loc                 |   learning_rate |   objective |
|-----------------+------------+---------------------+-----------------+-------------|
| _inner_02341e6c | RUNNING    | 10.32.35.117:839699 |     4.80286e-05 |     3.0245  |
| _inner_9eb9e176 | PENDING    |                     |     3.92798e-05 |             |
| _inner_02313e9a | TERMINATED |                     |     2.49816e-05 |     3.24691 |
+-----------------+------------+---------------------+-----------------+-------------+


[2m[36m(pid=839699)[0m {'eval_loss': 0.6611050367355347, 'eval_accuracy': 0.6269113149847095, 'eval_precision': 0.6269113149847095, 'eval_recall': 1.0, 'eval_f1': 0.7706766917293233, 'eval_runtime': 9.5171, 'eval_samples_per_second': 171.796, 'epoch': 2.0}
[2m[36m(pid=839699)[0m {'loss': 0.6677, 'learning_rate': 1.4081320166775043e-05, 'epoch': 2.12}
[2m[36m(pid=839699)[0m {'loss': 0.6584, 'learning_rate': 7.291869748850721e-06, 'epoch': 2.54}
[2m[36m(pid=839699)[0m {'loss': 0.6717, 'learning_rate': 5.024193309263998e-07, 'epoch': 2.97}
Result for _inner_02341e6c:
  date: 2021-03-25_01-37-43
  done: false
  epoch: 3.0
  eval_accuracy: 0.6269113149847095
  eval_f1: 0.7706766917293233
  eval_loss: 0.6609285473823547
  eval_precision: 0.6269113149847095
  eval_recall: 1.0
  eval_runtime: 9.5123
  eval_samples_per_second: 171.883
  experiment_id: 55495f3137b140a6bd8b1ac7738c644e
  hostname: gr058.nyu.cluster
  iterations_since_restore: 3
  node_ip: 10.32.35.117
  objective: 3.024499321698743
  pid: 839699
  time_since_restore: 687.6613833904266
  time_this_iter_s: 227.91329193115234
  time_total_s: 687.6613833904266
  timestamp: 1616650663
  timesteps_since_restore: 0
  training_iteration: 3
  trial_id: 02341e6c
  
[2m[36m(pid=839699)[0m {'eval_loss': 0.6609285473823547, 'eval_accuracy': 0.6269113149847095, 'eval_precision': 0.6269113149847095, 'eval_recall': 1.0, 'eval_f1': 0.7706766917293233, 'eval_runtime': 9.5123, 'eval_samples_per_second': 171.883, 'epoch': 3.0}
[2m[36m(pid=839699)[0m {'train_runtime': 679.1535, 'train_samples_per_second': 5.208, 'epoch': 3.0}
== Status ==
Memory usage on this node: 181.6/377.3 GiB
Using FIFO scheduling algorithm.
Resources requested: 1/48 CPUs, 1/1 GPUs, 0.0/160.6 GiB heap, 0.0/50.24 GiB objects (0/1.0 accelerator_type:RTX)
Result logdir: /home/as11919/ray_results/_inner_2021-03-25_01-14-43
Number of trials: 3/10 (1 PENDING, 1 RUNNING, 1 TERMINATED)
+-----------------+------------+---------------------+-----------------+-------------+
| Trial name      | status     | loc                 |   learning_rate |   objective |
|-----------------+------------+---------------------+-----------------+-------------|
| _inner_02341e6c | RUNNING    | 10.32.35.117:839699 |     4.80286e-05 |     3.0245  |
| _inner_9eb9e176 | PENDING    |                     |     3.92798e-05 |             |
| _inner_02313e9a | TERMINATED |                     |     2.49816e-05 |     3.24691 |
+-----------------+------------+---------------------+-----------------+-------------+


Result for _inner_02341e6c:
  date: 2021-03-25_01-37-43
  done: true
  epoch: 3.0
  eval_accuracy: 0.6269113149847095
  eval_f1: 0.7706766917293233
  eval_loss: 0.6609285473823547
  eval_precision: 0.6269113149847095
  eval_recall: 1.0
  eval_runtime: 9.5123
  eval_samples_per_second: 171.883
  experiment_id: 55495f3137b140a6bd8b1ac7738c644e
  experiment_tag: 2_learning_rate=4.8029e-05
  hostname: gr058.nyu.cluster
  iterations_since_restore: 3
  node_ip: 10.32.35.117
  objective: 3.024499321698743
  pid: 839699
  time_since_restore: 687.6613833904266
  time_this_iter_s: 227.91329193115234
  time_total_s: 687.6613833904266
  timestamp: 1616650663
  timesteps_since_restore: 0
  training_iteration: 3
  trial_id: 02341e6c
  
[2m[36m(pid=839699)[0m 
[2m[36m(pid=839734)[0m 
[2m[36m(pid=839734)[0m {'loss': 0.672, 'learning_rate': 3.372706362772109e-05, 'epoch': 0.42}
[2m[36m(pid=839734)[0m {'loss': 0.6638, 'learning_rate': 2.817436958298598e-05, 'epoch': 0.85}
Result for _inner_9eb9e176:
  date: 2021-03-25_01-41-38
  done: false
  epoch: 1.0
  eval_accuracy: 0.6269113149847095
  eval_f1: 0.7706766917293233
  eval_loss: 0.6709308624267578
  eval_precision: 0.6269113149847095
  eval_recall: 1.0
  eval_runtime: 9.5455
  eval_samples_per_second: 171.285
  experiment_id: c5da647c3ba748c58b1543e05bbe32a5
  hostname: gr058.nyu.cluster
  iterations_since_restore: 1
  node_ip: 10.32.35.117
  objective: 3.024499321698743
  pid: 839734
  time_since_restore: 234.4137246608734
  time_this_iter_s: 234.4137246608734
  time_total_s: 234.4137246608734
  timestamp: 1616650898
  timesteps_since_restore: 0
  training_iteration: 1
  trial_id: 9eb9e176
  
== Status ==
Memory usage on this node: 181.8/377.3 GiB
Using FIFO scheduling algorithm.
Resources requested: 1/48 CPUs, 1/1 GPUs, 0.0/160.6 GiB heap, 0.0/50.24 GiB objects (0/1.0 accelerator_type:RTX)
Result logdir: /home/as11919/ray_results/_inner_2021-03-25_01-14-43
Number of trials: 4/10 (1 PENDING, 1 RUNNING, 2 TERMINATED)
+-----------------+------------+---------------------+-----------------+-------------+
| Trial name      | status     | loc                 |   learning_rate |   objective |
|-----------------+------------+---------------------+-----------------+-------------|
| _inner_9eb9e176 | RUNNING    | 10.32.35.117:839734 |     3.92798e-05 |     3.0245  |
| _inner_38eea35c | PENDING    |                     |     3.39463e-05 |             |
| _inner_02313e9a | TERMINATED |                     |     2.49816e-05 |     3.24691 |
| _inner_02341e6c | TERMINATED |                     |     4.80286e-05 |     3.0245  |
+-----------------+------------+---------------------+-----------------+-------------+


[2m[36m(pid=839734)[0m {'eval_loss': 0.6709308624267578, 'eval_accuracy': 0.6269113149847095, 'eval_precision': 0.6269113149847095, 'eval_recall': 1.0, 'eval_f1': 0.7706766917293233, 'eval_runtime': 9.5455, 'eval_samples_per_second': 171.285, 'epoch': 1.0}
[2m[36m(pid=839734)[0m {'loss': 0.6665, 'learning_rate': 2.2621675538250863e-05, 'epoch': 1.27}
[2m[36m(pid=839734)[0m {'loss': 0.6661, 'learning_rate': 1.7068981493515747e-05, 'epoch': 1.7}
Result for _inner_9eb9e176:
  date: 2021-03-25_01-45-24
  done: false
  epoch: 2.0
  eval_accuracy: 0.6269113149847095
  eval_f1: 0.7706766917293233
  eval_loss: 0.660876452922821
  eval_precision: 0.6269113149847095
  eval_recall: 1.0
  eval_runtime: 9.5448
  eval_samples_per_second: 171.297
  experiment_id: c5da647c3ba748c58b1543e05bbe32a5
  hostname: gr058.nyu.cluster
  iterations_since_restore: 2
  node_ip: 10.32.35.117
  objective: 3.024499321698743
  pid: 839734
  time_since_restore: 460.21418476104736
  time_this_iter_s: 225.80046010017395
  time_total_s: 460.21418476104736
  timestamp: 1616651124
  timesteps_since_restore: 0
  training_iteration: 2
  trial_id: 9eb9e176
  
== Status ==
Memory usage on this node: 181.7/377.3 GiB
Using FIFO scheduling algorithm.
Resources requested: 1/48 CPUs, 1/1 GPUs, 0.0/160.6 GiB heap, 0.0/50.24 GiB objects (0/1.0 accelerator_type:RTX)
Result logdir: /home/as11919/ray_results/_inner_2021-03-25_01-14-43
Number of trials: 4/10 (1 PENDING, 1 RUNNING, 2 TERMINATED)
+-----------------+------------+---------------------+-----------------+-------------+
| Trial name      | status     | loc                 |   learning_rate |   objective |
|-----------------+------------+---------------------+-----------------+-------------|
| _inner_9eb9e176 | RUNNING    | 10.32.35.117:839734 |     3.92798e-05 |     3.0245  |
| _inner_38eea35c | PENDING    |                     |     3.39463e-05 |             |
| _inner_02313e9a | TERMINATED |                     |     2.49816e-05 |     3.24691 |
| _inner_02341e6c | TERMINATED |                     |     4.80286e-05 |     3.0245  |
+-----------------+------------+---------------------+-----------------+-------------+


[2m[36m(pid=839734)[0m {'eval_loss': 0.660876452922821, 'eval_accuracy': 0.6269113149847095, 'eval_precision': 0.6269113149847095, 'eval_recall': 1.0, 'eval_f1': 0.7706766917293233, 'eval_runtime': 9.5448, 'eval_samples_per_second': 171.297, 'epoch': 2.0}
[2m[36m(pid=839734)[0m {'loss': 0.6676, 'learning_rate': 1.151628744878063e-05, 'epoch': 2.12}
[2m[36m(pid=839734)[0m {'loss': 0.6581, 'learning_rate': 5.963593404045515e-06, 'epoch': 2.54}
[2m[36m(pid=839734)[0m {'loss': 0.6714, 'learning_rate': 4.1089935931039857e-07, 'epoch': 2.97}
Result for _inner_9eb9e176:
  date: 2021-03-25_01-49-12
  done: false
  epoch: 3.0
  eval_accuracy: 0.6269113149847095
  eval_f1: 0.7706766917293233
  eval_loss: 0.6608307361602783
  eval_precision: 0.6269113149847095
  eval_recall: 1.0
  eval_runtime: 9.5304
  eval_samples_per_second: 171.556
  experiment_id: c5da647c3ba748c58b1543e05bbe32a5
  hostname: gr058.nyu.cluster
  iterations_since_restore: 3
  node_ip: 10.32.35.117
  objective: 3.024499321698743
  pid: 839734
  time_since_restore: 688.6060473918915
  time_this_iter_s: 228.39186263084412
  time_total_s: 688.6060473918915
  timestamp: 1616651352
  timesteps_since_restore: 0
  training_iteration: 3
  trial_id: 9eb9e176
  
== Status ==
Memory usage on this node: 181.8/377.3 GiB
Using FIFO scheduling algorithm.
Resources requested: 1/48 CPUs, 1/1 GPUs, 0.0/160.6 GiB heap, 0.0/50.24 GiB objects (0/1.0 accelerator_type:RTX)
Result logdir: /home/as11919/ray_results/_inner_2021-03-25_01-14-43
Number of trials: 4/10 (1 PENDING, 1 RUNNING, 2 TERMINATED)
+-----------------+------------+---------------------+-----------------+-------------+
| Trial name      | status     | loc                 |   learning_rate |   objective |
|-----------------+------------+---------------------+-----------------+-------------|
| _inner_9eb9e176 | RUNNING    | 10.32.35.117:839734 |     3.92798e-05 |     3.0245  |
| _inner_38eea35c | PENDING    |                     |     3.39463e-05 |             |
| _inner_02313e9a | TERMINATED |                     |     2.49816e-05 |     3.24691 |
| _inner_02341e6c | TERMINATED |                     |     4.80286e-05 |     3.0245  |
+-----------------+------------+---------------------+-----------------+-------------+


[2m[36m(pid=839734)[0m {'eval_loss': 0.6608307361602783, 'eval_accuracy': 0.6269113149847095, 'eval_precision': 0.6269113149847095, 'eval_recall': 1.0, 'eval_f1': 0.7706766917293233, 'eval_runtime': 9.5304, 'eval_samples_per_second': 171.556, 'epoch': 3.0}
[2m[36m(pid=839734)[0m {'train_runtime': 680.0324, 'train_samples_per_second': 5.201, 'epoch': 3.0}
Result for _inner_9eb9e176:
  date: 2021-03-25_01-49-12
  done: true
  epoch: 3.0
  eval_accuracy: 0.6269113149847095
  eval_f1: 0.7706766917293233
  eval_loss: 0.6608307361602783
  eval_precision: 0.6269113149847095
  eval_recall: 1.0
  eval_runtime: 9.5304
  eval_samples_per_second: 171.556
  experiment_id: c5da647c3ba748c58b1543e05bbe32a5
  experiment_tag: 3_learning_rate=3.928e-05
  hostname: gr058.nyu.cluster
  iterations_since_restore: 3
  node_ip: 10.32.35.117
  objective: 3.024499321698743
  pid: 839734
  time_since_restore: 688.6060473918915
  time_this_iter_s: 228.39186263084412
  time_total_s: 688.6060473918915
  timestamp: 1616651352
  timesteps_since_restore: 0
  training_iteration: 3
  trial_id: 9eb9e176
  
[2m[36m(pid=839734)[0m 
[2m[36m(pid=839734)[0m 
[2m[36m(pid=839691)[0m 
[2m[36m(pid=839691)[0m {'loss': 0.6727, 'learning_rate': 2.9147591931087368e-05, 'epoch': 0.42}
[2m[36m(pid=839691)[0m {'loss': 0.6624, 'learning_rate': 2.434884449429327e-05, 'epoch': 0.85}
Result for _inner_38eea35c:
  date: 2021-03-25_01-53-07
  done: false
  epoch: 1.0
  eval_accuracy: 0.6269113149847095
  eval_f1: 0.7706766917293233
  eval_loss: 0.6703610420227051
  eval_precision: 0.6269113149847095
  eval_recall: 1.0
  eval_runtime: 9.5485
  eval_samples_per_second: 171.231
  experiment_id: 48d44d35778d47cdac81fdd0f12c44c1
  hostname: gr058.nyu.cluster
  iterations_since_restore: 1
  node_ip: 10.32.35.117
  objective: 3.024499321698743
  pid: 839691
  time_since_restore: 234.89373326301575
  time_this_iter_s: 234.89373326301575
  time_total_s: 234.89373326301575
  timestamp: 1616651587
  timesteps_since_restore: 0
  training_iteration: 1
  trial_id: 38eea35c
  
[2m[36m(pid=839691)[0m {'eval_loss': 0.6703610420227051, 'eval_accuracy': 0.6269113149847095, 'eval_precision': 0.6269113149847095, 'eval_recall': 1.0, 'eval_f1': 0.7706766917293233, 'eval_runtime': 9.5485, 'eval_samples_per_second': 171.231, 'epoch': 1.0}
== Status ==
Memory usage on this node: 181.7/377.3 GiB
Using FIFO scheduling algorithm.
Resources requested: 1/48 CPUs, 1/1 GPUs, 0.0/160.6 GiB heap, 0.0/50.24 GiB objects (0/1.0 accelerator_type:RTX)
Result logdir: /home/as11919/ray_results/_inner_2021-03-25_01-14-43
Number of trials: 4/10 (1 RUNNING, 3 TERMINATED)
+-----------------+------------+---------------------+-----------------+-------------+
| Trial name      | status     | loc                 |   learning_rate |   objective |
|-----------------+------------+---------------------+-----------------+-------------|
| _inner_38eea35c | RUNNING    | 10.32.35.117:839691 |     3.39463e-05 |     3.0245  |
| _inner_02313e9a | TERMINATED |                     |     2.49816e-05 |     3.24691 |
| _inner_02341e6c | TERMINATED |                     |     4.80286e-05 |     3.0245  |
| _inner_9eb9e176 | TERMINATED |                     |     3.92798e-05 |     3.0245  |
+-----------------+------------+---------------------+-----------------+-------------+


[2m[36m(pid=839691)[0m {'loss': 0.6672, 'learning_rate': 1.9550097057499168e-05, 'epoch': 1.27}
[2m[36m(pid=839691)[0m {'loss': 0.6652, 'learning_rate': 1.4751349620705066e-05, 'epoch': 1.7}
Result for _inner_38eea35c:
  date: 2021-03-25_01-56-53
  done: false
  epoch: 2.0
  eval_accuracy: 0.6269113149847095
  eval_f1: 0.7706766917293233
  eval_loss: 0.6608865857124329
  eval_precision: 0.6269113149847095
  eval_recall: 1.0
  eval_runtime: 9.5268
  eval_samples_per_second: 171.621
  experiment_id: 48d44d35778d47cdac81fdd0f12c44c1
  hostname: gr058.nyu.cluster
  iterations_since_restore: 2
  node_ip: 10.32.35.117
  objective: 3.024499321698743
  pid: 839691
  time_since_restore: 460.86247086524963
  time_this_iter_s: 225.9687376022339
  time_total_s: 460.86247086524963
  timestamp: 1616651813
  timesteps_since_restore: 0
  training_iteration: 2
  trial_id: 38eea35c
  
== Status ==
Memory usage on this node: 181.6/377.3 GiB
Using FIFO scheduling algorithm.
Resources requested: 1/48 CPUs, 1/1 GPUs, 0.0/160.6 GiB heap, 0.0/50.24 GiB objects (0/1.0 accelerator_type:RTX)
Result logdir: /home/as11919/ray_results/_inner_2021-03-25_01-14-43
Number of trials: 4/10 (1 RUNNING, 3 TERMINATED)
+-----------------+------------+---------------------+-----------------+-------------+
| Trial name      | status     | loc                 |   learning_rate |   objective |
|-----------------+------------+---------------------+-----------------+-------------|
| _inner_38eea35c | RUNNING    | 10.32.35.117:839691 |     3.39463e-05 |     3.0245  |
| _inner_02313e9a | TERMINATED |                     |     2.49816e-05 |     3.24691 |
| _inner_02341e6c | TERMINATED |                     |     4.80286e-05 |     3.0245  |
| _inner_9eb9e176 | TERMINATED |                     |     3.92798e-05 |     3.0245  |
+-----------------+------------+---------------------+-----------------+-------------+


[2m[36m(pid=839691)[0m {'eval_loss': 0.6608865857124329, 'eval_accuracy': 0.6269113149847095, 'eval_precision': 0.6269113149847095, 'eval_recall': 1.0, 'eval_f1': 0.7706766917293233, 'eval_runtime': 9.5268, 'eval_samples_per_second': 171.621, 'epoch': 2.0}
[2m[36m(pid=839691)[0m {'loss': 0.6677, 'learning_rate': 9.952602183910965e-06, 'epoch': 2.12}
[2m[36m(pid=839691)[0m {'loss': 0.6563, 'learning_rate': 5.1538547471168645e-06, 'epoch': 2.54}
[2m[36m(pid=839691)[0m {'loss': 0.6516, 'learning_rate': 3.551073103227635e-07, 'epoch': 2.97}
Result for _inner_38eea35c:
  date: 2021-03-25_02-00-43
  done: false
  epoch: 3.0
  eval_accuracy: 0.6299694189602446
  eval_f1: 0.7166276346604215
  eval_loss: 0.6370611190795898
  eval_precision: 0.6891891891891891
  eval_recall: 0.7463414634146341
  eval_runtime: 9.5279
  eval_samples_per_second: 171.601
  experiment_id: 48d44d35778d47cdac81fdd0f12c44c1
  hostname: gr058.nyu.cluster
  iterations_since_restore: 3
  node_ip: 10.32.35.117
  objective: 2.782127706224489
  pid: 839691
  time_since_restore: 690.356987953186
  time_this_iter_s: 229.4945170879364
  time_total_s: 690.356987953186
  timestamp: 1616652043
  timesteps_since_restore: 0
  training_iteration: 3
  trial_id: 38eea35c
  
[2m[36m(pid=839691)[0m {'eval_loss': 0.6370611190795898, 'eval_accuracy': 0.6299694189602446, 'eval_precision': 0.6891891891891891, 'eval_recall': 0.7463414634146341, 'eval_f1': 0.7166276346604215, 'eval_runtime': 9.5279, 'eval_samples_per_second': 171.601, 'epoch': 3.0}
[2m[36m(pid=839691)[0m 
== Status ==
Memory usage on this node: 181.3/377.3 GiB
Using FIFO scheduling algorithm.
Resources requested: 1/48 CPUs, 1/1 GPUs, 0.0/160.6 GiB heap, 0.0/50.24 GiB objects (0/1.0 accelerator_type:RTX)
Result logdir: /home/as11919/ray_results/_inner_2021-03-25_01-14-43
Number of trials: 5/10 (1 PENDING, 1 RUNNING, 3 TERMINATED)
+-----------------+------------+---------------------+-----------------+-------------+
| Trial name      | status     | loc                 |   learning_rate |   objective |
|-----------------+------------+---------------------+-----------------+-------------|
| _inner_38eea35c | RUNNING    | 10.32.35.117:839691 |     3.39463e-05 |     2.78213 |
| _inner_e66ab956 | PENDING    |                     |     1.23233e-05 |             |
| _inner_02313e9a | TERMINATED |                     |     2.49816e-05 |     3.24691 |
| _inner_02341e6c | TERMINATED |                     |     4.80286e-05 |     3.0245  |
| _inner_9eb9e176 | TERMINATED |                     |     3.92798e-05 |     3.0245  |
+-----------------+------------+---------------------+-----------------+-------------+


[2m[36m(pid=839691)[0m {'train_runtime': 681.9702, 'train_samples_per_second': 5.186, 'epoch': 3.0}
Result for _inner_38eea35c:
  date: 2021-03-25_02-00-43
  done: true
  epoch: 3.0
  eval_accuracy: 0.6299694189602446
  eval_f1: 0.7166276346604215
  eval_loss: 0.6370611190795898
  eval_precision: 0.6891891891891891
  eval_recall: 0.7463414634146341
  eval_runtime: 9.5279
  eval_samples_per_second: 171.601
  experiment_id: 48d44d35778d47cdac81fdd0f12c44c1
  experiment_tag: 4_learning_rate=3.3946e-05
  hostname: gr058.nyu.cluster
  iterations_since_restore: 3
  node_ip: 10.32.35.117
  objective: 2.782127706224489
  pid: 839691
  time_since_restore: 690.356987953186
  time_this_iter_s: 229.4945170879364
  time_total_s: 690.356987953186
  timestamp: 1616652043
  timesteps_since_restore: 0
  training_iteration: 3
  trial_id: 38eea35c
  
[2m[36m(pid=839691)[0m 
[2m[36m(pid=839708)[0m 
[2m[36m(pid=839708)[0m {'loss': 0.66, 'learning_rate': 1.0581282783769543e-05, 'epoch': 0.42}
[2m[36m(pid=839708)[0m {'loss': 0.5996, 'learning_rate': 8.839221080811106e-06, 'epoch': 0.85}
Result for _inner_e66ab956:
  date: 2021-03-25_02-04-39
  done: false
  epoch: 1.0
  eval_accuracy: 0.7400611620795107
  eval_f1: 0.8031496062992125
  eval_loss: 0.5356841683387756
  eval_precision: 0.7645502645502645
  eval_recall: 0.8458536585365853
  eval_runtime: 9.562
  eval_samples_per_second: 170.99
  experiment_id: 2371dff99e894984965056dc1d171de6
  hostname: gr058.nyu.cluster
  iterations_since_restore: 1
  node_ip: 10.32.35.117
  objective: 3.153614691465573
  pid: 839708
  time_since_restore: 235.68571209907532
  time_this_iter_s: 235.68571209907532
  time_total_s: 235.68571209907532
  timestamp: 1616652279
  timesteps_since_restore: 0
  training_iteration: 1
  trial_id: e66ab956
  
[2m[36m(pid=839708)[0m {'eval_loss': 0.5356841683387756, 'eval_accuracy': 0.7400611620795107, 'eval_precision': 0.7645502645502645, 'eval_recall': 0.8458536585365853, 'eval_f1': 0.8031496062992125, 'eval_runtime': 9.562, 'eval_samples_per_second': 170.99, 'epoch': 1.0}
== Status ==
Memory usage on this node: 181.6/377.3 GiB
Using FIFO scheduling algorithm.
Resources requested: 1/48 CPUs, 1/1 GPUs, 0.0/160.6 GiB heap, 0.0/50.24 GiB objects (0/1.0 accelerator_type:RTX)
Result logdir: /home/as11919/ray_results/_inner_2021-03-25_01-14-43
Number of trials: 5/10 (1 RUNNING, 4 TERMINATED)
+-----------------+------------+---------------------+-----------------+-------------+
| Trial name      | status     | loc                 |   learning_rate |   objective |
|-----------------+------------+---------------------+-----------------+-------------|
| _inner_e66ab956 | RUNNING    | 10.32.35.117:839708 |     1.23233e-05 |     3.15361 |
| _inner_02313e9a | TERMINATED |                     |     2.49816e-05 |     3.24691 |
| _inner_02341e6c | TERMINATED |                     |     4.80286e-05 |     3.0245  |
| _inner_9eb9e176 | TERMINATED |                     |     3.92798e-05 |     3.0245  |
| _inner_38eea35c | TERMINATED |                     |     3.39463e-05 |     2.78213 |
+-----------------+------------+---------------------+-----------------+-------------+


[2m[36m(pid=839708)[0m {'loss': 0.5133, 'learning_rate': 7.09715937785267e-06, 'epoch': 1.27}
[2m[36m(pid=839708)[0m {'loss': 0.4931, 'learning_rate': 5.3550976748942334e-06, 'epoch': 1.7}
Result for _inner_e66ab956:
  date: 2021-03-25_02-08-26
  done: false
  epoch: 2.0
  eval_accuracy: 0.7700305810397553
  eval_f1: 0.8099089989888777
  eval_loss: 0.5230241417884827
  eval_precision: 0.8405036726128017
  eval_recall: 0.7814634146341464
  eval_runtime: 9.5637
  eval_samples_per_second: 170.959
  experiment_id: 2371dff99e894984965056dc1d171de6
  hostname: gr058.nyu.cluster
  iterations_since_restore: 2
  node_ip: 10.32.35.117
  objective: 3.2019066672755807
  pid: 839708
  time_since_restore: 462.69153666496277
  time_this_iter_s: 227.00582456588745
  time_total_s: 462.69153666496277
  timestamp: 1616652506
  timesteps_since_restore: 0
  training_iteration: 2
  trial_id: e66ab956
  
== Status ==
Memory usage on this node: 181.7/377.3 GiB
Using FIFO scheduling algorithm.
Resources requested: 1/48 CPUs, 1/1 GPUs, 0.0/160.6 GiB heap, 0.0/50.24 GiB objects (0/1.0 accelerator_type:RTX)
Result logdir: /home/as11919/ray_results/_inner_2021-03-25_01-14-43
Number of trials: 5/10 (1 RUNNING, 4 TERMINATED)
+-----------------+------------+---------------------+-----------------+-------------+
| Trial name      | status     | loc                 |   learning_rate |   objective |
|-----------------+------------+---------------------+-----------------+-------------|
| _inner_e66ab956 | RUNNING    | 10.32.35.117:839708 |     1.23233e-05 |     3.20191 |
| _inner_02313e9a | TERMINATED |                     |     2.49816e-05 |     3.24691 |
| _inner_02341e6c | TERMINATED |                     |     4.80286e-05 |     3.0245  |
| _inner_9eb9e176 | TERMINATED |                     |     3.92798e-05 |     3.0245  |
| _inner_38eea35c | TERMINATED |                     |     3.39463e-05 |     2.78213 |
+-----------------+------------+---------------------+-----------------+-------------+


[2m[36m(pid=839708)[0m {'eval_loss': 0.5230241417884827, 'eval_accuracy': 0.7700305810397553, 'eval_precision': 0.8405036726128017, 'eval_recall': 0.7814634146341464, 'eval_f1': 0.8099089989888777, 'eval_runtime': 9.5637, 'eval_samples_per_second': 170.959, 'epoch': 2.0}
[2m[36m(pid=839708)[0m {'loss': 0.4343, 'learning_rate': 3.613035971935797e-06, 'epoch': 2.12}
[2m[36m(pid=839708)[0m {'loss': 0.3856, 'learning_rate': 1.8709742689773606e-06, 'epoch': 2.54}
[2m[36m(pid=839708)[0m {'loss': 0.3628, 'learning_rate': 1.289125660189243e-07, 'epoch': 2.97}
Result for _inner_e66ab956:
  date: 2021-03-25_02-08-26
  done: false
  epoch: 2.0
  eval_accuracy: 0.7700305810397553
  eval_f1: 0.8099089989888777
  eval_loss: 0.5230241417884827
  eval_precision: 0.8405036726128017
  eval_recall: 0.7814634146341464
  eval_runtime: 9.5637
  eval_samples_per_second: 170.959
  experiment_id: 2371dff99e894984965056dc1d171de6
  experiment_tag: 5_learning_rate=1.2323e-05
  hostname: gr058.nyu.cluster
  iterations_since_restore: 2
  node_ip: 10.32.35.117
  objective: 3.2019066672755807
  pid: 839708
  time_since_restore: 462.69153666496277
  time_this_iter_s: 227.00582456588745
  time_total_s: 462.69153666496277
  timestamp: 1616652506
  timesteps_since_restore: 0
  training_iteration: 2
  trial_id: e66ab956
  
== Status ==
Memory usage on this node: 178.9/377.3 GiB
Using FIFO scheduling algorithm.
Resources requested: 0/48 CPUs, 0/1 GPUs, 0.0/160.6 GiB heap, 0.0/50.24 GiB objects (0/1.0 accelerator_type:RTX)
Result logdir: /home/as11919/ray_results/_inner_2021-03-25_01-14-43
Number of trials: 5/10 (1 ERROR, 4 TERMINATED)
+-----------------+------------+-------+-----------------+-------------+
| Trial name      | status     | loc   |   learning_rate |   objective |
|-----------------+------------+-------+-----------------+-------------|
| _inner_02313e9a | TERMINATED |       |     2.49816e-05 |     3.24691 |
| _inner_02341e6c | TERMINATED |       |     4.80286e-05 |     3.0245  |
| _inner_9eb9e176 | TERMINATED |       |     3.92798e-05 |     3.0245  |
| _inner_38eea35c | TERMINATED |       |     3.39463e-05 |     2.78213 |
| _inner_e66ab956 | ERROR      |       |     1.23233e-05 |     3.20191 |
+-----------------+------------+-------+-----------------+-------------+
Number of errored trials: 1
+-----------------+--------------+-------------------------------------------------------------------------------------------------------------------------------+
| Trial name      |   # failures | error file                                                                                                                    |
|-----------------+--------------+-------------------------------------------------------------------------------------------------------------------------------|
| _inner_e66ab956 |            1 | /home/as11919/ray_results/_inner_2021-03-25_01-14-43/_inner_e66ab956_5_learning_rate=1.2323e-05_2021-03-25_02-00-43/error.txt |
+-----------------+--------------+-------------------------------------------------------------------------------------------------------------------------------+

== Status ==
Memory usage on this node: 178.7/377.3 GiB
Using FIFO scheduling algorithm.
Resources requested: 0/48 CPUs, 0/1 GPUs, 0.0/160.6 GiB heap, 0.0/50.24 GiB objects (0/1.0 accelerator_type:RTX)
Result logdir: /home/as11919/ray_results/_inner_2021-03-25_01-14-43
Number of trials: 5/10 (1 ERROR, 4 TERMINATED)
+-----------------+------------+-------+-----------------+-------------+
| Trial name      | status     | loc   |   learning_rate |   objective |
|-----------------+------------+-------+-----------------+-------------|
| _inner_02313e9a | TERMINATED |       |     2.49816e-05 |     3.24691 |
| _inner_02341e6c | TERMINATED |       |     4.80286e-05 |     3.0245  |
| _inner_9eb9e176 | TERMINATED |       |     3.92798e-05 |     3.0245  |
| _inner_38eea35c | TERMINATED |       |     3.39463e-05 |     2.78213 |
| _inner_e66ab956 | ERROR      |       |     1.23233e-05 |     3.20191 |
+-----------------+------------+-------+-----------------+-------------+
Number of errored trials: 1
+-----------------+--------------+-------------------------------------------------------------------------------------------------------------------------------+
| Trial name      |   # failures | error file                                                                                                                    |
|-----------------+--------------+-------------------------------------------------------------------------------------------------------------------------------|
| _inner_e66ab956 |            1 | /home/as11919/ray_results/_inner_2021-03-25_01-14-43/_inner_e66ab956_5_learning_rate=1.2323e-05_2021-03-25_02-00-43/error.txt |
+-----------------+--------------+-------------------------------------------------------------------------------------------------------------------------------+

== Status ==
Memory usage on this node: 178.7/377.3 GiB
Using FIFO scheduling algorithm.
Resources requested: 0/48 CPUs, 0/1 GPUs, 0.0/160.6 GiB heap, 0.0/50.24 GiB objects (0/1.0 accelerator_type:RTX)
Result logdir: /home/as11919/ray_results/_inner_2021-03-25_01-14-43
Number of trials: 5/10 (1 ERROR, 4 TERMINATED)
+-----------------+------------+-------+-----------------+-------------+
| Trial name      | status     | loc   |   learning_rate |   objective |
|-----------------+------------+-------+-----------------+-------------|
| _inner_02313e9a | TERMINATED |       |     2.49816e-05 |     3.24691 |
| _inner_02341e6c | TERMINATED |       |     4.80286e-05 |     3.0245  |
| _inner_9eb9e176 | TERMINATED |       |     3.92798e-05 |     3.0245  |
| _inner_38eea35c | TERMINATED |       |     3.39463e-05 |     2.78213 |
| _inner_e66ab956 | ERROR      |       |     1.23233e-05 |     3.20191 |
+-----------------+------------+-------+-----------------+-------------+
Number of errored trials: 1
+-----------------+--------------+-------------------------------------------------------------------------------------------------------------------------------+
| Trial name      |   # failures | error file                                                                                                                    |
|-----------------+--------------+-------------------------------------------------------------------------------------------------------------------------------|
| _inner_e66ab956 |            1 | /home/as11919/ray_results/_inner_2021-03-25_01-14-43/_inner_e66ab956_5_learning_rate=1.2323e-05_2021-03-25_02-00-43/error.txt |
+-----------------+--------------+-------------------------------------------------------------------------------------------------------------------------------+

Done!
